{"meta": {"format": 3, "version": "7.13.5", "timestamp": "2026-05-06T08:07:50.121506", "branch_coverage": false, "show_contexts": false}, "files": {"src\\acas_pro\\__init__.py": {"executed_lines": [], "summary": {"covered_lines": 0, "num_statements": 0, "percent_covered": 100.0, "percent_covered_display": "100", "missing_lines": 0, "excluded_lines": 0, "percent_statements_covered": 100.0, "percent_statements_covered_display": "100"}, "missing_lines": [], "excluded_lines": [], "functions": {"": {"executed_lines": [], "summary": {"covered_lines": 0, "num_statements": 0, "percent_covered": 100.0, "percent_covered_display": "100", "missing_lines": 0, "excluded_lines": 0, "percent_statements_covered": 100.0, "percent_statements_covered_display": "100"}, "missing_lines": [], "excluded_lines": [], "start_line": 1}}, "classes": {"": {"executed_lines": [], "summary": {"covered_lines": 0, "num_statements": 0, "percent_covered": 100.0, "percent_covered_display": "100", "missing_lines": 0, "excluded_lines": 0, "percent_statements_covered": 100.0, "percent_statements_covered_display": "100"}, "missing_lines": [], "excluded_lines": [], "start_line": 1}}}, "src\\acas_pro\\ads\\__init__.py": {"executed_lines": [6, 7, 8, 10], "summary": {"covered_lines": 4, "num_statements": 4, "percent_covered": 100.0, "percent_covered_display": "100", "missing_lines": 0, "excluded_lines": 0, "percent_statements_covered": 100.0, "percent_statements_covered_display": "100"}, "missing_lines": [], "excluded_lines": [], "functions": {"": {"executed_lines": [6, 7, 8, 10], "summary": {"covered_lines": 4, "num_statements": 4, "percent_covered": 100.0, "percent_covered_display": "100", "missing_lines": 0, "excluded_lines": 0, "percent_statements_covered": 100.0, "percent_statements_covered_display": "100"}, "missing_lines": [], "excluded_lines": [], "start_line": 1}}, "classes": {"": {"executed_lines": [6, 7, 8, 10], "summary": {"covered_lines": 4, "num_statements": 4, "percent_covered": 100.0, "percent_covered_display": "100", "missing_lines": 0, "excluded_lines": 0, "percent_statements_covered": 100.0, "percent_statements_covered_display": "100"}, "missing_lines": [], "excluded_lines": [], "start_line": 1}}}, "src\\acas_pro\\ads\\ad_manager.py": {"executed_lines": [6, 7, 8, 9, 10, 11, 12, 14, 15, 16, 19, 21, 22, 23, 24, 25, 28, 30, 31, 32, 33, 34, 35, 36, 39, 41, 42, 45, 46, 56, 57, 58, 59, 60, 62, 63, 65, 66, 67, 70, 71, 94, 95, 96, 97, 99, 100, 102, 103, 104, 105, 108, 109, 110, 116, 117, 134, 135, 138, 140, 141, 142, 143, 145, 146, 148, 149, 150, 156, 157, 158, 165, 166, 175, 176, 179, 180, 181, 184, 185, 187, 188, 190, 191, 192, 195, 196, 197, 201, 204, 205, 206, 207, 209, 211, 213, 233, 257, 276, 280, 282, 284, 303, 304, 305, 307, 309, 310, 311, 315, 317, 341, 343, 345, 347, 348, 349, 355, 357, 380, 382, 396, 398, 399, 400, 401, 402, 403, 410, 412, 413, 414, 415, 417, 436, 437, 438, 440, 442, 443, 444, 448, 450, 475, 477, 523, 539, 541, 542, 543, 544, 545, 552, 579, 581, 582, 583, 591, 592, 607, 613], "summary": {"covered_lines": 161, "num_statements": 266, "percent_covered": 60.526315789473685, "percent_covered_display": "61", "missing_lines": 105, "excluded_lines": 0, "percent_statements_covered": 60.526315789473685, "percent_statements_covered_display": "61"}, "missing_lines": [106, 111, 112, 113, 151, 152, 153, 154, 159, 160, 161, 162, 193, 198, 285, 287, 288, 289, 299, 301, 302, 319, 320, 322, 338, 339, 350, 358, 359, 361, 377, 378, 384, 385, 386, 390, 391, 392, 393, 394, 404, 405, 406, 432, 434, 435, 451, 452, 472, 473, 480, 482, 483, 484, 485, 487, 488, 489, 490, 491, 492, 494, 496, 497, 498, 518, 519, 521, 525, 526, 527, 533, 534, 535, 536, 537, 546, 547, 548, 556, 558, 559, 560, 561, 562, 564, 565, 572, 574, 575, 576, 577, 593, 604, 605, 615, 617, 618, 619, 629, 630, 631, 639, 640, 642], "excluded_lines": [], "functions": {"AdCreative.to_dict": {"executed_lines": [63], "summary": {"covered_lines": 1, "num_statements": 1, "percent_covered": 100.0, "percent_covered_display": "100", "missing_lines": 0, "excluded_lines": 0, "percent_statements_covered": 100.0, "percent_statements_covered_display": "100"}, "missing_lines": [], "excluded_lines": [], "start_line": 62}, "AdCreative.from_dict": {"executed_lines": [67], "summary": {"covered_lines": 1, "num_statements": 1, "percent_covered": 100.0, "percent_covered_display": "100", "missing_lines": 0, "excluded_lines": 0, "percent_statements_covered": 100.0, "percent_statements_covered_display": "100"}, "missing_lines": [], "excluded_lines": [], "start_line": 66}, "AdSet.to_dict": {"executed_lines": [103, 104, 105], "summary": {"covered_lines": 3, "num_statements": 4, "percent_covered": 75.0, "percent_covered_display": "75", "missing_lines": 1, "excluded_lines": 0, "percent_statements_covered": 75.0, "percent_statements_covered_display": "75"}, "missing_lines": [106], "excluded_lines": [], "start_line": 102}, "AdSet.from_dict": {"executed_lines": [110], "summary": {"covered_lines": 1, "num_statements": 4, "percent_covered": 25.0, "percent_covered_display": "25", "missing_lines": 3, "excluded_lines": 0, "percent_statements_covered": 25.0, "percent_statements_covered_display": "25"}, "missing_lines": [111, 112, 113], "excluded_lines": [], "start_line": 109}, "AdCampaign.to_dict": {"executed_lines": [149, 150], "summary": {"covered_lines": 2, "num_statements": 6, "percent_covered": 33.333333333333336, "percent_covered_display": "33", "missing_lines": 4, "excluded_lines": 0, "percent_statements_covered": 33.333333333333336, "percent_statements_covered_display": "33"}, "missing_lines": [151, 152, 153, 154], "excluded_lines": [], "start_line": 148}, "AdCampaign.from_dict": {"executed_lines": [158], "summary": {"covered_lines": 1, "num_statements": 5, "percent_covered": 20.0, "percent_covered_display": "20", "missing_lines": 4, "excluded_lines": 0, "percent_statements_covered": 20.0, "percent_statements_covered_display": "20"}, "missing_lines": [159, 160, 161, 162], "excluded_lines": [], "start_line": 157}, "AdAccount.to_dict": {"executed_lines": [191, 192], "summary": {"covered_lines": 2, "num_statements": 3, "percent_covered": 66.66666666666667, "percent_covered_display": "67", "missing_lines": 1, "excluded_lines": 0, "percent_statements_covered": 66.66666666666667, "percent_statements_covered_display": "67"}, "missing_lines": [193], "excluded_lines": [], "start_line": 190}, "AdAccount.from_dict": {"executed_lines": [197], "summary": {"covered_lines": 1, "num_statements": 2, "percent_covered": 50.0, "percent_covered_display": "50", "missing_lines": 1, "excluded_lines": 0, "percent_statements_covered": 50.0, "percent_statements_covered_display": "50"}, "missing_lines": [198], "excluded_lines": [], "start_line": 196}, "AdManager.__init__": {"executed_lines": [205, 206, 207], "summary": {"covered_lines": 3, "num_statements": 3, "percent_covered": 100.0, "percent_covered_display": "100", "missing_lines": 0, "excluded_lines": 0, "percent_statements_covered": 100.0, "percent_statements_covered_display": "100"}, "missing_lines": [], "excluded_lines": [], "start_line": 204}, "AdManager._init_database": {"executed_lines": [211, 213, 233, 257, 276], "summary": {"covered_lines": 5, "num_statements": 5, "percent_covered": 100.0, "percent_covered_display": "100", "missing_lines": 0, "excluded_lines": 0, "percent_statements_covered": 100.0, "percent_statements_covered_display": "100"}, "missing_lines": [], "excluded_lines": [], "start_line": 209}, "AdManager.add_account": {"executed_lines": [282, 284, 303, 304, 305], "summary": {"covered_lines": 5, "num_statements": 12, "percent_covered": 41.666666666666664, "percent_covered_display": "42", "missing_lines": 7, "excluded_lines": 0, "percent_statements_covered": 41.666666666666664, "percent_statements_covered_display": "42"}, "missing_lines": [285, 287, 288, 289, 299, 301, 302], "excluded_lines": [], "start_line": 280}, "AdManager.get_account": {"executed_lines": [309, 310, 311, 315, 317, 341], "summary": {"covered_lines": 6, "num_statements": 11, "percent_covered": 54.54545454545455, "percent_covered_display": "55", "missing_lines": 5, "excluded_lines": 0, "percent_statements_covered": 54.54545454545455, "percent_statements_covered_display": "55"}, "missing_lines": [319, 320, 322, 338, 339], "excluded_lines": [], "start_line": 307}, "AdManager.get_all_accounts": {"executed_lines": [345, 347, 348, 349, 355, 357, 380], "summary": {"covered_lines": 7, "num_statements": 13, "percent_covered": 53.84615384615385, "percent_covered_display": "54", "missing_lines": 6, "excluded_lines": 0, "percent_statements_covered": 53.84615384615385, "percent_statements_covered_display": "54"}, "missing_lines": [350, 358, 359, 361, 377, 378], "excluded_lines": [], "start_line": 343}, "AdManager.update_account_balance": {"executed_lines": [], "summary": {"covered_lines": 0, "num_statements": 8, "percent_covered": 0.0, "percent_covered_display": "0", "missing_lines": 8, "excluded_lines": 0, "percent_statements_covered": 0.0, "percent_statements_covered_display": "0"}, "missing_lines": [384, 385, 386, 390, 391, 392, 393, 394], "excluded_lines": [], "start_line": 382}, "AdManager.delete_account": {"executed_lines": [398, 399, 400, 401, 402, 403], "summary": {"covered_lines": 6, "num_statements": 9, "percent_covered": 66.66666666666667, "percent_covered_display": "67", "missing_lines": 3, "excluded_lines": 0, "percent_statements_covered": 66.66666666666667, "percent_statements_covered_display": "67"}, "missing_lines": [404, 405, 406], "excluded_lines": [], "start_line": 396}, "AdManager.create_campaign": {"executed_lines": [412, 413, 414, 415, 417, 436, 437, 438], "summary": {"covered_lines": 8, "num_statements": 11, "percent_covered": 72.72727272727273, "percent_covered_display": "73", "missing_lines": 3, "excluded_lines": 0, "percent_statements_covered": 72.72727272727273, "percent_statements_covered_display": "73"}, "missing_lines": [432, 434, 435], "excluded_lines": [], "start_line": 410}, "AdManager.get_campaign": {"executed_lines": [442, 443, 444, 448, 450, 475], "summary": {"covered_lines": 6, "num_statements": 10, "percent_covered": 60.0, "percent_covered_display": "60", "missing_lines": 4, "excluded_lines": 0, "percent_statements_covered": 60.0, "percent_statements_covered_display": "60"}, "missing_lines": [451, 452, 472, 473], "excluded_lines": [], "start_line": 440}, "AdManager.get_campaigns": {"executed_lines": [], "summary": {"covered_lines": 0, "num_statements": 18, "percent_covered": 0.0, "percent_covered_display": "0", "missing_lines": 18, "excluded_lines": 0, "percent_statements_covered": 0.0, "percent_statements_covered_display": "0"}, "missing_lines": [480, 482, 483, 484, 485, 487, 488, 489, 490, 491, 492, 494, 496, 497, 498, 518, 519, 521], "excluded_lines": [], "start_line": 477}, "AdManager.update_campaign_status": {"executed_lines": [], "summary": {"covered_lines": 0, "num_statements": 8, "percent_covered": 0.0, "percent_covered_display": "0", "missing_lines": 8, "excluded_lines": 0, "percent_statements_covered": 0.0, "percent_statements_covered_display": "0"}, "missing_lines": [525, 526, 527, 533, 534, 535, 536, 537], "excluded_lines": [], "start_line": 523}, "AdManager.delete_campaign": {"executed_lines": [541, 542, 543, 544, 545], "summary": {"covered_lines": 5, "num_statements": 8, "percent_covered": 62.5, "percent_covered_display": "62", "missing_lines": 3, "excluded_lines": 0, "percent_statements_covered": 62.5, "percent_statements_covered_display": "62"}, "missing_lines": [546, 547, 548], "excluded_lines": [], "start_line": 539}, "AdManager.record_daily_stats": {"executed_lines": [], "summary": {"covered_lines": 0, "num_statements": 13, "percent_covered": 0.0, "percent_covered_display": "0", "missing_lines": 13, "excluded_lines": 0, "percent_statements_covered": 0.0, "percent_statements_covered_display": "0"}, "missing_lines": [556, 558, 559, 560, 561, 562, 564, 565, 572, 574, 575, 576, 577], "excluded_lines": [], "start_line": 552}, "AdManager.get_campaign_stats": {"executed_lines": [581, 582, 583, 591, 592, 607], "summary": {"covered_lines": 6, "num_statements": 9, "percent_covered": 66.66666666666667, "percent_covered_display": "67", "missing_lines": 3, "excluded_lines": 0, "percent_statements_covered": 66.66666666666667, "percent_statements_covered_display": "67"}, "missing_lines": [593, 604, 605], "excluded_lines": [], "start_line": 579}, "AdManager.get_platform_comparison": {"executed_lines": [], "summary": {"covered_lines": 0, "num_statements": 10, "percent_covered": 0.0, "percent_covered_display": "0", "missing_lines": 10, "excluded_lines": 0, "percent_statements_covered": 0.0, "percent_statements_covered_display": "0"}, "missing_lines": [615, 617, 618, 619, 629, 630, 631, 639, 640, 642], "excluded_lines": [], "start_line": 613}, "": {"executed_lines": [6, 7, 8, 9, 10, 11, 12, 14, 15, 16, 19, 21, 22, 23, 24, 25, 28, 30, 31, 32, 33, 34, 35, 36, 39, 41, 42, 45, 46, 56, 57, 58, 59, 60, 62, 65, 66, 70, 71, 94, 95, 96, 97, 99, 100, 102, 108, 109, 116, 117, 134, 135, 138, 140, 141, 142, 143, 145, 146, 148, 156, 157, 165, 166, 175, 176, 179, 180, 181, 184, 185, 187, 188, 190, 195, 196, 201, 204, 209, 280, 307, 343, 382, 396, 410, 440, 477, 523, 539, 552, 579, 613], "summary": {"covered_lines": 92, "num_statements": 92, "percent_covered": 100.0, "percent_covered_display": "100", "missing_lines": 0, "excluded_lines": 0, "percent_statements_covered": 100.0, "percent_statements_covered_display": "100"}, "missing_lines": [], "excluded_lines": [], "start_line": 1}}, "classes": {"AdPlatform": {"executed_lines": [], "summary": {"covered_lines": 0, "num_statements": 0, "percent_covered": 100.0, "percent_covered_display": "100", "missing_lines": 0, "excluded_lines": 0, "percent_statements_covered": 100.0, "percent_statements_covered_display": "100"}, "missing_lines": [], "excluded_lines": [], "start_line": 19}, "CampaignStatus": {"executed_lines": [], "summary": {"covered_lines": 0, "num_statements": 0, "percent_covered": 100.0, "percent_covered_display": "100", "missing_lines": 0, "excluded_lines": 0, "percent_statements_covered": 100.0, "percent_statements_covered_display": "100"}, "missing_lines": [], "excluded_lines": [], "start_line": 28}, "BudgetType": {"executed_lines": [], "summary": {"covered_lines": 0, "num_statements": 0, "percent_covered": 100.0, "percent_covered_display": "100", "missing_lines": 0, "excluded_lines": 0, "percent_statements_covered": 100.0, "percent_statements_covered_display": "100"}, "missing_lines": [], "excluded_lines": [], "start_line": 39}, "AdCreative": {"executed_lines": [63, 67], "summary": {"covered_lines": 2, "num_statements": 2, "percent_covered": 100.0, "percent_covered_display": "100", "missing_lines": 0, "excluded_lines": 0, "percent_statements_covered": 100.0, "percent_statements_covered_display": "100"}, "missing_lines": [], "excluded_lines": [], "start_line": 46}, "AdSet": {"executed_lines": [103, 104, 105, 110], "summary": {"covered_lines": 4, "num_statements": 8, "percent_covered": 50.0, "percent_covered_display": "50", "missing_lines": 4, "excluded_lines": 0, "percent_statements_covered": 50.0, "percent_statements_covered_display": "50"}, "missing_lines": [106, 111, 112, 113], "excluded_lines": [], "start_line": 71}, "AdCampaign": {"executed_lines": [149, 150, 158], "summary": {"covered_lines": 3, "num_statements": 11, "percent_covered": 27.272727272727273, "percent_covered_display": "27", "missing_lines": 8, "excluded_lines": 0, "percent_statements_covered": 27.272727272727273, "percent_statements_covered_display": "27"}, "missing_lines": [151, 152, 153, 154, 159, 160, 161, 162], "excluded_lines": [], "start_line": 117}, "AdAccount": {"executed_lines": [191, 192, 197], "summary": {"covered_lines": 3, "num_statements": 5, "percent_covered": 60.0, "percent_covered_display": "60", "missing_lines": 2, "excluded_lines": 0, "percent_statements_covered": 60.0, "percent_statements_covered_display": "60"}, "missing_lines": [193, 198], "excluded_lines": [], "start_line": 166}, "AdManager": {"executed_lines": [205, 206, 207, 211, 213, 233, 257, 276, 282, 284, 303, 304, 305, 309, 310, 311, 315, 317, 341, 345, 347, 348, 349, 355, 357, 380, 398, 399, 400, 401, 402, 403, 412, 413, 414, 415, 417, 436, 437, 438, 442, 443, 444, 448, 450, 475, 541, 542, 543, 544, 545, 581, 582, 583, 591, 592, 607], "summary": {"covered_lines": 57, "num_statements": 148, "percent_covered": 38.513513513513516, "percent_covered_display": "39", "missing_lines": 91, "excluded_lines": 0, "percent_statements_covered": 38.513513513513516, "percent_statements_covered_display": "39"}, "missing_lines": [285, 287, 288, 289, 299, 301, 302, 319, 320, 322, 338, 339, 350, 358, 359, 361, 377, 378, 384, 385, 386, 390, 391, 392, 393, 394, 404, 405, 406, 432, 434, 435, 451, 452, 472, 473, 480, 482, 483, 484, 485, 487, 488, 489, 490, 491, 492, 494, 496, 497, 498, 518, 519, 521, 525, 526, 527, 533, 534, 535, 536, 537, 546, 547, 548, 556, 558, 559, 560, 561, 562, 564, 565, 572, 574, 575, 576, 577, 593, 604, 605, 615, 617, 618, 619, 629, 630, 631, 639, 640, 642], "excluded_lines": [], "start_line": 201}, "": {"executed_lines": [6, 7, 8, 9, 10, 11, 12, 14, 15, 16, 19, 21, 22, 23, 24, 25, 28, 30, 31, 32, 33, 34, 35, 36, 39, 41, 42, 45, 46, 56, 57, 58, 59, 60, 62, 65, 66, 70, 71, 94, 95, 96, 97, 99, 100, 102, 108, 109, 116, 117, 134, 135, 138, 140, 141, 142, 143, 145, 146, 148, 156, 157, 165, 166, 175, 176, 179, 180, 181, 184, 185, 187, 188, 190, 195, 196, 201, 204, 209, 280, 307, 343, 382, 396, 410, 440, 477, 523, 539, 552, 579, 613], "summary": {"covered_lines": 92, "num_statements": 92, "percent_covered": 100.0, "percent_covered_display": "100", "missing_lines": 0, "excluded_lines": 0, "percent_statements_covered": 100.0, "percent_statements_covered_display": "100"}, "missing_lines": [], "excluded_lines": [], "start_line": 1}}}, "src\\acas_pro\\ads\\audience_targeting.py": {"executed_lines": [6, 7, 8, 9, 10, 11, 13, 14, 17, 19, 20, 21, 22, 23, 26, 28, 29, 30, 33, 34, 36, 37, 39, 40, 43, 44, 46, 47, 48, 49, 51, 52, 53, 54, 55, 56, 57, 60, 61, 63, 64, 65, 66, 67, 69, 70, 71, 72, 73, 74, 75, 76, 77, 78, 79, 82, 83, 90, 91, 92, 93, 96, 97, 98, 101, 102, 105, 106, 109, 111, 112, 114, 115, 116, 117, 118, 119, 120, 121, 122, 123, 124, 125, 126, 128, 129, 130, 134, 135, 136, 144, 148, 162, 169, 170, 171, 172, 174, 176, 177, 198, 200, 202, 203, 204, 205, 229, 230, 231, 233, 235, 236, 237, 241, 243, 266, 268, 312, 345, 347, 348, 349, 350, 351, 356, 363, 366, 369, 370, 377, 380, 381, 386, 387, 392, 398, 400, 412, 422, 423, 424, 425, 448, 450, 452, 454, 456, 465, 498], "summary": {"covered_lines": 149, "num_statements": 212, "percent_covered": 70.28301886792453, "percent_covered_display": "70", "missing_lines": 63, "excluded_lines": 0, "percent_statements_covered": 70.28301886792453, "percent_statements_covered_display": "70"}, "missing_lines": [131, 132, 137, 138, 139, 140, 141, 225, 227, 228, 244, 263, 264, 271, 273, 274, 275, 276, 278, 279, 280, 281, 282, 283, 285, 287, 288, 307, 308, 310, 314, 315, 318, 319, 321, 322, 323, 324, 326, 327, 329, 330, 331, 333, 334, 338, 340, 341, 342, 343, 352, 353, 354, 371, 372, 374, 383, 389, 428, 442, 443, 444, 446], "excluded_lines": [], "functions": {"AgeRange.to_dict": {"executed_lines": [40], "summary": {"covered_lines": 1, "num_statements": 1, "percent_covered": 100.0, "percent_covered_display": "100", "missing_lines": 0, "excluded_lines": 0, "percent_statements_covered": 100.0, "percent_statements_covered_display": "100"}, "missing_lines": [], "excluded_lines": [], "start_line": 39}, "GeoTargeting.__post_init__": {"executed_lines": [52, 53, 54, 55, 56, 57], "summary": {"covered_lines": 6, "num_statements": 6, "percent_covered": 100.0, "percent_covered_display": "100", "missing_lines": 0, "excluded_lines": 0, "percent_statements_covered": 100.0, "percent_statements_covered_display": "100"}, "missing_lines": [], "excluded_lines": [], "start_line": 51}, "DeviceTargeting.__post_init__": {"executed_lines": [70, 71, 72, 73, 74, 75, 76, 77, 78, 79], "summary": {"covered_lines": 10, "num_statements": 10, "percent_covered": 100.0, "percent_covered_display": "100", "missing_lines": 0, "excluded_lines": 0, "percent_statements_covered": 100.0, "percent_statements_covered_display": "100"}, "missing_lines": [], "excluded_lines": [], "start_line": 69}, "AudienceSegment.__post_init__": {"executed_lines": [115, 116, 117, 118, 119, 120, 121, 122, 123, 124, 125, 126], "summary": {"covered_lines": 12, "num_statements": 12, "percent_covered": 100.0, "percent_covered_display": "100", "missing_lines": 0, "excluded_lines": 0, "percent_statements_covered": 100.0, "percent_statements_covered_display": "100"}, "missing_lines": [], "excluded_lines": [], "start_line": 114}, "AudienceSegment.to_dict": {"executed_lines": [129, 130], "summary": {"covered_lines": 2, "num_statements": 4, "percent_covered": 50.0, "percent_covered_display": "50", "missing_lines": 2, "excluded_lines": 0, "percent_statements_covered": 50.0, "percent_statements_covered_display": "50"}, "missing_lines": [131, 132], "excluded_lines": [], "start_line": 128}, "AudienceSegment.from_dict": {"executed_lines": [136], "summary": {"covered_lines": 1, "num_statements": 6, "percent_covered": 16.666666666666668, "percent_covered_display": "17", "missing_lines": 5, "excluded_lines": 0, "percent_statements_covered": 16.666666666666668, "percent_statements_covered_display": "17"}, "missing_lines": [137, 138, 139, 140, 141], "excluded_lines": [], "start_line": 135}, "AudienceTargeting.__init__": {"executed_lines": [170, 171, 172], "summary": {"covered_lines": 3, "num_statements": 3, "percent_covered": 100.0, "percent_covered_display": "100", "missing_lines": 0, "excluded_lines": 0, "percent_statements_covered": 100.0, "percent_statements_covered_display": "100"}, "missing_lines": [], "excluded_lines": [], "start_line": 169}, "AudienceTargeting._init_database": {"executed_lines": [176, 177, 198], "summary": {"covered_lines": 3, "num_statements": 3, "percent_covered": 100.0, "percent_covered_display": "100", "missing_lines": 0, "excluded_lines": 0, "percent_statements_covered": 100.0, "percent_statements_covered_display": "100"}, "missing_lines": [], "excluded_lines": [], "start_line": 174}, "AudienceTargeting.create_segment": {"executed_lines": [202, 203, 204, 205, 229, 230, 231], "summary": {"covered_lines": 7, "num_statements": 10, "percent_covered": 70.0, "percent_covered_display": "70", "missing_lines": 3, "excluded_lines": 0, "percent_statements_covered": 70.0, "percent_statements_covered_display": "70"}, "missing_lines": [225, 227, 228], "excluded_lines": [], "start_line": 200}, "AudienceTargeting.get_segment": {"executed_lines": [235, 236, 237, 241, 243, 266], "summary": {"covered_lines": 6, "num_statements": 9, "percent_covered": 66.66666666666667, "percent_covered_display": "67", "missing_lines": 3, "excluded_lines": 0, "percent_statements_covered": 66.66666666666667, "percent_statements_covered_display": "67"}, "missing_lines": [244, 263, 264], "excluded_lines": [], "start_line": 233}, "AudienceTargeting.get_segments": {"executed_lines": [], "summary": {"covered_lines": 0, "num_statements": 17, "percent_covered": 0.0, "percent_covered_display": "0", "missing_lines": 17, "excluded_lines": 0, "percent_statements_covered": 0.0, "percent_statements_covered_display": "0"}, "missing_lines": [271, 273, 274, 275, 276, 278, 279, 280, 281, 282, 283, 285, 287, 288, 307, 308, 310], "excluded_lines": [], "start_line": 268}, "AudienceTargeting.update_segment": {"executed_lines": [], "summary": {"covered_lines": 0, "num_statements": 20, "percent_covered": 0.0, "percent_covered_display": "0", "missing_lines": 20, "excluded_lines": 0, "percent_statements_covered": 0.0, "percent_statements_covered_display": "0"}, "missing_lines": [314, 315, 318, 319, 321, 322, 323, 324, 326, 327, 329, 330, 331, 333, 334, 338, 340, 341, 342, 343], "excluded_lines": [], "start_line": 312}, "AudienceTargeting.delete_segment": {"executed_lines": [347, 348, 349, 350, 351], "summary": {"covered_lines": 5, "num_statements": 8, "percent_covered": 62.5, "percent_covered_display": "62", "missing_lines": 3, "excluded_lines": 0, "percent_statements_covered": 62.5, "percent_statements_covered_display": "62"}, "missing_lines": [352, 353, 354], "excluded_lines": [], "start_line": 345}, "AudienceTargeting.estimate_audience_size": {"executed_lines": [363, 366, 369, 370, 377, 380, 381, 386, 387, 392, 398, 400], "summary": {"covered_lines": 12, "num_statements": 17, "percent_covered": 70.58823529411765, "percent_covered_display": "71", "missing_lines": 5, "excluded_lines": 0, "percent_statements_covered": 70.58823529411765, "percent_statements_covered_display": "71"}, "missing_lines": [371, 372, 374, 383, 389], "excluded_lines": [], "start_line": 356}, "AudienceTargeting.create_lookalike": {"executed_lines": [422, 423, 424, 425], "summary": {"covered_lines": 4, "num_statements": 9, "percent_covered": 44.44444444444444, "percent_covered_display": "44", "missing_lines": 5, "excluded_lines": 0, "percent_statements_covered": 44.44444444444444, "percent_statements_covered_display": "44"}, "missing_lines": [428, 442, 443, 444, 446], "excluded_lines": [], "start_line": 412}, "AudienceTargeting.get_interest_categories": {"executed_lines": [450], "summary": {"covered_lines": 1, "num_statements": 1, "percent_covered": 100.0, "percent_covered_display": "100", "missing_lines": 0, "excluded_lines": 0, "percent_statements_covered": 100.0, "percent_statements_covered_display": "100"}, "missing_lines": [], "excluded_lines": [], "start_line": 448}, "AudienceTargeting.get_behavior_categories": {"executed_lines": [454], "summary": {"covered_lines": 1, "num_statements": 1, "percent_covered": 100.0, "percent_covered_display": "100", "missing_lines": 0, "excluded_lines": 0, "percent_statements_covered": 100.0, "percent_statements_covered_display": "100"}, "missing_lines": [], "excluded_lines": [], "start_line": 452}, "AudienceTargeting.get_recommended_targeting": {"executed_lines": [465, 498], "summary": {"covered_lines": 2, "num_statements": 2, "percent_covered": 100.0, "percent_covered_display": "100", "missing_lines": 0, "excluded_lines": 0, "percent_statements_covered": 100.0, "percent_statements_covered_display": "100"}, "missing_lines": [], "excluded_lines": [], "start_line": 456}, "": {"executed_lines": [6, 7, 8, 9, 10, 11, 13, 14, 17, 19, 20, 21, 22, 23, 26, 28, 29, 30, 33, 34, 36, 37, 39, 43, 44, 46, 47, 48, 49, 51, 60, 61, 63, 64, 65, 66, 67, 69, 82, 83, 90, 91, 92, 93, 96, 97, 98, 101, 102, 105, 106, 109, 111, 112, 114, 128, 134, 135, 144, 148, 162, 169, 174, 200, 233, 268, 312, 345, 356, 412, 448, 452, 456], "summary": {"covered_lines": 73, "num_statements": 73, "percent_covered": 100.0, "percent_covered_display": "100", "missing_lines": 0, "excluded_lines": 0, "percent_statements_covered": 100.0, "percent_statements_covered_display": "100"}, "missing_lines": [], "excluded_lines": [], "start_line": 1}}, "classes": {"AudienceType": {"executed_lines": [], "summary": {"covered_lines": 0, "num_statements": 0, "percent_covered": 100.0, "percent_covered_display": "100", "missing_lines": 0, "excluded_lines": 0, "percent_statements_covered": 100.0, "percent_statements_covered_display": "100"}, "missing_lines": [], "excluded_lines": [], "start_line": 17}, "Gender": {"executed_lines": [], "summary": {"covered_lines": 0, "num_statements": 0, "percent_covered": 100.0, "percent_covered_display": "100", "missing_lines": 0, "excluded_lines": 0, "percent_statements_covered": 100.0, "percent_statements_covered_display": "100"}, "missing_lines": [], "excluded_lines": [], "start_line": 26}, "AgeRange": {"executed_lines": [40], "summary": {"covered_lines": 1, "num_statements": 1, "percent_covered": 100.0, "percent_covered_display": "100", "missing_lines": 0, "excluded_lines": 0, "percent_statements_covered": 100.0, "percent_statements_covered_display": "100"}, "missing_lines": [], "excluded_lines": [], "start_line": 34}, "GeoTargeting": {"executed_lines": [52, 53, 54, 55, 56, 57], "summary": {"covered_lines": 6, "num_statements": 6, "percent_covered": 100.0, "percent_covered_display": "100", "missing_lines": 0, "excluded_lines": 0, "percent_statements_covered": 100.0, "percent_statements_covered_display": "100"}, "missing_lines": [], "excluded_lines": [], "start_line": 44}, "DeviceTargeting": {"executed_lines": [70, 71, 72, 73, 74, 75, 76, 77, 78, 79], "summary": {"covered_lines": 10, "num_statements": 10, "percent_covered": 100.0, "percent_covered_display": "100", "missing_lines": 0, "excluded_lines": 0, "percent_statements_covered": 100.0, "percent_statements_covered_display": "100"}, "missing_lines": [], "excluded_lines": [], "start_line": 61}, "AudienceSegment": {"executed_lines": [115, 116, 117, 118, 119, 120, 121, 122, 123, 124, 125, 126, 129, 130, 136], "summary": {"covered_lines": 15, "num_statements": 22, "percent_covered": 68.18181818181819, "percent_covered_display": "68", "missing_lines": 7, "excluded_lines": 0, "percent_statements_covered": 68.18181818181819, "percent_statements_covered_display": "68"}, "missing_lines": [131, 132, 137, 138, 139, 140, 141], "excluded_lines": [], "start_line": 83}, "AudienceTargeting": {"executed_lines": [170, 171, 172, 176, 177, 198, 202, 203, 204, 205, 229, 230, 231, 235, 236, 237, 241, 243, 266, 347, 348, 349, 350, 351, 363, 366, 369, 370, 377, 380, 381, 386, 387, 392, 398, 400, 422, 423, 424, 425, 450, 454, 465, 498], "summary": {"covered_lines": 44, "num_statements": 100, "percent_covered": 44.0, "percent_covered_display": "44", "missing_lines": 56, "excluded_lines": 0, "percent_statements_covered": 44.0, "percent_statements_covered_display": "44"}, "missing_lines": [225, 227, 228, 244, 263, 264, 271, 273, 274, 275, 276, 278, 279, 280, 281, 282, 283, 285, 287, 288, 307, 308, 310, 314, 315, 318, 319, 321, 322, 323, 324, 326, 327, 329, 330, 331, 333, 334, 338, 340, 341, 342, 343, 352, 353, 354, 371, 372, 374, 383, 389, 428, 442, 443, 444, 446], "excluded_lines": [], "start_line": 144}, "": {"executed_lines": [6, 7, 8, 9, 10, 11, 13, 14, 17, 19, 20, 21, 22, 23, 26, 28, 29, 30, 33, 34, 36, 37, 39, 43, 44, 46, 47, 48, 49, 51, 60, 61, 63, 64, 65, 66, 67, 69, 82, 83, 90, 91, 92, 93, 96, 97, 98, 101, 102, 105, 106, 109, 111, 112, 114, 128, 134, 135, 144, 148, 162, 169, 174, 200, 233, 268, 312, 345, 356, 412, 448, 452, 456], "summary": {"covered_lines": 73, "num_statements": 73, "percent_covered": 100.0, "percent_covered_display": "100", "missing_lines": 0, "excluded_lines": 0, "percent_statements_covered": 100.0, "percent_statements_covered_display": "100"}, "missing_lines": [], "excluded_lines": [], "start_line": 1}}}, "src\\acas_pro\\ads\\bidding_engine.py": {"executed_lines": [6, 7, 8, 9, 10, 12, 15, 17, 18, 19, 20, 21, 22, 25, 27, 28, 29, 30, 31, 34, 35, 40, 43, 44, 48, 49, 50, 51, 52, 54, 55, 56, 59, 63, 71, 78, 86, 87, 89, 105, 108, 150, 188, 198, 199, 243, 254, 272, 277, 279, 280, 286, 300, 302, 311, 316, 325, 327, 347], "summary": {"covered_lines": 59, "num_statements": 127, "percent_covered": 46.45669291338583, "percent_covered_display": "46", "missing_lines": 68, "excluded_lines": 0, "percent_statements_covered": 46.45669291338583, "percent_statements_covered_display": "46"}, "missing_lines": [109, 112, 113, 116, 117, 120, 121, 124, 125, 126, 129, 133, 134, 135, 138, 143, 144, 145, 146, 148, 154, 156, 157, 158, 159, 161, 162, 164, 166, 168, 169, 170, 171, 172, 173, 174, 176, 178, 179, 181, 182, 184, 186, 202, 203, 204, 208, 219, 220, 223, 225, 226, 227, 229, 230, 233, 235, 241, 281, 283, 284, 328, 331, 332, 333, 334, 335, 337], "excluded_lines": [], "functions": {"BiddingConfig.__post_init__": {"executed_lines": [55, 56], "summary": {"covered_lines": 2, "num_statements": 2, "percent_covered": 100.0, "percent_covered_display": "100", "missing_lines": 0, "excluded_lines": 0, "percent_statements_covered": 100.0, "percent_statements_covered_display": "100"}, "missing_lines": [], "excluded_lines": [], "start_line": 54}, "BiddingEngine.__init__": {"executed_lines": [87], "summary": {"covered_lines": 1, "num_statements": 1, "percent_covered": 100.0, "percent_covered_display": "100", "missing_lines": 0, "excluded_lines": 0, "percent_statements_covered": 100.0, "percent_statements_covered_display": "100"}, "missing_lines": [], "excluded_lines": [], "start_line": 86}, "BiddingEngine.calculate_bid": {"executed_lines": [105, 108], "summary": {"covered_lines": 2, "num_statements": 22, "percent_covered": 9.090909090909092, "percent_covered_display": "9", "missing_lines": 20, "excluded_lines": 0, "percent_statements_covered": 9.090909090909092, "percent_statements_covered_display": "9"}, "missing_lines": [109, 112, 113, 116, 117, 120, 121, 124, 125, 126, 129, 133, 134, 135, 138, 143, 144, 145, 146, 148], "excluded_lines": [], "start_line": 89}, "BiddingEngine._apply_strategy_adjustment": {"executed_lines": [], "summary": {"covered_lines": 0, "num_statements": 23, "percent_covered": 0.0, "percent_covered_display": "0", "missing_lines": 23, "excluded_lines": 0, "percent_statements_covered": 0.0, "percent_statements_covered_display": "0"}, "missing_lines": [154, 156, 157, 158, 159, 161, 162, 164, 166, 168, 169, 170, 171, 172, 173, 174, 176, 178, 179, 181, 182, 184, 186], "excluded_lines": [], "start_line": 150}, "BiddingEngine.optimize_bidding": {"executed_lines": [198, 199], "summary": {"covered_lines": 2, "num_statements": 17, "percent_covered": 11.764705882352942, "percent_covered_display": "12", "missing_lines": 15, "excluded_lines": 0, "percent_statements_covered": 11.764705882352942, "percent_statements_covered_display": "12"}, "missing_lines": [202, 203, 204, 208, 219, 220, 223, 225, 226, 227, 229, 230, 233, 235, 241], "excluded_lines": [], "start_line": 188}, "BiddingEngine.get_bid_suggestion": {"executed_lines": [254, 272, 277, 279, 280, 286], "summary": {"covered_lines": 6, "num_statements": 9, "percent_covered": 66.66666666666667, "percent_covered_display": "67", "missing_lines": 3, "excluded_lines": 0, "percent_statements_covered": 66.66666666666667, "percent_statements_covered_display": "67"}, "missing_lines": [281, 283, 284], "excluded_lines": [], "start_line": 243}, "BiddingEngine._get_strategy_recommendation": {"executed_lines": [302, 311], "summary": {"covered_lines": 2, "num_statements": 2, "percent_covered": 100.0, "percent_covered_display": "100", "missing_lines": 0, "excluded_lines": 0, "percent_statements_covered": 100.0, "percent_statements_covered_display": "100"}, "missing_lines": [], "excluded_lines": [], "start_line": 300}, "BiddingEngine.simulate_bidding": {"executed_lines": [325, 327, 347], "summary": {"covered_lines": 3, "num_statements": 10, "percent_covered": 30.0, "percent_covered_display": "30", "missing_lines": 7, "excluded_lines": 0, "percent_statements_covered": 30.0, "percent_statements_covered_display": "30"}, "missing_lines": [328, 331, 332, 333, 334, 335, 337], "excluded_lines": [], "start_line": 316}, "": {"executed_lines": [6, 7, 8, 9, 10, 12, 15, 17, 18, 19, 20, 21, 22, 25, 27, 28, 29, 30, 31, 34, 35, 40, 43, 44, 48, 49, 50, 51, 52, 54, 59, 63, 71, 78, 86, 89, 150, 188, 243, 300, 316], "summary": {"covered_lines": 41, "num_statements": 41, "percent_covered": 100.0, "percent_covered_display": "100", "missing_lines": 0, "excluded_lines": 0, "percent_statements_covered": 100.0, "percent_statements_covered_display": "100"}, "missing_lines": [], "excluded_lines": [], "start_line": 1}}, "classes": {"BiddingStrategy": {"executed_lines": [], "summary": {"covered_lines": 0, "num_statements": 0, "percent_covered": 100.0, "percent_covered_display": "100", "missing_lines": 0, "excluded_lines": 0, "percent_statements_covered": 100.0, "percent_statements_covered_display": "100"}, "missing_lines": [], "excluded_lines": [], "start_line": 15}, "BidAdjustmentRule": {"executed_lines": [], "summary": {"covered_lines": 0, "num_statements": 0, "percent_covered": 100.0, "percent_covered_display": "100", "missing_lines": 0, "excluded_lines": 0, "percent_statements_covered": 100.0, "percent_statements_covered_display": "100"}, "missing_lines": [], "excluded_lines": [], "start_line": 25}, "BidAdjustment": {"executed_lines": [], "summary": {"covered_lines": 0, "num_statements": 0, "percent_covered": 100.0, "percent_covered_display": "100", "missing_lines": 0, "excluded_lines": 0, "percent_statements_covered": 100.0, "percent_statements_covered_display": "100"}, "missing_lines": [], "excluded_lines": [], "start_line": 35}, "BiddingConfig": {"executed_lines": [55, 56], "summary": {"covered_lines": 2, "num_statements": 2, "percent_covered": 100.0, "percent_covered_display": "100", "missing_lines": 0, "excluded_lines": 0, "percent_statements_covered": 100.0, "percent_statements_covered_display": "100"}, "missing_lines": [], "excluded_lines": [], "start_line": 44}, "BiddingEngine": {"executed_lines": [87, 105, 108, 198, 199, 254, 272, 277, 279, 280, 286, 302, 311, 325, 327, 347], "summary": {"covered_lines": 16, "num_statements": 84, "percent_covered": 19.047619047619047, "percent_covered_display": "19", "missing_lines": 68, "excluded_lines": 0, "percent_statements_covered": 19.047619047619047, "percent_statements_covered_display": "19"}, "missing_lines": [109, 112, 113, 116, 117, 120, 121, 124, 125, 126, 129, 133, 134, 135, 138, 143, 144, 145, 146, 148, 154, 156, 157, 158, 159, 161, 162, 164, 166, 168, 169, 170, 171, 172, 173, 174, 176, 178, 179, 181, 182, 184, 186, 202, 203, 204, 208, 219, 220, 223, 225, 226, 227, 229, 230, 233, 235, 241, 281, 283, 284, 328, 331, 332, 333, 334, 335, 337], "excluded_lines": [], "start_line": 59}, "": {"executed_lines": [6, 7, 8, 9, 10, 12, 15, 17, 18, 19, 20, 21, 22, 25, 27, 28, 29, 30, 31, 34, 35, 40, 43, 44, 48, 49, 50, 51, 52, 54, 59, 63, 71, 78, 86, 89, 150, 188, 243, 300, 316], "summary": {"covered_lines": 41, "num_statements": 41, "percent_covered": 100.0, "percent_covered_display": "100", "missing_lines": 0, "excluded_lines": 0, "percent_statements_covered": 100.0, "percent_statements_covered_display": "100"}, "missing_lines": [], "excluded_lines": [], "start_line": 1}}}, "src\\acas_pro\\advanced_analytics\\__init__.py": {"executed_lines": [5, 6, 8], "summary": {"covered_lines": 3, "num_statements": 3, "percent_covered": 100.0, "percent_covered_display": "100", "missing_lines": 0, "excluded_lines": 0, "percent_statements_covered": 100.0, "percent_statements_covered_display": "100"}, "missing_lines": [], "excluded_lines": [], "functions": {"": {"executed_lines": [5, 6, 8], "summary": {"covered_lines": 3, "num_statements": 3, "percent_covered": 100.0, "percent_covered_display": "100", "missing_lines": 0, "excluded_lines": 0, "percent_statements_covered": 100.0, "percent_statements_covered_display": "100"}, "missing_lines": [], "excluded_lines": [], "start_line": 1}}, "classes": {"": {"executed_lines": [5, 6, 8], "summary": {"covered_lines": 3, "num_statements": 3, "percent_covered": 100.0, "percent_covered_display": "100", "missing_lines": 0, "excluded_lines": 0, "percent_statements_covered": 100.0, "percent_statements_covered_display": "100"}, "missing_lines": [], "excluded_lines": [], "start_line": 1}}}, "src\\acas_pro\\advanced_analytics\\attribution_engine.py": {"executed_lines": [6, 7, 8, 9, 10, 11, 14, 16, 17, 18, 19, 20, 21, 24, 26, 27, 28, 29, 30, 31, 32, 33, 34, 35, 38, 39, 47, 48, 49, 50, 51, 54, 55, 82, 85, 86, 112, 119, 120, 121, 122, 125, 132, 135, 137, 139, 162, 180, 183, 188, 193, 196, 199, 214, 216, 219, 220, 228, 231, 233, 239, 240, 241, 242, 243, 244, 245, 246, 247, 248, 250, 252, 256, 258, 274, 276, 280, 282, 298, 300, 304, 306, 324, 326, 330, 332, 370, 372, 376, 378, 407, 409, 423, 429, 431, 436, 484, 486, 488, 492, 494, 514, 515, 518, 520, 526, 529, 531, 540, 545, 552, 561, 567, 575, 577, 579, 580, 581, 583, 595, 597, 598, 599, 601, 608, 610, 611, 615, 617, 619, 620], "summary": {"covered_lines": 131, "num_statements": 250, "percent_covered": 52.4, "percent_covered_display": "52", "missing_lines": 119, "excluded_lines": 0, "percent_statements_covered": 52.4, "percent_statements_covered_display": "52"}, "missing_lines": [222, 223, 224, 225, 229, 259, 260, 263, 264, 266, 267, 269, 270, 271, 272, 283, 284, 287, 288, 290, 291, 293, 294, 295, 296, 307, 308, 311, 313, 314, 316, 317, 319, 320, 321, 322, 333, 334, 336, 338, 339, 340, 341, 342, 343, 344, 345, 348, 349, 351, 352, 354, 355, 357, 358, 360, 361, 362, 363, 365, 366, 367, 368, 379, 380, 382, 384, 385, 386, 387, 390, 391, 392, 393, 395, 396, 397, 398, 400, 402, 403, 404, 405, 411, 437, 438, 439, 442, 445, 446, 447, 450, 451, 452, 454, 455, 456, 459, 461, 481, 495, 496, 499, 501, 502, 510, 511, 532, 533, 546, 547, 553, 554, 555, 562, 568, 569, 570, 646], "excluded_lines": [], "functions": {"AttributionEngine.__init__": {"executed_lines": [120, 121, 122, 125, 132, 135], "summary": {"covered_lines": 6, "num_statements": 6, "percent_covered": 100.0, "percent_covered_display": "100", "missing_lines": 0, "excluded_lines": 0, "percent_statements_covered": 100.0, "percent_statements_covered_display": "100"}, "missing_lines": [], "excluded_lines": [], "start_line": 119}, "AttributionEngine._init_channel_mapping": {"executed_lines": [139], "summary": {"covered_lines": 1, "num_statements": 1, "percent_covered": 100.0, "percent_covered_display": "100", "missing_lines": 0, "excluded_lines": 0, "percent_statements_covered": 100.0, "percent_statements_covered_display": "100"}, "missing_lines": [], "excluded_lines": [], "start_line": 137}, "AttributionEngine.analyze": {"executed_lines": [180, 183, 188, 193, 196, 199, 214], "summary": {"covered_lines": 7, "num_statements": 7, "percent_covered": 100.0, "percent_covered_display": "100", "missing_lines": 0, "excluded_lines": 0, "percent_statements_covered": 100.0, "percent_statements_covered_display": "100"}, "missing_lines": [], "excluded_lines": [], "start_line": 162}, "AttributionEngine._group_by_journey": {"executed_lines": [219, 220, 228, 231], "summary": {"covered_lines": 4, "num_statements": 9, "percent_covered": 44.44444444444444, "percent_covered_display": "44", "missing_lines": 5, "excluded_lines": 0, "percent_statements_covered": 44.44444444444444, "percent_statements_covered_display": "44"}, "missing_lines": [222, 223, 224, 225, 229], "excluded_lines": [], "start_line": 216}, "AttributionEngine._calculate_attribution": {"executed_lines": [239, 240, 241, 242, 243, 244, 245, 246, 247, 248, 250], "summary": {"covered_lines": 11, "num_statements": 11, "percent_covered": 100.0, "percent_covered_display": "100", "missing_lines": 0, "excluded_lines": 0, "percent_statements_covered": 100.0, "percent_statements_covered_display": "100"}, "missing_lines": [], "excluded_lines": [], "start_line": 233}, "AttributionEngine._first_touch_attribution": {"executed_lines": [256, 258, 274], "summary": {"covered_lines": 3, "num_statements": 13, "percent_covered": 23.076923076923077, "percent_covered_display": "23", "missing_lines": 10, "excluded_lines": 0, "percent_statements_covered": 23.076923076923077, "percent_statements_covered_display": "23"}, "missing_lines": [259, 260, 263, 264, 266, 267, 269, 270, 271, 272], "excluded_lines": [], "start_line": 252}, "AttributionEngine._last_touch_attribution": {"executed_lines": [280, 282, 298], "summary": {"covered_lines": 3, "num_statements": 13, "percent_covered": 23.076923076923077, "percent_covered_display": "23", "missing_lines": 10, "excluded_lines": 0, "percent_statements_covered": 23.076923076923077, "percent_statements_covered_display": "23"}, "missing_lines": [283, 284, 287, 288, 290, 291, 293, 294, 295, 296], "excluded_lines": [], "start_line": 276}, "AttributionEngine._linear_attribution": {"executed_lines": [304, 306, 324], "summary": {"covered_lines": 3, "num_statements": 14, "percent_covered": 21.428571428571427, "percent_covered_display": "21", "missing_lines": 11, "excluded_lines": 0, "percent_statements_covered": 21.428571428571427, "percent_statements_covered_display": "21"}, "missing_lines": [307, 308, 311, 313, 314, 316, 317, 319, 320, 321, 322], "excluded_lines": [], "start_line": 300}, "AttributionEngine._time_decay_attribution": {"executed_lines": [330, 332, 370], "summary": {"covered_lines": 3, "num_statements": 30, "percent_covered": 10.0, "percent_covered_display": "10", "missing_lines": 27, "excluded_lines": 0, "percent_statements_covered": 10.0, "percent_statements_covered_display": "10"}, "missing_lines": [333, 334, 336, 338, 339, 340, 341, 342, 343, 344, 345, 348, 349, 351, 352, 354, 355, 357, 358, 360, 361, 362, 363, 365, 366, 367, 368], "excluded_lines": [], "start_line": 326}, "AttributionEngine._position_based_attribution": {"executed_lines": [376, 378, 407], "summary": {"covered_lines": 3, "num_statements": 23, "percent_covered": 13.043478260869565, "percent_covered_display": "13", "missing_lines": 20, "excluded_lines": 0, "percent_statements_covered": 13.043478260869565, "percent_statements_covered_display": "13"}, "missing_lines": [379, 380, 382, 384, 385, 386, 387, 390, 391, 392, 393, 395, 396, 397, 398, 400, 402, 403, 404, 405], "excluded_lines": [], "start_line": 372}, "AttributionEngine._init_channel_attribution": {"executed_lines": [], "summary": {"covered_lines": 0, "num_statements": 1, "percent_covered": 0.0, "percent_covered_display": "0", "missing_lines": 1, "excluded_lines": 0, "percent_statements_covered": 0.0, "percent_statements_covered_display": "0"}, "missing_lines": [411], "excluded_lines": [], "start_line": 409}, "AttributionEngine._generate_results": {"executed_lines": [429, 431, 436, 484, 486], "summary": {"covered_lines": 5, "num_statements": 21, "percent_covered": 23.80952380952381, "percent_covered_display": "24", "missing_lines": 16, "excluded_lines": 0, "percent_statements_covered": 23.80952380952381, "percent_statements_covered_display": "24"}, "missing_lines": [437, 438, 439, 442, 445, 446, 447, 450, 451, 452, 454, 455, 456, 459, 461, 481], "excluded_lines": [], "start_line": 423}, "AttributionEngine._analyze_paths": {"executed_lines": [492, 494, 514, 515, 518], "summary": {"covered_lines": 5, "num_statements": 12, "percent_covered": 41.666666666666664, "percent_covered_display": "42", "missing_lines": 7, "excluded_lines": 0, "percent_statements_covered": 41.666666666666664, "percent_statements_covered_display": "42"}, "missing_lines": [495, 496, 499, 501, 502, 510, 511], "excluded_lines": [], "start_line": 488}, "AttributionEngine._generate_suggestions": {"executed_lines": [526, 529, 531, 540, 545, 552, 561, 567, 575], "summary": {"covered_lines": 9, "num_statements": 20, "percent_covered": 45.0, "percent_covered_display": "45", "missing_lines": 11, "excluded_lines": 0, "percent_statements_covered": 45.0, "percent_statements_covered_display": "45"}, "missing_lines": [532, 533, 546, 547, 553, 554, 555, 562, 568, 569, 570], "excluded_lines": [], "start_line": 520}, "AttributionEngine._generate_summary": {"executed_lines": [579, 580, 581, 583], "summary": {"covered_lines": 4, "num_statements": 4, "percent_covered": 100.0, "percent_covered_display": "100", "missing_lines": 0, "excluded_lines": 0, "percent_statements_covered": 100.0, "percent_statements_covered_display": "100"}, "missing_lines": [], "excluded_lines": [], "start_line": 577}, "AttributionEngine._generate_report_id": {"executed_lines": [597, 598, 599], "summary": {"covered_lines": 3, "num_statements": 3, "percent_covered": 100.0, "percent_covered_display": "100", "missing_lines": 0, "excluded_lines": 0, "percent_statements_covered": 100.0, "percent_statements_covered_display": "100"}, "missing_lines": [], "excluded_lines": [], "start_line": 595}, "AttributionEngine.compare_models": {"executed_lines": [608, 610, 611, 615], "summary": {"covered_lines": 4, "num_statements": 4, "percent_covered": 100.0, "percent_covered_display": "100", "missing_lines": 0, "excluded_lines": 0, "percent_statements_covered": 100.0, "percent_statements_covered_display": "100"}, "missing_lines": [], "excluded_lines": [], "start_line": 601}, "AttributionEngine.export_report": {"executed_lines": [619, 620], "summary": {"covered_lines": 2, "num_statements": 3, "percent_covered": 66.66666666666667, "percent_covered_display": "67", "missing_lines": 1, "excluded_lines": 0, "percent_statements_covered": 66.66666666666667, "percent_statements_covered_display": "67"}, "missing_lines": [646], "excluded_lines": [], "start_line": 617}, "": {"executed_lines": [6, 7, 8, 9, 10, 11, 14, 16, 17, 18, 19, 20, 21, 24, 26, 27, 28, 29, 30, 31, 32, 33, 34, 35, 38, 39, 47, 48, 49, 50, 51, 54, 55, 82, 85, 86, 112, 119, 137, 162, 216, 233, 252, 276, 300, 326, 372, 409, 423, 488, 520, 577, 595, 601, 617], "summary": {"covered_lines": 55, "num_statements": 55, "percent_covered": 100.0, "percent_covered_display": "100", "missing_lines": 0, "excluded_lines": 0, "percent_statements_covered": 100.0, "percent_statements_covered_display": "100"}, "missing_lines": [], "excluded_lines": [], "start_line": 1}}, "classes": {"AttributionModel": {"executed_lines": [], "summary": {"covered_lines": 0, "num_statements": 0, "percent_covered": 100.0, "percent_covered_display": "100", "missing_lines": 0, "excluded_lines": 0, "percent_statements_covered": 100.0, "percent_statements_covered_display": "100"}, "missing_lines": [], "excluded_lines": [], "start_line": 14}, "ChannelType": {"executed_lines": [], "summary": {"covered_lines": 0, "num_statements": 0, "percent_covered": 100.0, "percent_covered_display": "100", "missing_lines": 0, "excluded_lines": 0, "percent_statements_covered": 100.0, "percent_statements_covered_display": "100"}, "missing_lines": [], "excluded_lines": [], "start_line": 24}, "TouchPoint": {"executed_lines": [], "summary": {"covered_lines": 0, "num_statements": 0, "percent_covered": 100.0, "percent_covered_display": "100", "missing_lines": 0, "excluded_lines": 0, "percent_statements_covered": 100.0, "percent_statements_covered_display": "100"}, "missing_lines": [], "excluded_lines": [], "start_line": 39}, "AttributionResult": {"executed_lines": [], "summary": {"covered_lines": 0, "num_statements": 0, "percent_covered": 100.0, "percent_covered_display": "100", "missing_lines": 0, "excluded_lines": 0, "percent_statements_covered": 100.0, "percent_statements_covered_display": "100"}, "missing_lines": [], "excluded_lines": [], "start_line": 55}, "AttributionReport": {"executed_lines": [], "summary": {"covered_lines": 0, "num_statements": 0, "percent_covered": 100.0, "percent_covered_display": "100", "missing_lines": 0, "excluded_lines": 0, "percent_statements_covered": 100.0, "percent_statements_covered_display": "100"}, "missing_lines": [], "excluded_lines": [], "start_line": 86}, "AttributionEngine": {"executed_lines": [120, 121, 122, 125, 132, 135, 139, 180, 183, 188, 193, 196, 199, 214, 219, 220, 228, 231, 239, 240, 241, 242, 243, 244, 245, 246, 247, 248, 250, 256, 258, 274, 280, 282, 298, 304, 306, 324, 330, 332, 370, 376, 378, 407, 429, 431, 436, 484, 486, 492, 494, 514, 515, 518, 526, 529, 531, 540, 545, 552, 561, 567, 575, 579, 580, 581, 583, 597, 598, 599, 608, 610, 611, 615, 619, 620], "summary": {"covered_lines": 76, "num_statements": 195, "percent_covered": 38.97435897435897, "percent_covered_display": "39", "missing_lines": 119, "excluded_lines": 0, "percent_statements_covered": 38.97435897435897, "percent_statements_covered_display": "39"}, "missing_lines": [222, 223, 224, 225, 229, 259, 260, 263, 264, 266, 267, 269, 270, 271, 272, 283, 284, 287, 288, 290, 291, 293, 294, 295, 296, 307, 308, 311, 313, 314, 316, 317, 319, 320, 321, 322, 333, 334, 336, 338, 339, 340, 341, 342, 343, 344, 345, 348, 349, 351, 352, 354, 355, 357, 358, 360, 361, 362, 363, 365, 366, 367, 368, 379, 380, 382, 384, 385, 386, 387, 390, 391, 392, 393, 395, 396, 397, 398, 400, 402, 403, 404, 405, 411, 437, 438, 439, 442, 445, 446, 447, 450, 451, 452, 454, 455, 456, 459, 461, 481, 495, 496, 499, 501, 502, 510, 511, 532, 533, 546, 547, 553, 554, 555, 562, 568, 569, 570, 646], "excluded_lines": [], "start_line": 112}, "": {"executed_lines": [6, 7, 8, 9, 10, 11, 14, 16, 17, 18, 19, 20, 21, 24, 26, 27, 28, 29, 30, 31, 32, 33, 34, 35, 38, 39, 47, 48, 49, 50, 51, 54, 55, 82, 85, 86, 112, 119, 137, 162, 216, 233, 252, 276, 300, 326, 372, 409, 423, 488, 520, 577, 595, 601, 617], "summary": {"covered_lines": 55, "num_statements": 55, "percent_covered": 100.0, "percent_covered_display": "100", "missing_lines": 0, "excluded_lines": 0, "percent_statements_covered": 100.0, "percent_statements_covered_display": "100"}, "missing_lines": [], "excluded_lines": [], "start_line": 1}}}, "src\\acas_pro\\advanced_analytics\\smart_decider.py": {"executed_lines": [5, 6, 7, 8, 9, 10, 13, 15, 16, 17, 18, 19, 20, 21, 22, 23, 24, 27, 29, 30, 31, 32, 35, 37, 38, 39, 40, 41, 42, 45, 46, 73, 74, 75, 76, 79, 80, 83, 84, 116, 123, 124, 125, 126, 129, 132, 134, 136, 223, 238, 241, 282, 284, 286, 287, 291, 292, 293, 296, 361, 441, 496, 575, 619, 663, 716, 724, 726, 731, 733, 735, 740, 742, 749, 757, 759, 761, 767, 769, 775, 780, 787, 789, 791, 798, 804, 805, 807, 814, 815, 818, 819, 821, 828, 830, 849, 851, 852, 853, 854, 856, 858, 859], "summary": {"covered_lines": 103, "num_statements": 235, "percent_covered": 43.829787234042556, "percent_covered_display": "44", "missing_lines": 132, "excluded_lines": 0, "percent_statements_covered": 43.829787234042556, "percent_statements_covered_display": "44"}, "missing_lines": [242, 245, 246, 249, 250, 253, 254, 257, 258, 261, 262, 265, 266, 269, 272, 278, 280, 288, 297, 325, 328, 329, 357, 359, 363, 365, 366, 367, 370, 371, 373, 374, 402, 405, 406, 408, 409, 437, 439, 443, 445, 446, 447, 450, 452, 457, 463, 464, 492, 494, 498, 500, 501, 502, 505, 506, 507, 510, 511, 539, 542, 543, 571, 573, 577, 579, 580, 581, 584, 586, 587, 615, 617, 621, 623, 624, 625, 628, 630, 631, 659, 661, 665, 667, 668, 669, 672, 674, 675, 677, 678, 679, 680, 682, 684, 712, 714, 718, 719, 720, 721, 722, 727, 728, 729, 730, 736, 737, 738, 739, 750, 751, 752, 753, 754, 755, 756, 762, 763, 764, 765, 766, 781, 808, 809, 811, 812, 822, 823, 824, 825, 880], "excluded_lines": [], "functions": {"SmartDecider.__init__": {"executed_lines": [124, 125, 126, 129, 132], "summary": {"covered_lines": 5, "num_statements": 5, "percent_covered": 100.0, "percent_covered_display": "100", "missing_lines": 0, "excluded_lines": 0, "percent_statements_covered": 100.0, "percent_statements_covered_display": "100"}, "missing_lines": [], "excluded_lines": [], "start_line": 123}, "SmartDecider._init_decision_templates": {"executed_lines": [136], "summary": {"covered_lines": 1, "num_statements": 1, "percent_covered": 100.0, "percent_covered_display": "100", "missing_lines": 0, "excluded_lines": 0, "percent_statements_covered": 100.0, "percent_statements_covered_display": "100"}, "missing_lines": [], "excluded_lines": [], "start_line": 134}, "SmartDecider.analyze_and_decide": {"executed_lines": [238, 241], "summary": {"covered_lines": 2, "num_statements": 19, "percent_covered": 10.526315789473685, "percent_covered_display": "11", "missing_lines": 17, "excluded_lines": 0, "percent_statements_covered": 10.526315789473685, "percent_statements_covered_display": "11"}, "missing_lines": [242, 245, 246, 249, 250, 253, 254, 257, 258, 261, 262, 265, 266, 269, 272, 278, 280], "excluded_lines": [], "start_line": 223}, "SmartDecider._analyze_content_metrics": {"executed_lines": [284, 286, 287, 291, 292, 293, 296], "summary": {"covered_lines": 7, "num_statements": 14, "percent_covered": 50.0, "percent_covered_display": "50", "missing_lines": 7, "excluded_lines": 0, "percent_statements_covered": 50.0, "percent_statements_covered_display": "50"}, "missing_lines": [288, 297, 325, 328, 329, 357, 359], "excluded_lines": [], "start_line": 282}, "SmartDecider._analyze_bid_metrics": {"executed_lines": [], "summary": {"covered_lines": 0, "num_statements": 15, "percent_covered": 0.0, "percent_covered_display": "0", "missing_lines": 15, "excluded_lines": 0, "percent_statements_covered": 0.0, "percent_statements_covered_display": "0"}, "missing_lines": [363, 365, 366, 367, 370, 371, 373, 374, 402, 405, 406, 408, 409, 437, 439], "excluded_lines": [], "start_line": 361}, "SmartDecider._analyze_budget_metrics": {"executed_lines": [], "summary": {"covered_lines": 0, "num_statements": 11, "percent_covered": 0.0, "percent_covered_display": "0", "missing_lines": 11, "excluded_lines": 0, "percent_statements_covered": 0.0, "percent_statements_covered_display": "0"}, "missing_lines": [443, 445, 446, 447, 450, 452, 457, 463, 464, 492, 494], "excluded_lines": [], "start_line": 441}, "SmartDecider._analyze_inventory_metrics": {"executed_lines": [], "summary": {"covered_lines": 0, "num_statements": 14, "percent_covered": 0.0, "percent_covered_display": "0", "missing_lines": 14, "excluded_lines": 0, "percent_statements_covered": 0.0, "percent_statements_covered_display": "0"}, "missing_lines": [498, 500, 501, 502, 505, 506, 507, 510, 511, 539, 542, 543, 571, 573], "excluded_lines": [], "start_line": 496}, "SmartDecider._analyze_channel_metrics": {"executed_lines": [], "summary": {"covered_lines": 0, "num_statements": 9, "percent_covered": 0.0, "percent_covered_display": "0", "missing_lines": 9, "excluded_lines": 0, "percent_statements_covered": 0.0, "percent_statements_covered_display": "0"}, "missing_lines": [577, 579, 580, 581, 584, 586, 587, 615, 617], "excluded_lines": [], "start_line": 575}, "SmartDecider._analyze_creative_metrics": {"executed_lines": [], "summary": {"covered_lines": 0, "num_statements": 9, "percent_covered": 0.0, "percent_covered_display": "0", "missing_lines": 9, "excluded_lines": 0, "percent_statements_covered": 0.0, "percent_statements_covered_display": "0"}, "missing_lines": [621, 623, 624, 625, 628, 630, 631, 659, 661], "excluded_lines": [], "start_line": 619}, "SmartDecider._analyze_seasonal_metrics": {"executed_lines": [], "summary": {"covered_lines": 0, "num_statements": 15, "percent_covered": 0.0, "percent_covered_display": "0", "missing_lines": 15, "excluded_lines": 0, "percent_statements_covered": 0.0, "percent_statements_covered_display": "0"}, "missing_lines": [665, 667, 668, 669, 672, 674, 675, 677, 678, 679, 680, 682, 684, 712, 714], "excluded_lines": [], "start_line": 663}, "SmartDecider._generate_decision_id": {"executed_lines": [], "summary": {"covered_lines": 0, "num_statements": 5, "percent_covered": 0.0, "percent_covered_display": "0", "missing_lines": 5, "excluded_lines": 0, "percent_statements_covered": 0.0, "percent_statements_covered_display": "0"}, "missing_lines": [718, 719, 720, 721, 722], "excluded_lines": [], "start_line": 716}, "SmartDecider.approve_decision": {"executed_lines": [726, 731], "summary": {"covered_lines": 2, "num_statements": 6, "percent_covered": 33.333333333333336, "percent_covered_display": "33", "missing_lines": 4, "excluded_lines": 0, "percent_statements_covered": 33.333333333333336, "percent_statements_covered_display": "33"}, "missing_lines": [727, 728, 729, 730], "excluded_lines": [], "start_line": 724}, "SmartDecider.execute_decision": {"executed_lines": [735, 740], "summary": {"covered_lines": 2, "num_statements": 6, "percent_covered": 33.333333333333336, "percent_covered_display": "33", "missing_lines": 4, "excluded_lines": 0, "percent_statements_covered": 33.333333333333336, "percent_statements_covered_display": "33"}, "missing_lines": [736, 737, 738, 739], "excluded_lines": [], "start_line": 733}, "SmartDecider.complete_decision": {"executed_lines": [749, 757], "summary": {"covered_lines": 2, "num_statements": 9, "percent_covered": 22.22222222222222, "percent_covered_display": "22", "missing_lines": 7, "excluded_lines": 0, "percent_statements_covered": 22.22222222222222, "percent_statements_covered_display": "22"}, "missing_lines": [750, 751, 752, 753, 754, 755, 756], "excluded_lines": [], "start_line": 742}, "SmartDecider.skip_decision": {"executed_lines": [761, 767], "summary": {"covered_lines": 2, "num_statements": 7, "percent_covered": 28.571428571428573, "percent_covered_display": "29", "missing_lines": 5, "excluded_lines": 0, "percent_statements_covered": 28.571428571428573, "percent_statements_covered_display": "29"}, "missing_lines": [762, 763, 764, 765, 766], "excluded_lines": [], "start_line": 759}, "SmartDecider.get_pending_decisions": {"executed_lines": [775, 780, 787, 789], "summary": {"covered_lines": 4, "num_statements": 5, "percent_covered": 80.0, "percent_covered_display": "80", "missing_lines": 1, "excluded_lines": 0, "percent_statements_covered": 80.0, "percent_statements_covered_display": "80"}, "missing_lines": [781], "excluded_lines": [], "start_line": 769}, "SmartDecider.generate_report": {"executed_lines": [798, 804, 805, 807, 814, 815, 818, 819, 821, 828, 830], "summary": {"covered_lines": 11, "num_statements": 19, "percent_covered": 57.89473684210526, "percent_covered_display": "58", "missing_lines": 8, "excluded_lines": 0, "percent_statements_covered": 57.89473684210526, "percent_statements_covered_display": "58"}, "missing_lines": [808, 809, 811, 812, 822, 823, 824, 825], "excluded_lines": [], "start_line": 791}, "SmartDecider._generate_report_id": {"executed_lines": [851, 852, 853, 854], "summary": {"covered_lines": 4, "num_statements": 4, "percent_covered": 100.0, "percent_covered_display": "100", "missing_lines": 0, "excluded_lines": 0, "percent_statements_covered": 100.0, "percent_statements_covered_display": "100"}, "missing_lines": [], "excluded_lines": [], "start_line": 849}, "SmartDecider.export_decisions": {"executed_lines": [858, 859], "summary": {"covered_lines": 2, "num_statements": 3, "percent_covered": 66.66666666666667, "percent_covered_display": "67", "missing_lines": 1, "excluded_lines": 0, "percent_statements_covered": 66.66666666666667, "percent_statements_covered_display": "67"}, "missing_lines": [880], "excluded_lines": [], "start_line": 856}, "": {"executed_lines": [5, 6, 7, 8, 9, 10, 13, 15, 16, 17, 18, 19, 20, 21, 22, 23, 24, 27, 29, 30, 31, 32, 35, 37, 38, 39, 40, 41, 42, 45, 46, 73, 74, 75, 76, 79, 80, 83, 84, 116, 123, 134, 223, 282, 361, 441, 496, 575, 619, 663, 716, 724, 733, 742, 759, 769, 791, 849, 856], "summary": {"covered_lines": 59, "num_statements": 59, "percent_covered": 100.0, "percent_covered_display": "100", "missing_lines": 0, "excluded_lines": 0, "percent_statements_covered": 100.0, "percent_statements_covered_display": "100"}, "missing_lines": [], "excluded_lines": [], "start_line": 1}}, "classes": {"DecisionType": {"executed_lines": [], "summary": {"covered_lines": 0, "num_statements": 0, "percent_covered": 100.0, "percent_covered_display": "100", "missing_lines": 0, "excluded_lines": 0, "percent_statements_covered": 100.0, "percent_statements_covered_display": "100"}, "missing_lines": [], "excluded_lines": [], "start_line": 13}, "DecisionPriority": {"executed_lines": [], "summary": {"covered_lines": 0, "num_statements": 0, "percent_covered": 100.0, "percent_covered_display": "100", "missing_lines": 0, "excluded_lines": 0, "percent_statements_covered": 100.0, "percent_statements_covered_display": "100"}, "missing_lines": [], "excluded_lines": [], "start_line": 27}, "DecisionStatus": {"executed_lines": [], "summary": {"covered_lines": 0, "num_statements": 0, "percent_covered": 100.0, "percent_covered_display": "100", "missing_lines": 0, "excluded_lines": 0, "percent_statements_covered": 100.0, "percent_statements_covered_display": "100"}, "missing_lines": [], "excluded_lines": [], "start_line": 35}, "Decision": {"executed_lines": [], "summary": {"covered_lines": 0, "num_statements": 0, "percent_covered": 100.0, "percent_covered_display": "100", "missing_lines": 0, "excluded_lines": 0, "percent_statements_covered": 100.0, "percent_statements_covered_display": "100"}, "missing_lines": [], "excluded_lines": [], "start_line": 46}, "DecisionReport": {"executed_lines": [], "summary": {"covered_lines": 0, "num_statements": 0, "percent_covered": 100.0, "percent_covered_display": "100", "missing_lines": 0, "excluded_lines": 0, "percent_statements_covered": 100.0, "percent_statements_covered_display": "100"}, "missing_lines": [], "excluded_lines": [], "start_line": 84}, "SmartDecider": {"executed_lines": [124, 125, 126, 129, 132, 136, 238, 241, 284, 286, 287, 291, 292, 293, 296, 726, 731, 735, 740, 749, 757, 761, 767, 775, 780, 787, 789, 798, 804, 805, 807, 814, 815, 818, 819, 821, 828, 830, 851, 852, 853, 854, 858, 859], "summary": {"covered_lines": 44, "num_statements": 176, "percent_covered": 25.0, "percent_covered_display": "25", "missing_lines": 132, "excluded_lines": 0, "percent_statements_covered": 25.0, "percent_statements_covered_display": "25"}, "missing_lines": [242, 245, 246, 249, 250, 253, 254, 257, 258, 261, 262, 265, 266, 269, 272, 278, 280, 288, 297, 325, 328, 329, 357, 359, 363, 365, 366, 367, 370, 371, 373, 374, 402, 405, 406, 408, 409, 437, 439, 443, 445, 446, 447, 450, 452, 457, 463, 464, 492, 494, 498, 500, 501, 502, 505, 506, 507, 510, 511, 539, 542, 543, 571, 573, 577, 579, 580, 581, 584, 586, 587, 615, 617, 621, 623, 624, 625, 628, 630, 631, 659, 661, 665, 667, 668, 669, 672, 674, 675, 677, 678, 679, 680, 682, 684, 712, 714, 718, 719, 720, 721, 722, 727, 728, 729, 730, 736, 737, 738, 739, 750, 751, 752, 753, 754, 755, 756, 762, 763, 764, 765, 766, 781, 808, 809, 811, 812, 822, 823, 824, 825, 880], "excluded_lines": [], "start_line": 116}, "": {"executed_lines": [5, 6, 7, 8, 9, 10, 13, 15, 16, 17, 18, 19, 20, 21, 22, 23, 24, 27, 29, 30, 31, 32, 35, 37, 38, 39, 40, 41, 42, 45, 46, 73, 74, 75, 76, 79, 80, 83, 84, 116, 123, 134, 223, 282, 361, 441, 496, 575, 619, 663, 716, 724, 733, 742, 759, 769, 791, 849, 856], "summary": {"covered_lines": 59, "num_statements": 59, "percent_covered": 100.0, "percent_covered_display": "100", "missing_lines": 0, "excluded_lines": 0, "percent_statements_covered": 100.0, "percent_statements_covered_display": "100"}, "missing_lines": [], "excluded_lines": [], "start_line": 1}}}, "src\\acas_pro\\alert\\__init__.py": {"executed_lines": [2, 4], "summary": {"covered_lines": 2, "num_statements": 2, "percent_covered": 100.0, "percent_covered_display": "100", "missing_lines": 0, "excluded_lines": 0, "percent_statements_covered": 100.0, "percent_statements_covered_display": "100"}, "missing_lines": [], "excluded_lines": [], "functions": {"": {"executed_lines": [2, 4], "summary": {"covered_lines": 2, "num_statements": 2, "percent_covered": 100.0, "percent_covered_display": "100", "missing_lines": 0, "excluded_lines": 0, "percent_statements_covered": 100.0, "percent_statements_covered_display": "100"}, "missing_lines": [], "excluded_lines": [], "start_line": 1}}, "classes": {"": {"executed_lines": [2, 4], "summary": {"covered_lines": 2, "num_statements": 2, "percent_covered": 100.0, "percent_covered_display": "100", "missing_lines": 0, "excluded_lines": 0, "percent_statements_covered": 100.0, "percent_statements_covered_display": "100"}, "missing_lines": [], "excluded_lines": [], "start_line": 1}}}, "src\\acas_pro\\alert\\notifier.py": {"executed_lines": [8, 9, 10, 11, 12, 13, 14, 15, 17, 19, 20, 22, 25, 27, 28, 29, 30, 31, 32, 35, 37, 38, 39, 40, 43, 44, 48, 49, 50, 51, 52, 54, 55, 56, 58, 60, 66, 68, 77, 78, 89, 99, 101, 102, 103, 106, 107, 108, 109, 112, 120, 121, 123, 141, 142, 144, 146, 147, 148, 149, 150, 173, 175, 177, 179, 182, 185, 190, 192, 219, 246, 278, 288, 332, 343, 345, 351, 354, 357, 359, 361, 363, 366, 369, 372, 379, 383, 387, 398, 409], "summary": {"covered_lines": 90, "num_statements": 185, "percent_covered": 48.648648648648646, "percent_covered_display": "49", "missing_lines": 95, "excluded_lines": 0, "percent_statements_covered": 48.648648648648646, "percent_statements_covered_display": "49"}, "missing_lines": [152, 153, 154, 155, 156, 157, 158, 159, 160, 161, 162, 164, 166, 168, 169, 170, 181, 184, 187, 194, 195, 197, 204, 210, 211, 212, 213, 214, 216, 217, 221, 222, 224, 232, 238, 239, 240, 241, 242, 244, 248, 249, 251, 270, 276, 280, 286, 290, 291, 293, 294, 295, 297, 298, 299, 300, 303, 304, 307, 317, 319, 320, 321, 322, 323, 325, 326, 328, 329, 330, 334, 335, 336, 338, 340, 341, 355, 364, 365, 367, 368, 370, 371, 373, 374, 375, 376, 377, 389, 395, 400, 406, 411, 418, 419], "excluded_lines": [], "functions": {"AlertMessage.__post_init__": {"executed_lines": [55, 56], "summary": {"covered_lines": 2, "num_statements": 2, "percent_covered": 100.0, "percent_covered_display": "100", "missing_lines": 0, "excluded_lines": 0, "percent_statements_covered": 100.0, "percent_statements_covered_display": "100"}, "missing_lines": [], "excluded_lines": [], "start_line": 54}, "AlertMessage.to_markdown": {"executed_lines": [60, 66, 68], "summary": {"covered_lines": 3, "num_statements": 3, "percent_covered": 100.0, "percent_covered_display": "100", "missing_lines": 0, "excluded_lines": 0, "percent_statements_covered": 100.0, "percent_statements_covered_display": "100"}, "missing_lines": [], "excluded_lines": [], "start_line": 58}, "AlertMessage.to_dict": {"executed_lines": [78], "summary": {"covered_lines": 1, "num_statements": 1, "percent_covered": 100.0, "percent_covered_display": "100", "missing_lines": 0, "excluded_lines": 0, "percent_statements_covered": 100.0, "percent_statements_covered_display": "100"}, "missing_lines": [], "excluded_lines": [], "start_line": 77}, "AlertNotifier.__init__": {"executed_lines": [101, 102, 103, 106, 107, 108, 109, 112, 120, 121], "summary": {"covered_lines": 10, "num_statements": 10, "percent_covered": 100.0, "percent_covered_display": "100", "missing_lines": 0, "excluded_lines": 0, "percent_statements_covered": 100.0, "percent_statements_covered_display": "100"}, "missing_lines": [], "excluded_lines": [], "start_line": 99}, "AlertNotifier.send": {"executed_lines": [141, 142, 144, 146, 147, 148, 149, 150, 173, 175], "summary": {"covered_lines": 10, "num_statements": 26, "percent_covered": 38.46153846153846, "percent_covered_display": "38", "missing_lines": 16, "excluded_lines": 0, "percent_statements_covered": 38.46153846153846, "percent_statements_covered_display": "38"}, "missing_lines": [152, 153, 154, 155, 156, 157, 158, 159, 160, 161, 162, 164, 166, 168, 169, 170], "excluded_lines": [], "start_line": 123}, "AlertNotifier._select_channels": {"executed_lines": [179, 182, 185, 190], "summary": {"covered_lines": 4, "num_statements": 7, "percent_covered": 57.142857142857146, "percent_covered_display": "57", "missing_lines": 3, "excluded_lines": 0, "percent_statements_covered": 57.142857142857146, "percent_statements_covered_display": "57"}, "missing_lines": [181, 184, 187], "excluded_lines": [], "start_line": 177}, "AlertNotifier._send_wechat": {"executed_lines": [], "summary": {"covered_lines": 0, "num_statements": 11, "percent_covered": 0.0, "percent_covered_display": "0", "missing_lines": 11, "excluded_lines": 0, "percent_statements_covered": 0.0, "percent_statements_covered_display": "0"}, "missing_lines": [194, 195, 197, 204, 210, 211, 212, 213, 214, 216, 217], "excluded_lines": [], "start_line": 192}, "AlertNotifier._send_dingtalk": {"executed_lines": [], "summary": {"covered_lines": 0, "num_statements": 10, "percent_covered": 0.0, "percent_covered_display": "0", "missing_lines": 10, "excluded_lines": 0, "percent_statements_covered": 0.0, "percent_statements_covered_display": "0"}, "missing_lines": [221, 222, 224, 232, 238, 239, 240, 241, 242, 244], "excluded_lines": [], "start_line": 219}, "AlertNotifier._send_feishu": {"executed_lines": [], "summary": {"covered_lines": 0, "num_statements": 5, "percent_covered": 0.0, "percent_covered_display": "0", "missing_lines": 5, "excluded_lines": 0, "percent_statements_covered": 0.0, "percent_statements_covered_display": "0"}, "missing_lines": [248, 249, 251, 270, 276], "excluded_lines": [], "start_line": 246}, "AlertNotifier._get_feishu_color": {"executed_lines": [], "summary": {"covered_lines": 0, "num_statements": 2, "percent_covered": 0.0, "percent_covered_display": "0", "missing_lines": 2, "excluded_lines": 0, "percent_statements_covered": 0.0, "percent_statements_covered_display": "0"}, "missing_lines": [280, 286], "excluded_lines": [], "start_line": 278}, "AlertNotifier._send_email": {"executed_lines": [], "summary": {"covered_lines": 0, "num_statements": 23, "percent_covered": 0.0, "percent_covered_display": "0", "missing_lines": 23, "excluded_lines": 0, "percent_statements_covered": 0.0, "percent_statements_covered_display": "0"}, "missing_lines": [290, 291, 293, 294, 295, 297, 298, 299, 300, 303, 304, 307, 317, 319, 320, 321, 322, 323, 325, 326, 328, 329, 330], "excluded_lines": [], "start_line": 288}, "AlertNotifier._send_webhook": {"executed_lines": [], "summary": {"covered_lines": 0, "num_statements": 6, "percent_covered": 0.0, "percent_covered_display": "0", "missing_lines": 6, "excluded_lines": 0, "percent_statements_covered": 0.0, "percent_statements_covered_display": "0"}, "missing_lines": [334, 335, 336, 338, 340, 341], "excluded_lines": [], "start_line": 332}, "AlertNotifier._record_alert": {"executed_lines": [345, 351, 354], "summary": {"covered_lines": 3, "num_statements": 4, "percent_covered": 75.0, "percent_covered_display": "75", "missing_lines": 1, "excluded_lines": 0, "percent_statements_covered": 75.0, "percent_statements_covered_display": "75"}, "missing_lines": [355], "excluded_lines": [], "start_line": 343}, "AlertNotifier.get_history": {"executed_lines": [359], "summary": {"covered_lines": 1, "num_statements": 1, "percent_covered": 100.0, "percent_covered_display": "100", "missing_lines": 0, "excluded_lines": 0, "percent_statements_covered": 100.0, "percent_statements_covered_display": "100"}, "missing_lines": [], "excluded_lines": [], "start_line": 357}, "AlertNotifier.configure_channel": {"executed_lines": [363, 366, 369, 372, 379], "summary": {"covered_lines": 5, "num_statements": 16, "percent_covered": 31.25, "percent_covered_display": "31", "missing_lines": 11, "excluded_lines": 0, "percent_statements_covered": 31.25, "percent_statements_covered_display": "31"}, "missing_lines": [364, 365, 367, 368, 370, 371, 373, 374, 375, 376, 377], "excluded_lines": [], "start_line": 361}, "send_critical_alert": {"executed_lines": [], "summary": {"covered_lines": 0, "num_statements": 2, "percent_covered": 0.0, "percent_covered_display": "0", "missing_lines": 2, "excluded_lines": 0, "percent_statements_covered": 0.0, "percent_statements_covered_display": "0"}, "missing_lines": [389, 395], "excluded_lines": [], "start_line": 387}, "send_urgent_alert": {"executed_lines": [], "summary": {"covered_lines": 0, "num_statements": 2, "percent_covered": 0.0, "percent_covered_display": "0", "missing_lines": 2, "excluded_lines": 0, "percent_statements_covered": 0.0, "percent_statements_covered_display": "0"}, "missing_lines": [400, 406], "excluded_lines": [], "start_line": 398}, "": {"executed_lines": [8, 9, 10, 11, 12, 13, 14, 15, 17, 19, 20, 22, 25, 27, 28, 29, 30, 31, 32, 35, 37, 38, 39, 40, 43, 44, 48, 49, 50, 51, 52, 54, 58, 77, 89, 99, 123, 177, 192, 219, 246, 278, 288, 332, 343, 357, 361, 383, 387, 398, 409], "summary": {"covered_lines": 51, "num_statements": 54, "percent_covered": 94.44444444444444, "percent_covered_display": "94", "missing_lines": 3, "excluded_lines": 0, "percent_statements_covered": 94.44444444444444, "percent_statements_covered_display": "94"}, "missing_lines": [411, 418, 419], "excluded_lines": [], "start_line": 1}}, "classes": {"AlertChannel": {"executed_lines": [], "summary": {"covered_lines": 0, "num_statements": 0, "percent_covered": 100.0, "percent_covered_display": "100", "missing_lines": 0, "excluded_lines": 0, "percent_statements_covered": 100.0, "percent_statements_covered_display": "100"}, "missing_lines": [], "excluded_lines": [], "start_line": 25}, "AlertPriority": {"executed_lines": [], "summary": {"covered_lines": 0, "num_statements": 0, "percent_covered": 100.0, "percent_covered_display": "100", "missing_lines": 0, "excluded_lines": 0, "percent_statements_covered": 100.0, "percent_statements_covered_display": "100"}, "missing_lines": [], "excluded_lines": [], "start_line": 35}, "AlertMessage": {"executed_lines": [55, 56, 60, 66, 68, 78], "summary": {"covered_lines": 6, "num_statements": 6, "percent_covered": 100.0, "percent_covered_display": "100", "missing_lines": 0, "excluded_lines": 0, "percent_statements_covered": 100.0, "percent_statements_covered_display": "100"}, "missing_lines": [], "excluded_lines": [], "start_line": 44}, "AlertNotifier": {"executed_lines": [101, 102, 103, 106, 107, 108, 109, 112, 120, 121, 141, 142, 144, 146, 147, 148, 149, 150, 173, 175, 179, 182, 185, 190, 345, 351, 354, 359, 363, 366, 369, 372, 379], "summary": {"covered_lines": 33, "num_statements": 121, "percent_covered": 27.272727272727273, "percent_covered_display": "27", "missing_lines": 88, "excluded_lines": 0, "percent_statements_covered": 27.272727272727273, "percent_statements_covered_display": "27"}, "missing_lines": [152, 153, 154, 155, 156, 157, 158, 159, 160, 161, 162, 164, 166, 168, 169, 170, 181, 184, 187, 194, 195, 197, 204, 210, 211, 212, 213, 214, 216, 217, 221, 222, 224, 232, 238, 239, 240, 241, 242, 244, 248, 249, 251, 270, 276, 280, 286, 290, 291, 293, 294, 295, 297, 298, 299, 300, 303, 304, 307, 317, 319, 320, 321, 322, 323, 325, 326, 328, 329, 330, 334, 335, 336, 338, 340, 341, 355, 364, 365, 367, 368, 370, 371, 373, 374, 375, 376, 377], "excluded_lines": [], "start_line": 89}, "": {"executed_lines": [8, 9, 10, 11, 12, 13, 14, 15, 17, 19, 20, 22, 25, 27, 28, 29, 30, 31, 32, 35, 37, 38, 39, 40, 43, 44, 48, 49, 50, 51, 52, 54, 58, 77, 89, 99, 123, 177, 192, 219, 246, 278, 288, 332, 343, 357, 361, 383, 387, 398, 409], "summary": {"covered_lines": 51, "num_statements": 58, "percent_covered": 87.93103448275862, "percent_covered_display": "88", "missing_lines": 7, "excluded_lines": 0, "percent_statements_covered": 87.93103448275862, "percent_statements_covered_display": "88"}, "missing_lines": [389, 395, 400, 406, 411, 418, 419], "excluded_lines": [], "start_line": 1}}}, "src\\acas_pro\\analytics\\__init__.py": {"executed_lines": [8, 9, 11], "summary": {"covered_lines": 3, "num_statements": 3, "percent_covered": 100.0, "percent_covered_display": "100", "missing_lines": 0, "excluded_lines": 0, "percent_statements_covered": 100.0, "percent_statements_covered_display": "100"}, "missing_lines": [], "excluded_lines": [], "functions": {"": {"executed_lines": [8, 9, 11], "summary": {"covered_lines": 3, "num_statements": 3, "percent_covered": 100.0, "percent_covered_display": "100", "missing_lines": 0, "excluded_lines": 0, "percent_statements_covered": 100.0, "percent_statements_covered_display": "100"}, "missing_lines": [], "excluded_lines": [], "start_line": 1}}, "classes": {"": {"executed_lines": [8, 9, 11], "summary": {"covered_lines": 3, "num_statements": 3, "percent_covered": 100.0, "percent_covered_display": "100", "missing_lines": 0, "excluded_lines": 0, "percent_statements_covered": 100.0, "percent_statements_covered_display": "100"}, "missing_lines": [], "excluded_lines": [], "start_line": 1}}}, "src\\acas_pro\\analytics\\data_monitor.py": {"executed_lines": [8, 9, 10, 11, 12, 14, 15, 17, 20, 22, 23, 24, 25, 26, 27, 28, 29, 30, 33, 34, 41, 44, 45, 53, 54, 55, 56, 57, 60, 61, 64, 65, 66, 69, 70, 71, 74, 75, 78, 90, 91, 92, 94, 97, 111, 129, 146, 149, 152, 156, 166, 167, 169, 174, 184, 185, 186, 187, 189, 193, 219, 226, 227, 230, 260, 268, 276, 277, 279, 282, 287, 333, 335, 338, 339, 341, 348, 349, 375, 385, 390, 392, 399, 400, 402, 406, 407, 409, 411, 413], "summary": {"covered_lines": 90, "num_statements": 136, "percent_covered": 66.17647058823529, "percent_covered_display": "66", "missing_lines": 46, "excluded_lines": 0, "percent_statements_covered": 66.17647058823529, "percent_statements_covered_display": "66"}, "missing_lines": [195, 196, 197, 198, 199, 200, 202, 203, 205, 207, 245, 280, 281, 283, 284, 301, 302, 303, 3
[...]
 "num_statements": 3, "percent_covered": 100.0, "percent_covered_display": "100", "missing_lines": 0, "excluded_lines": 0, "percent_statements_covered": 100.0, "percent_statements_covered_display": "100"}, "missing_lines": [], "excluded_lines": [], "start_line": 1}}, "classes": {"": {"executed_lines": [8, 9, 11], "summary": {"covered_lines": 3, "num_statements": 3, "percent_covered": 100.0, "percent_covered_display": "100", "missing_lines": 0, "excluded_lines": 0, "percent_statements_covered": 100.0, "percent_statements_covered_display": "100"}, "missing_lines": [], "excluded_lines": [], "start_line": 1}}}, "src\\acas_pro\\video\\video_maker.py": {"executed_lines": [8, 9, 10, 11, 12, 13, 14, 16, 17, 19, 22, 24, 25, 26, 27, 30, 32, 33, 34, 35, 36, 37, 40, 41, 46, 47, 50, 51, 52, 53, 56, 57, 60, 61, 64, 65, 66, 69, 70, 74, 75, 78, 79, 80, 81, 84, 85, 86, 89, 92, 93, 96, 97, 100, 103, 116, 160, 170, 171, 172, 173, 174, 176, 178, 200, 215, 217, 219, 227, 229, 240, 241, 242, 244, 246, 261, 282, 284, 285, 286, 289, 291, 292, 294, 314, 335, 344, 345, 346, 347, 364, 376, 377, 378, 424, 434, 435, 436, 458, 500, 507, 508, 510, 513, 517, 518, 520, 521, 523, 525, 526, 527, 532, 534, 535, 536], "summary": {"covered_lines": 116, "num_statements": 183, "percent_covered": 63.387978142076506, "percent_covered_display": "63", "missing_lines": 67, "excluded_lines": 0, "percent_statements_covered": 63.387978142076506, "percent_statements_covered_display": "63"}, "missing_lines": [263, 287, 316, 349, 357, 358, 359, 361, 362, 380, 383, 384, 385, 387, 388, 391, 393, 394, 395, 396, 397, 399, 402, 403, 404, 406, 415, 416, 418, 419, 421, 422, 438, 439, 453, 455, 456, 468, 469, 470, 473, 474, 476, 478, 479, 483, 486, 487, 488, 489, 491, 492, 494, 495, 496, 497, 498, 511, 512, 514, 515, 528, 529, 530, 538, 565, 566], "excluded_lines": [], "functions": {"VideoMaker.__init__": {"executed_lines": [171, 172, 173, 174], "summary": {"covered_lines": 4, "num_statements": 4, "percent_covered": 100.0, "percent_covered_display": "100", "missing_lines": 0, "excluded_lines": 0, "percent_statements_covered": 100.0, "percent_statements_covered_display": "100"}, "missing_lines": [], "excluded_lines": [], "start_line": 170}, "VideoMaker._init_database": {"executed_lines": [178, 200], "summary": {"covered_lines": 2, "num_statements": 2, "percent_covered": 100.0, "percent_covered_display": "100", "missing_lines": 0, "excluded_lines": 0, "percent_statements_covered": 100.0, "percent_statements_covered_display": "100"}, "missing_lines": [], "excluded_lines": [], "start_line": 176}, "VideoMaker._ensure_output_dir": {"executed_lines": [217], "summary": {"covered_lines": 1, "num_statements": 1, "percent_covered": 100.0, "percent_covered_display": "100", "missing_lines": 0, "excluded_lines": 0, "percent_statements_covered": 100.0, "percent_statements_covered_display": "100"}, "missing_lines": [], "excluded_lines": [], "start_line": 215}, "VideoMaker.create_project": {"executed_lines": [227, 229, 240, 241, 242], "summary": {"covered_lines": 5, "num_statements": 5, "percent_covered": 100.0, "percent_covered_display": "100", "missing_lines": 0, "excluded_lines": 0, "percent_statements_covered": 100.0, "percent_statements_covered_display": "100"}, "missing_lines": [], "excluded_lines": [], "start_line": 219}, "VideoMaker._save_project": {"executed_lines": [246], "summary": {"covered_lines": 1, "num_statements": 1, "percent_covered": 100.0, "percent_covered_display": "100", "missing_lines": 0, "excluded_lines": 0, "percent_statements_covered": 100.0, "percent_statements_covered_display": "100"}, "missing_lines": [], "excluded_lines": [], "start_line": 244}, "VideoMaker._clip_to_dict": {"executed_lines": [], "summary": {"covered_lines": 0, "num_statements": 1, "percent_covered": 0.0, "percent_covered_display": "0", "missing_lines": 1, "excluded_lines": 0, "percent_statements_covered": 0.0, "percent_statements_covered_display": "0"}, "missing_lines": [263], "excluded_lines": [], "start_line": 261}, "VideoMaker.get_project": {"executed_lines": [284, 285, 286], "summary": {"covered_lines": 3, "num_statements": 4, "percent_covered": 75.0, "percent_covered_display": "75", "missing_lines": 1, "excluded_lines": 0, "percent_statements_covered": 75.0, "percent_statements_covered_display": "75"}, "missing_lines": [287], "excluded_lines": [], "start_line": 282}, "VideoMaker._row_to_project": {"executed_lines": [291, 292, 294], "summary": {"covered_lines": 3, "num_statements": 3, "percent_covered": 100.0, "percent_covered_display": "100", "missing_lines": 0, "excluded_lines": 0, "percent_statements_covered": 100.0, "percent_statements_covered_display": "100"}, "missing_lines": [], "excluded_lines": [], "start_line": 289}, "VideoMaker._dict_to_clip": {"executed_lines": [], "summary": {"covered_lines": 0, "num_statements": 1, "percent_covered": 0.0, "percent_covered_display": "0", "missing_lines": 1, "excluded_lines": 0, "percent_statements_covered": 0.0, "percent_statements_covered_display": "0"}, "missing_lines": [316], "excluded_lines": [], "start_line": 314}, "VideoMaker.add_clip": {"executed_lines": [344, 345, 346, 347], "summary": {"covered_lines": 4, "num_statements": 10, "percent_covered": 40.0, "percent_covered_display": "40", "missing_lines": 6, "excluded_lines": 0, "percent_statements_covered": 40.0, "percent_statements_covered_display": "40"}, "missing_lines": [349, 357, 358, 359, 361, 362], "excluded_lines": [], "start_line": 335}, "VideoMaker.auto_edit": {"executed_lines": [376, 377, 378], "summary": {"covered_lines": 3, "num_statements": 26, "percent_covered": 11.538461538461538, "percent_covered_display": "12", "missing_lines": 23, "excluded_lines": 0, "percent_statements_covered": 11.538461538461538, "percent_statements_covered_display": "12"}, "missing_lines": [380, 383, 384, 385, 387, 388, 391, 393, 394, 395, 396, 397, 399, 402, 403, 404, 406, 415, 416, 418, 419, 421, 422], "excluded_lines": [], "start_line": 364}, "VideoMaker.add_subtitles": {"executed_lines": [434, 435, 436], "summary": {"covered_lines": 3, "num_statements": 8, "percent_covered": 37.5, "percent_covered_display": "38", "missing_lines": 5, "excluded_lines": 0, "percent_statements_covered": 37.5, "percent_statements_covered_display": "38"}, "missing_lines": [438, 439, 453, 455, 456], "excluded_lines": [], "start_line": 424}, "VideoMaker.render_project": {"executed_lines": [], "summary": {"covered_lines": 0, "num_statements": 20, "percent_covered": 0.0, "percent_covered_display": "0", "missing_lines": 20, "excluded_lines": 0, "percent_statements_covered": 0.0, "percent_statements_covered_display": "0"}, "missing_lines": [468, 469, 470, 473, 474, 476, 478, 479, 483, 486, 487, 488, 489, 491, 492, 494, 495, 496, 497, 498], "excluded_lines": [], "start_line": 458}, "VideoMaker.list_projects": {"executed_lines": [507, 508, 510, 513, 517, 518, 520, 521], "summary": {"covered_lines": 8, "num_statements": 12, "percent_covered": 66.66666666666667, "percent_covered_display": "67", "missing_lines": 4, "excluded_lines": 0, "percent_statements_covered": 66.66666666666667, "percent_statements_covered_display": "67"}, "missing_lines": [511, 512, 514, 515], "excluded_lines": [], "start_line": 500}, "VideoMaker.delete_project": {"executed_lines": [525, 526, 527], "summary": {"covered_lines": 3, "num_statements": 6, "percent_covered": 50.0, "percent_covered_display": "50", "missing_lines": 3, "excluded_lines": 0, "percent_statements_covered": 50.0, "percent_statements_covered_display": "50"}, "missing_lines": [528, 529, 530], "excluded_lines": [], "start_line": 523}, "VideoMaker.duplicate_project": {"executed_lines": [534, 535, 536], "summary": {"covered_lines": 3, "num_statements": 6, "percent_covered": 50.0, "percent_covered_display": "50", "missing_lines": 3, "excluded_lines": 0, "percent_statements_covered": 50.0, "percent_statements_covered_display": "50"}, "missing_lines": [538, 565, 566], "excluded_lines": [], "start_line": 532}, "": {"executed_lines": [8, 9, 10, 11, 12, 13, 14, 16, 17, 19, 22, 24, 25, 26, 27, 30, 32, 33, 34, 35, 36, 37, 40, 41, 46, 47, 50, 51, 52, 53, 56, 57, 60, 61, 64, 65, 66, 69, 70, 74, 75, 78, 79, 80, 81, 84, 85, 86, 89, 92, 93, 96, 97, 100, 103, 116, 160, 170, 176, 215, 219, 244, 261, 282, 289, 314, 335, 364, 424, 458, 500, 523, 532], "summary": {"covered_lines": 73, "num_statements": 73, "percent_covered": 100.0, "percent_covered_display": "100", "missing_lines": 0, "excluded_lines": 0, "percent_statements_covered": 100.0, "percent_statements_covered_display": "100"}, "missing_lines": [], "excluded_lines": [], "start_line": 1}}, "classes": {"VideoStatus": {"executed_lines": [], "summary": {"covered_lines": 0, "num_statements": 0, "percent_covered": 100.0, "percent_covered_display": "100", "missing_lines": 0, "excluded_lines": 0, "percent_statements_covered": 100.0, "percent_statements_covered_display": "100"}, "missing_lines": [], "excluded_lines": [], "start_line": 22}, "ClipType": {"executed_lines": [], "summary": {"covered_lines": 0, "num_statements": 0, "percent_covered": 100.0, "percent_covered_display": "100", "missing_lines": 0, "excluded_lines": 0, "percent_statements_covered": 100.0, "percent_statements_covered_display": "100"}, "missing_lines": [], "excluded_lines": [], "start_line": 30}, "VideoClip": {"executed_lines": [], "summary": {"covered_lines": 0, "num_statements": 0, "percent_covered": 100.0, "percent_covered_display": "100", "missing_lines": 0, "excluded_lines": 0, "percent_statements_covered": 100.0, "percent_statements_covered_display": "100"}, "missing_lines": [], "excluded_lines": [], "start_line": 41}, "VideoProject": {"executed_lines": [], "summary": {"covered_lines": 0, "num_statements": 0, "percent_covered": 100.0, "percent_covered_display": "100", "missing_lines": 0, "excluded_lines": 0, "percent_statements_covered": 100.0, "percent_statements_covered_display": "100"}, "missing_lines": [], "excluded_lines": [], "start_line": 70}, "VideoMaker": {"executed_lines": [171, 172, 173, 174, 178, 200, 217, 227, 229, 240, 241, 242, 246, 284, 285, 286, 291, 292, 294, 344, 345, 346, 347, 376, 377, 378, 434, 435, 436, 507, 508, 510, 513, 517, 518, 520, 521, 525, 526, 527, 534, 535, 536], "summary": {"covered_lines": 43, "num_statements": 110, "percent_covered": 39.09090909090909, "percent_covered_display": "39", "missing_lines": 67, "excluded_lines": 0, "percent_statements_covered": 39.09090909090909, "percent_statements_covered_display": "39"}, "missing_lines": [263, 287, 316, 349, 357, 358, 359, 361, 362, 380, 383, 384, 385, 387, 388, 391, 393, 394, 395, 396, 397, 399, 402, 403, 404, 406, 415, 416, 418, 419, 421, 422, 438, 439, 453, 455, 456, 468, 469, 470, 473, 474, 476, 478, 479, 483, 486, 487, 488, 489, 491, 492, 494, 495, 496, 497, 498, 511, 512, 514, 515, 528, 529, 530, 538, 565, 566], "excluded_lines": [], "start_line": 103}, "": {"executed_lines": [8, 9, 10, 11, 12, 13, 14, 16, 17, 19, 22, 24, 25, 26, 27, 30, 32, 33, 34, 35, 36, 37, 40, 41, 46, 47, 50, 51, 52, 53, 56, 57, 60, 61, 64, 65, 66, 69, 70, 74, 75, 78, 79, 80, 81, 84, 85, 86, 89, 92, 93, 96, 97, 100, 103, 116, 160, 170, 176, 215, 219, 244, 261, 282, 289, 314, 335, 364, 424, 458, 500, 523, 532], "summary": {"covered_lines": 73, "num_statements": 73, "percent_covered": 100.0, "percent_covered_display": "100", "missing_lines": 0, "excluded_lines": 0, "percent_statements_covered": 100.0, "percent_statements_covered_display": "100"}, "missing_lines": [], "excluded_lines": [], "start_line": 1}}}, "src\\acas_pro\\video\\voice_synthesis.py": {"executed_lines": [8, 9, 10, 11, 12, 13, 15, 16, 18, 21, 23, 24, 25, 26, 27, 28, 31, 33, 34, 35, 36, 37, 40, 41, 49, 52, 65, 80, 81, 82, 83, 84, 86, 88, 106, 116, 118, 120, 122, 124, 126, 129, 131, 154, 156, 157, 158, 161, 166, 169, 173, 176, 179, 185, 186, 195, 199, 201, 203, 210, 211, 212, 213, 216, 233, 235, 239, 242, 249, 254, 255, 257, 278, 280, 284, 285, 288, 293, 295, 297, 298, 299, 302, 304, 308, 310, 312, 314, 315, 318, 319], "summary": {"covered_lines": 91, "num_statements": 107, "percent_covered": 85.04672897196262, "percent_covered_display": "85", "missing_lines": 16, "excluded_lines": 0, "percent_statements_covered": 85.04672897196262, "percent_statements_covered_display": "85"}, "missing_lines": [125, 127, 188, 189, 190, 193, 214, 236, 237, 281, 282, 300, 316, 320, 321, 322], "excluded_lines": [], "functions": {"VoiceSynthesizer.__init__": {"executed_lines": [81, 82, 83, 84], "summary": {"covered_lines": 4, "num_statements": 4, "percent_covered": 100.0, "percent_covered_display": "100", "missing_lines": 0, "excluded_lines": 0, "percent_statements_covered": 100.0, "percent_statements_covered_display": "100"}, "missing_lines": [], "excluded_lines": [], "start_line": 80}, "VoiceSynthesizer._init_database": {"executed_lines": [88, 106], "summary": {"covered_lines": 2, "num_statements": 2, "percent_covered": 100.0, "percent_covered_display": "100", "missing_lines": 0, "excluded_lines": 0, "percent_statements_covered": 100.0, "percent_statements_covered_display": "100"}, "missing_lines": [], "excluded_lines": [], "start_line": 86}, "VoiceSynthesizer._ensure_output_dir": {"executed_lines": [118], "summary": {"covered_lines": 1, "num_statements": 1, "percent_covered": 100.0, "percent_covered_display": "100", "missing_lines": 0, "excluded_lines": 0, "percent_statements_covered": 100.0, "percent_statements_covered_display": "100"}, "missing_lines": [], "excluded_lines": [], "start_line": 116}, "VoiceSynthesizer.list_voices": {"executed_lines": [122, 124, 126, 129], "summary": {"covered_lines": 4, "num_statements": 6, "percent_covered": 66.66666666666667, "percent_covered_display": "67", "missing_lines": 2, "excluded_lines": 0, "percent_statements_covered": 66.66666666666667, "percent_statements_covered_display": "67"}, "missing_lines": [125, 127], "excluded_lines": [], "start_line": 120}, "VoiceSynthesizer.synthesize": {"executed_lines": [154, 156, 157, 158, 161, 166, 169, 173, 176, 179, 185, 186], "summary": {"covered_lines": 12, "num_statements": 16, "percent_covered": 75.0, "percent_covered_display": "75", "missing_lines": 4, "excluded_lines": 0, "percent_statements_covered": 75.0, "percent_statements_covered_display": "75"}, "missing_lines": [188, 189, 190, 193], "excluded_lines": [], "start_line": 131}, "VoiceSynthesizer._mock_synthesize": {"executed_lines": [199, 201], "summary": {"covered_lines": 2, "num_statements": 2, "percent_covered": 100.0, "percent_covered_display": "100", "missing_lines": 0, "excluded_lines": 0, "percent_statements_covered": 100.0, "percent_statements_covered_display": "100"}, "missing_lines": [], "excluded_lines": [], "start_line": 195}, "VoiceSynthesizer.batch_synthesize": {"executed_lines": [210, 211, 212, 213], "summary": {"covered_lines": 4, "num_statements": 5, "percent_covered": 80.0, "percent_covered_display": "80", "missing_lines": 1, "excluded_lines": 0, "percent_statements_covered": 80.0, "percent_statements_covered_display": "80"}, "missing_lines": [214], "excluded_lines": [], "start_line": 203}, "VoiceSynthesizer.clone_voice": {"executed_lines": [233, 235, 239, 242, 249, 254, 255], "summary": {"covered_lines": 7, "num_statements": 9, "percent_covered": 77.77777777777777, "percent_covered_display": "78", "missing_lines": 2, "excluded_lines": 0, "percent_statements_covered": 77.77777777777777, "percent_statements_covered_display": "78"}, "missing_lines": [236, 237], "excluded_lines": [], "start_line": 216}, "VoiceSynthesizer.mix_with_music": {"executed_lines": [278, 280, 284, 285, 288, 293], "summary": {"covered_lines": 6, "num_statements": 8, "percent_covered": 75.0, "percent_covered_display": "75", "missing_lines": 2, "excluded_lines": 0, "percent_statements_covered": 75.0, "percent_statements_covered_display": "75"}, "missing_lines": [281, 282], "excluded_lines": [], "start_line": 257}, "VoiceSynthesizer.get_task_status": {"executed_lines": [297, 298, 299], "summary": {"covered_lines": 3, "num_statements": 4, "percent_covered": 75.0, "percent_covered_display": "75", "missing_lines": 1, "excluded_lines": 0, "percent_statements_covered": 75.0, "percent_statements_covered_display": "75"}, "missing_lines": [300], "excluded_lines": [], "start_line": 295}, "VoiceSynthesizer.list_tasks": {"executed_lines": [304, 308], "summary": {"covered_lines": 2, "num_statements": 2, "percent_covered": 100.0, "percent_covered_display": "100", "missing_lines": 0, "excluded_lines": 0, "percent_statements_covered": 100.0, "percent_statements_covered_display": "100"}, "missing_lines": [], "excluded_lines": [], "start_line": 302}, "VoiceSynthesizer.delete_task": {"executed_lines": [312, 314, 315, 318, 319], "summary": {"covered_lines": 5, "num_statements": 9, "percent_covered": 55.55555555555556, "percent_covered_display": "56", "missing_lines": 4, "excluded_lines": 0, "percent_statements_covered": 55.55555555555556, "percent_statements_covered_display": "56"}, "missing_lines": [316, 320, 321, 322], "excluded_lines": [], "start_line": 310}, "": {"executed_lines": [8, 9, 10, 11, 12, 13, 15, 16, 18, 21, 23, 24, 25, 26, 27, 28, 31, 33, 34, 35, 36, 37, 40, 41, 49, 52, 65, 80, 86, 116, 120, 131, 195, 203, 216, 257, 295, 302, 310], "summary": {"covered_lines": 39, "num_statements": 39, "percent_covered": 100.0, "percent_covered_display": "100", "missing_lines": 0, "excluded_lines": 0, "percent_statements_covered": 100.0, "percent_statements_covered_display": "100"}, "missing_lines": [], "excluded_lines": [], "start_line": 1}}, "classes": {"VoiceStyle": {"executed_lines": [], "summary": {"covered_lines": 0, "num_statements": 0, "percent_covered": 100.0, "percent_covered_display": "100", "missing_lines": 0, "excluded_lines": 0, "percent_statements_covered": 100.0, "percent_statements_covered_display": "100"}, "missing_lines": [], "excluded_lines": [], "start_line": 21}, "Language": {"executed_lines": [], "summary": {"covered_lines": 0, "num_statements": 0, "percent_covered": 100.0, "percent_covered_display": "100", "missing_lines": 0, "excluded_lines": 0, "percent_statements_covered": 100.0, "percent_statements_covered_display": "100"}, "missing_lines": [], "excluded_lines": [], "start_line": 31}, "VoiceProfile": {"executed_lines": [], "summary": {"covered_lines": 0, "num_statements": 0, "percent_covered": 100.0, "percent_covered_display": "100", "missing_lines": 0, "excluded_lines": 0, "percent_statements_covered": 100.0, "percent_statements_covered_display": "100"}, "missing_lines": [], "excluded_lines": [], "start_line": 41}, "VoiceSynthesizer": {"executed_lines": [81, 82, 83, 84, 88, 106, 118, 122, 124, 126, 129, 154, 156, 157, 158, 161, 166, 169, 173, 176, 179, 185, 186, 199, 201, 210, 211, 212, 213, 233, 235, 239, 242, 249, 254, 255, 278, 280, 284, 285, 288, 293, 297, 298, 299, 304, 308, 312, 314, 315, 318, 319], "summary": {"covered_lines": 52, "num_statements": 68, "percent_covered": 76.47058823529412, "percent_covered_display": "76", "missing_lines": 16, "excluded_lines": 0, "percent_statements_covered": 76.47058823529412, "percent_statements_covered_display": "76"}, "missing_lines": [125, 127, 188, 189, 190, 193, 214, 236, 237, 281, 282, 300, 316, 320, 321, 322], "excluded_lines": [], "start_line": 52}, "": {"executed_lines": [8, 9, 10, 11, 12, 13, 15, 16, 18, 21, 23, 24, 25, 26, 27, 28, 31, 33, 34, 35, 36, 37, 40, 41, 49, 52, 65, 80, 86, 116, 120, 131, 195, 203, 216, 257, 295, 302, 310], "summary": {"covered_lines": 39, "num_statements": 39, "percent_covered": 100.0, "percent_covered_display": "100", "missing_lines": 0, "excluded_lines": 0, "percent_statements_covered": 100.0, "percent_statements_covered_display": "100"}, "missing_lines": [], "excluded_lines": [], "start_line": 1}}}}, "totals": {"covered_lines": 5192, "num_statements": 11466, "percent_covered": 45.28170242455957, "percent_covered_display": "45", "missing_lines": 6274, "excluded_lines": 0, "percent_statements_covered": 45.28170242455957, "percent_statements_covered_display": "45"}}