{"meta": {"format": 3, "version": "7.14.0", "timestamp": "2026-05-21T07:59:54.332690", "branch_coverage": false, "show_contexts": false}, "files": {"src\\acas_pro\\__init__.py": {"executed_lines": [], "summary": {"covered_lines": 0, "num_statements": 0, "percent_covered": 100.0, "percent_covered_display": "100", "missing_lines": 0, "excluded_lines": 0, "percent_statements_covered": 100.0, "percent_statements_covered_display": "100"}, "missing_lines": [], "excluded_lines": [], "functions": {"": {"executed_lines": [], "summary": {"covered_lines": 0, "num_statements": 0, "percent_covered": 100.0, "percent_covered_display": "100", "missing_lines": 0, "excluded_lines": 0, "percent_statements_covered": 100.0, "percent_statements_covered_display": "100"}, "missing_lines": [], "excluded_lines": [], "start_line": 1}}, "classes": {"": {"executed_lines": [], "summary": {"covered_lines": 0, "num_statements": 0, "percent_covered": 100.0, "percent_covered_display": "100", "missing_lines": 0, "excluded_lines": 0, "percent_statements_covered": 100.0, "percent_statements_covered_display": "100"}, "missing_lines": [], "excluded_lines": [], "start_line": 1}}}, "src\\acas_pro\\ads\\__init__.py": {"executed_lines": [], "summary": {"covered_lines": 0, "num_statements": 0, "percent_covered": 100.0, "percent_covered_display": "100", "missing_lines": 0, "excluded_lines": 0, "percent_statements_covered": 100.0, "percent_statements_covered_display": "100"}, "missing_lines": [], "excluded_lines": [], "functions": {"": {"executed_lines": [], "summary": {"covered_lines": 0, "num_statements": 0, "percent_covered": 100.0, "percent_covered_display": "100", "missing_lines": 0, "excluded_lines": 0, "percent_statements_covered": 100.0, "percent_statements_covered_display": "100"}, "missing_lines": [], "excluded_lines": [], "start_line": 1}}, "classes": {"": {"executed_lines": [], "summary": {"covered_lines": 0, "num_statements": 0, "percent_covered": 100.0, "percent_covered_display": "100", "missing_lines": 0, "excluded_lines": 0, "percent_statements_covered": 100.0, "percent_statements_covered_display": "100"}, "missing_lines": [], "excluded_lines": [], "start_line": 1}}}, "src\\acas_pro\\ads\\ad_manager.py": {"executed_lines": [6, 7, 8, 9, 10, 11, 12, 14, 15, 16, 19, 21, 22, 23, 24, 25, 28, 30, 31, 32, 33, 34, 35, 36, 39, 41, 42, 45, 46, 56, 57, 58, 59, 60, 62, 63, 65, 66, 67, 70, 71, 94, 95, 96, 97, 99, 100, 102, 103, 104, 105, 106, 108, 109, 116, 117, 134, 135, 138, 140, 141, 142, 143, 145, 146, 148, 149, 150, 151, 152, 153, 154, 156, 157, 158, 159, 160, 161, 162, 165, 166, 175, 176, 179, 180, 181, 184, 185, 187, 188, 190, 195, 196, 201, 204, 205, 206, 207, 209, 211, 213, 233, 257, 276, 280, 282, 284, 285, 287, 288, 289, 299, 301, 302, 303, 304, 305, 307, 309, 310, 311, 315, 317, 319, 320, 322, 338, 339, 341, 343, 345, 347, 348, 349, 350, 355, 357, 358, 359, 361, 377, 378, 380, 382, 384, 385, 386, 390, 391, 396, 398, 399, 400, 401, 402, 403, 404, 405, 406, 410, 412, 413, 414, 415, 417, 432, 434, 435, 436, 437, 438, 440, 442, 443, 444, 448, 450, 451, 452, 472, 473, 475, 477, 480, 482, 483, 484, 485, 487, 490, 494, 496, 497, 498, 521, 523, 525, 526, 527, 533, 534, 539, 541, 542, 543, 544, 545, 546, 547, 548, 552, 556, 558, 559, 560, 561, 562, 564, 565, 572, 574, 579, 581, 582, 583, 591, 592, 604, 605, 607, 613, 615, 617, 618, 619, 629, 642], "summary": {"covered_lines": 237, "num_statements": 266, "percent_covered": 89.09774436090225, "percent_covered_display": "89", "missing_lines": 29, "excluded_lines": 0, "percent_statements_covered": 89.09774436090225, "percent_statements_covered_display": "89"}, "missing_lines": [110, 111, 112, 113, 191, 192, 193, 197, 198, 392, 393, 394, 488, 489, 491, 492, 518, 519, 535, 536, 537, 575, 576, 577, 593, 630, 631, 639, 640], "excluded_lines": [], "functions": {"AdCreative.to_dict": {"executed_lines": [63], "summary": {"covered_lines": 1, "num_statements": 1, "percent_covered": 100.0, "percent_covered_display": "100", "missing_lines": 0, "excluded_lines": 0, "percent_statements_covered": 100.0, "percent_statements_covered_display": "100"}, "missing_lines": [], "excluded_lines": [], "start_line": 62}, "AdCreative.from_dict": {"executed_lines": [67], "summary": {"covered_lines": 1, "num_statements": 1, "percent_covered": 100.0, "percent_covered_display": "100", "missing_lines": 0, "excluded_lines": 0, "percent_statements_covered": 100.0, "percent_statements_covered_display": "100"}, "missing_lines": [], "excluded_lines": [], "start_line": 66}, "AdSet.to_dict": {"executed_lines": [103, 104, 105, 106], "summary": {"covered_lines": 4, "num_statements": 4, "percent_covered": 100.0, "percent_covered_display": "100", "missing_lines": 0, "excluded_lines": 0, "percent_statements_covered": 100.0, "percent_statements_covered_display": "100"}, "missing_lines": [], "excluded_lines": [], "start_line": 102}, "AdSet.from_dict": {"executed_lines": [], "summary": {"covered_lines": 0, "num_statements": 4, "percent_covered": 0.0, "percent_covered_display": "0", "missing_lines": 4, "excluded_lines": 0, "percent_statements_covered": 0.0, "percent_statements_covered_display": "0"}, "missing_lines": [110, 111, 112, 113], "excluded_lines": [], "start_line": 109}, "AdCampaign.to_dict": {"executed_lines": [149, 150, 151, 152, 153, 154], "summary": {"covered_lines": 6, "num_statements": 6, "percent_covered": 100.0, "percent_covered_display": "100", "missing_lines": 0, "excluded_lines": 0, "percent_statements_covered": 100.0, "percent_statements_covered_display": "100"}, "missing_lines": [], "excluded_lines": [], "start_line": 148}, "AdCampaign.from_dict": {"executed_lines": [158, 159, 160, 161, 162], "summary": {"covered_lines": 5, "num_statements": 5, "percent_covered": 100.0, "percent_covered_display": "100", "missing_lines": 0, "excluded_lines": 0, "percent_statements_covered": 100.0, "percent_statements_covered_display": "100"}, "missing_lines": [], "excluded_lines": [], "start_line": 157}, "AdAccount.to_dict": {"executed_lines": [], "summary": {"covered_lines": 0, "num_statements": 3, "percent_covered": 0.0, "percent_covered_display": "0", "missing_lines": 3, "excluded_lines": 0, "percent_statements_covered": 0.0, "percent_statements_covered_display": "0"}, "missing_lines": [191, 192, 193], "excluded_lines": [], "start_line": 190}, "AdAccount.from_dict": {"executed_lines": [], "summary": {"covered_lines": 0, "num_statements": 2, "percent_covered": 0.0, "percent_covered_display": "0", "missing_lines": 2, "excluded_lines": 0, "percent_statements_covered": 0.0, "percent_statements_covered_display": "0"}, "missing_lines": [197, 198], "excluded_lines": [], "start_line": 196}, "AdManager.__init__": {"executed_lines": [205, 206, 207], "summary": {"covered_lines": 3, "num_statements": 3, "percent_covered": 100.0, "percent_covered_display": "100", "missing_lines": 0, "excluded_lines": 0, "percent_statements_covered": 100.0, "percent_statements_covered_display": "100"}, "missing_lines": [], "excluded_lines": [], "start_line": 204}, "AdManager._init_database": {"executed_lines": [211, 213, 233, 257, 276], "summary": {"covered_lines": 5, "num_statements": 5, "percent_covered": 100.0, "percent_covered_display": "100", "missing_lines": 0, "excluded_lines": 0, "percent_statements_covered": 100.0, "percent_statements_covered_display": "100"}, "missing_lines": [], "excluded_lines": [], "start_line": 209}, "AdManager.add_account": {"executed_lines": [282, 284, 285, 287, 288, 289, 299, 301, 302, 303, 304, 305], "summary": {"covered_lines": 12, "num_statements": 12, "percent_covered": 100.0, "percent_covered_display": "100", "missing_lines": 0, "excluded_lines": 0, "percent_statements_covered": 100.0, "percent_statements_covered_display": "100"}, "missing_lines": [], "excluded_lines": [], "start_line": 280}, "AdManager.get_account": {"executed_lines": [309, 310, 311, 315, 317, 319, 320, 322, 338, 339, 341], "summary": {"covered_lines": 11, "num_statements": 11, "percent_covered": 100.0, "percent_covered_display": "100", "missing_lines": 0, "excluded_lines": 0, "percent_statements_covered": 100.0, "percent_statements_covered_display": "100"}, "missing_lines": [], "excluded_lines": [], "start_line": 307}, "AdManager.get_all_accounts": {"executed_lines": [345, 347, 348, 349, 350, 355, 357, 358, 359, 361, 377, 378, 380], "summary": {"covered_lines": 13, "num_statements": 13, "percent_covered": 100.0, "percent_covered_display": "100", "missing_lines": 0, "excluded_lines": 0, "percent_statements_covered": 100.0, "percent_statements_covered_display": "100"}, "missing_lines": [], "excluded_lines": [], "start_line": 343}, "AdManager.update_account_balance": {"executed_lines": [384, 385, 386, 390, 391], "summary": {"covered_lines": 5, "num_statements": 8, "percent_covered": 62.5, "percent_covered_display": "62", "missing_lines": 3, "excluded_lines": 0, "percent_statements_covered": 62.5, "percent_statements_covered_display": "62"}, "missing_lines": [392, 393, 394], "excluded_lines": [], "start_line": 382}, "AdManager.delete_account": {"executed_lines": [398, 399, 400, 401, 402, 403, 404, 405, 406], "summary": {"covered_lines": 9, "num_statements": 9, "percent_covered": 100.0, "percent_covered_display": "100", "missing_lines": 0, "excluded_lines": 0, "percent_statements_covered": 100.0, "percent_statements_covered_display": "100"}, "missing_lines": [], "excluded_lines": [], "start_line": 396}, "AdManager.create_campaign": {"executed_lines": [412, 413, 414, 415, 417, 432, 434, 435, 436, 437, 438], "summary": {"covered_lines": 11, "num_statements": 11, "percent_covered": 100.0, "percent_covered_display": "100", "missing_lines": 0, "excluded_lines": 0, "percent_statements_covered": 100.0, "percent_statements_covered_display": "100"}, "missing_lines": [], "excluded_lines": [], "start_line": 410}, "AdManager.get_campaign": {"executed_lines": [442, 443, 444, 448, 450, 451, 452, 472, 473, 475], "summary": {"covered_lines": 10, "num_statements": 10, "percent_covered": 100.0, "percent_covered_display": "100", "missing_lines": 0, "excluded_lines": 0, "percent_statements_covered": 100.0, "percent_statements_covered_display": "100"}, "missing_lines": [], "excluded_lines": [], "start_line": 440}, "AdManager.get_campaigns": {"executed_lines": [480, 482, 483, 484, 485, 487, 490, 494, 496, 497, 498, 521], "summary": {"covered_lines": 12, "num_statements": 18, "percent_covered": 66.66666666666667, "percent_covered_display": "67", "missing_lines": 6, "excluded_lines": 0, "percent_statements_covered": 66.66666666666667, "percent_statements_covered_display": "67"}, "missing_lines": [488, 489, 491, 492, 518, 519], "excluded_lines": [], "start_line": 477}, "AdManager.update_campaign_status": {"executed_lines": [525, 526, 527, 533, 534], "summary": {"covered_lines": 5, "num_statements": 8, "percent_covered": 62.5, "percent_covered_display": "62", "missing_lines": 3, "excluded_lines": 0, "percent_statements_covered": 62.5, "percent_statements_covered_display": "62"}, "missing_lines": [535, 536, 537], "excluded_lines": [], "start_line": 523}, "AdManager.delete_campaign": {"executed_lines": [541, 542, 543, 544, 545, 546, 547, 548], "summary": {"covered_lines": 8, "num_statements": 8, "percent_covered": 100.0, "percent_covered_display": "100", "missing_lines": 0, "excluded_lines": 0, "percent_statements_covered": 100.0, "percent_statements_covered_display": "100"}, "missing_lines": [], "excluded_lines": [], "start_line": 539}, "AdManager.record_daily_stats": {"executed_lines": [556, 558, 559, 560, 561, 562, 564, 565, 572, 574], "summary": {"covered_lines": 10, "num_statements": 13, "percent_covered": 76.92307692307692, "percent_covered_display": "77", "missing_lines": 3, "excluded_lines": 0, "percent_statements_covered": 76.92307692307692, "percent_statements_covered_display": "77"}, "missing_lines": [575, 576, 577], "excluded_lines": [], "start_line": 552}, "AdManager.get_campaign_stats": {"executed_lines": [581, 582, 583, 591, 592, 604, 605, 607], "summary": {"covered_lines": 8, "num_statements": 9, "percent_covered": 88.88888888888889, "percent_covered_display": "89", "missing_lines": 1, "excluded_lines": 0, "percent_statements_covered": 88.88888888888889, "percent_statements_covered_display": "89"}, "missing_lines": [593], "excluded_lines": [], "start_line": 579}, "AdManager.get_platform_comparison": {"executed_lines": [615, 617, 618, 619, 629, 642], "summary": {"covered_lines": 6, "num_statements": 10, "percent_covered": 60.0, "percent_covered_display": "60", "missing_lines": 4, "excluded_lines": 0, "percent_statements_covered": 60.0, "percent_statements_covered_display": "60"}, "missing_lines": [630, 631, 639, 640], "excluded_lines": [], "start_line": 613}, "": {"executed_lines": [6, 7, 8, 9, 10, 11, 12, 14, 15, 16, 19, 21, 22, 23, 24, 25, 28, 30, 31, 32, 33, 34, 35, 36, 39, 41, 42, 45, 46, 56, 57, 58, 59, 60, 62, 65, 66, 70, 71, 94, 95, 96, 97, 99, 100, 102, 108, 109, 116, 117, 134, 135, 138, 140, 141, 142, 143, 145, 146, 148, 156, 157, 165, 166, 175, 176, 179, 180, 181, 184, 185, 187, 188, 190, 195, 196, 201, 204, 209, 280, 307, 343, 382, 396, 410, 440, 477, 523, 539, 552, 579, 613], "summary": {"covered_lines": 92, "num_statements": 92, "percent_covered": 100.0, "percent_covered_display": "100", "missing_lines": 0, "excluded_lines": 0, "percent_statements_covered": 100.0, "percent_statements_covered_display": "100"}, "missing_lines": [], "excluded_lines": [], "start_line": 1}}, "classes": {"AdPlatform": {"executed_lines": [], "summary": {"covered_lines": 0, "num_statements": 0, "percent_covered": 100.0, "percent_covered_display": "100", "missing_lines": 0, "excluded_lines": 0, "percent_statements_covered": 100.0, "percent_statements_covered_display": "100"}, "missing_lines": [], "excluded_lines": [], "start_line": 19}, "CampaignStatus": {"executed_lines": [], "summary": {"covered_lines": 0, "num_statements": 0, "percent_covered": 100.0, "percent_covered_display": "100", "missing_lines": 0, "excluded_lines": 0, "percent_statements_covered": 100.0, "percent_statements_covered_display": "100"}, "missing_lines": [], "excluded_lines": [], "start_line": 28}, "BudgetType": {"executed_lines": [], "summary": {"covered_lines": 0, "num_statements": 0, "percent_covered": 100.0, "percent_covered_display": "100", "missing_lines": 0, "excluded_lines": 0, "percent_statements_covered": 100.0, "percent_statements_covered_display": "100"}, "missing_lines": [], "excluded_lines": [], "start_line": 39}, "AdCreative": {"executed_lines": [63, 67], "summary": {"covered_lines": 2, "num_statements": 2, "percent_covered": 100.0, "percent_covered_display": "100", "missing_lines": 0, "excluded_lines": 0, "percent_statements_covered": 100.0, "percent_statements_covered_display": "100"}, "missing_lines": [], "excluded_lines": [], "start_line": 46}, "AdSet": {"executed_lines": [103, 104, 105, 106], "summary": {"covered_lines": 4, "num_statements": 8, "percent_covered": 50.0, "percent_covered_display": "50", "missing_lines": 4, "excluded_lines": 0, "percent_statements_covered": 50.0, "percent_statements_covered_display": "50"}, "missing_lines": [110, 111, 112, 113], "excluded_lines": [], "start_line": 71}, "AdCampaign": {"executed_lines": [149, 150, 151, 152, 153, 154, 158, 159, 160, 161, 162], "summary": {"covered_lines": 11, "num_statements": 11, "percent_covered": 100.0, "percent_covered_display": "100", "missing_lines": 0, "excluded_lines": 0, "percent_statements_covered": 100.0, "percent_statements_covered_display": "100"}, "missing_lines": [], "excluded_lines": [], "start_line": 117}, "AdAccount": {"executed_lines": [], "summary": {"covered_lines": 0, "num_statements": 5, "percent_covered": 0.0, "percent_covered_display": "0", "missing_lines": 5, "excluded_lines": 0, "percent_statements_covered": 0.0, "percent_statements_covered_display": "0"}, "missing_lines": [191, 192, 193, 197, 198], "excluded_lines": [], "start_line": 166}, "AdManager": {"executed_lines": [205, 206, 207, 211, 213, 233, 257, 276, 282, 284, 285, 287, 288, 289, 299, 301, 302, 303, 304, 305, 309, 310, 311, 315, 317, 319, 320, 322, 338, 339, 341, 345, 347, 348, 349, 350, 355, 357, 358, 359, 361, 377, 378, 380, 384, 385, 386, 390, 391, 398, 399, 400, 401, 402, 403, 404, 405, 406, 412, 413, 414, 415, 417, 432, 434, 435, 436, 437, 438, 442, 443, 444, 448, 450, 451, 452, 472, 473, 475, 480, 482, 483, 484, 485, 487, 490, 494, 496, 497, 498, 521, 525, 526, 527, 533, 534, 541, 542, 543, 544, 545, 546, 547, 548, 556, 558, 559, 560, 561, 562, 564, 565, 572, 574, 581, 582, 583, 591, 592, 604, 605, 607, 615, 617, 618, 619, 629, 642], "summary": {"covered_lines": 128, "num_statements": 148, "percent_covered": 86.48648648648648, "percent_covered_display": "86", "missing_lines": 20, "excluded_lines": 0, "percent_statements_covered": 86.48648648648648, "percent_statements_covered_display": "86"}, "missing_lines": [392, 393, 394, 488, 489, 491, 492, 518, 519, 535, 536, 537, 575, 576, 577, 593, 630, 631, 639, 640], "excluded_lines": [], "start_line": 201}, "": {"executed_lines": [6, 7, 8, 9, 10, 11, 12, 14, 15, 16, 19, 21, 22, 23, 24, 25, 28, 30, 31, 32, 33, 34, 35, 36, 39, 41, 42, 45, 46, 56, 57, 58, 59, 60, 62, 65, 66, 70, 71, 94, 95, 96, 97, 99, 100, 102, 108, 109, 116, 117, 134, 135, 138, 140, 141, 142, 143, 145, 146, 148, 156, 157, 165, 166, 175, 176, 179, 180, 181, 184, 185, 187, 188, 190, 195, 196, 201, 204, 209, 280, 307, 343, 382, 396, 410, 440, 477, 523, 539, 552, 579, 613], "summary": {"covered_lines": 92, "num_statements": 92, "percent_covered": 100.0, "percent_covered_display": "100", "missing_lines": 0, "excluded_lines": 0, "percent_statements_covered": 100.0, "percent_statements_covered_display": "100"}, "missing_lines": [], "excluded_lines": [], "start_line": 1}}}, "src\\acas_pro\\ads\\ad_manager_v2.py": {"executed_lines": [2, 3, 4, 6, 7, 10, 13, 14, 15, 16, 18, 20, 32, 43, 55, 59, 63, 78, 83, 95, 99], "summary": {"covered_lines": 21, "num_statements": 44, "percent_covered": 47.72727272727273, "percent_covered_display": "48", "missing_lines": 23, "excluded_lines": 0, "percent_statements_covered": 47.72727272727273, "percent_statements_covered_display": "48"}, "missing_lines": [45, 46, 48, 53, 57, 61, 65, 66, 68, 69, 71, 72, 76, 80, 81, 85, 86, 88, 93, 97, 101, 102, 103], "excluded_lines": [], "functions": {"AdManager.__init__": {"executed_lines": [14, 15, 16], "summary": {"covered_lines": 3, "num_statements": 3, "percent_covered": 100.0, "percent_covered_display": "100", "missing_lines": 0, "excluded_lines": 0, "percent_statements_covered": 100.0, "percent_statements_covered_display": "100"}, "missing_lines": [], "excluded_lines": [], "start_line": 13}, "AdManager._init_tables": {"executed_lines": [20, 32], "summary": {"covered_lines": 2, "num_statements": 2, "percent_covered": 100.0, "percent_covered_display": "100", "missing_lines": 0, "excluded_lines": 0, "percent_statements_covered": 100.0, "percent_statements_covered_display": "100"}, "missing_lines": [], "excluded_lines": [], "start_line": 18}, "AdManager.create_campaign": {"executed_lines": [], "summary": {"covered_lines": 0, "num_statements": 4, "percent_covered": 0.0, "percent_covered_display": "0", "missing_lines": 4, "excluded_lines": 0, "percent_statements_covered": 0.0, "percent_statements_covered_display": "0"}, "missing_lines": [45, 46, 48, 53], "excluded_lines": [], "start_line": 43}, "AdManager.get_campaign": {"executed_lines": [], "summary": {"covered_lines": 0, "num_statements": 1, "percent_covered": 0.0, "percent_covered_display": "0", "missing_lines": 1, "excluded_lines": 0, "percent_statements_covered": 0.0, "percent_statements_covered_display": "0"}, "missing_lines": [57], "excluded_lines": [], "start_line": 55}, "AdManager.list_campaigns": {"executed_lines": [], "summary": {"covered_lines": 0, "num_statements": 1, "percent_covered": 0.0, "percent_covered_display": "0", "missing_lines": 1, "excluded_lines": 0, "percent_statements_covered": 0.0, "percent_statements_covered_display": "0"}, "missing_lines": [61], "excluded_lines": [], "start_line": 59}, "AdManager.update_campaign": {"executed_lines": [], "summary": {"covered_lines": 0, "num_statements": 7, "percent_covered": 0.0, "percent_covered_display": "0", "missing_lines": 7, "excluded_lines": 0, "percent_statements_covered": 0.0, "percent_statements_covered_display": "0"}, "missing_lines": [65, 66, 68, 69, 71, 72, 76], "excluded_lines": [], "start_line": 63}, "AdManager.delete_campaign": {"executed_lines": [], "summary": {"covered_lines": 0, "num_statements": 2, "percent_covered": 0.0, "percent_covered_display": "0", "missing_lines": 2, "excluded_lines": 0, "percent_statements_covered": 0.0, "percent_statements_covered_display": "0"}, "missing_lines": [80, 81], "excluded_lines": [], "start_line": 78}, "AdManager.create_ad": {"executed_lines": [], "summary": {"covered_lines": 0, "num_statements": 4, "percent_covered": 0.0, "percent_covered_display": "0", "missing_lines": 4, "excluded_lines": 0, "percent_statements_covered": 0.0, "percent_statements_covered_display": "0"}, "missing_lines": [85, 86, 88, 93], "excluded_lines": [], "start_line": 83}, "AdManager.get_ad": {"executed_lines": [], "summary": {"covered_lines": 0, "num_statements": 1, "percent_covered": 0.0, "percent_covered_display": "0", "missing_lines": 1, "excluded_lines": 0, "percent_statements_covered": 0.0, "percent_statements_covered_display": "0"}, "missing_lines": [97], "excluded_lines": [], "start_line": 95}, "AdManager.list_ads": {"executed_lines": [], "summary": {"covered_lines": 0, "num_statements": 3, "percent_covered": 0.0, "percent_covered_display": "0", "missing_lines": 3, "excluded_lines": 0, "percent_statements_covered": 0.0, "percent_statements_covered_display": "0"}, "missing_lines": [101, 102, 103], "excluded_lines": [], "start_line": 99}, "": {"executed_lines": [2, 3, 4, 6, 7, 10, 13, 18, 43, 55, 59, 63, 78, 83, 95, 99], "summary": {"covered_lines": 16, "num_statements": 16, "percent_covered": 100.0, "percent_covered_display": "100", "missing_lines": 0, "excluded_lines": 0, "percent_statements_covered": 100.0, "percent_statements_covered_display": "100"}, "missing_lines": [], "excluded_lines": [], "start_line": 1}}, "classes": {"AdManager": {"executed_lines": [14, 15, 16, 20, 32], "summary": {"covered_lines": 5, "num_statements": 28, "percent_covered": 17.857142857142858, "percent_covered_display": "18", "missing_lines": 23, "excluded_lines": 0, "percent_statements_covered": 17.857142857142858, "percent_statements_covered_display": "18"}, "missing_lines": [45, 46, 48, 53, 57, 61, 65, 66, 68, 69, 71, 72, 76, 80, 81, 85, 86, 88, 93, 97, 101, 102, 103], "excluded_lines": [], "start_line": 10}, "": {"executed_lines": [2, 3, 4, 6, 7, 10, 13, 18, 43, 55, 59, 63, 78, 83, 95, 99], "summary": {"covered_lines": 16, "num_statements": 16, "percent_covered": 100.0, "percent_covered_display": "100", "missing_lines": 0, "excluded_lines": 0, "percent_statements_covered": 100.0, "percent_statements_covered_display": "100"}, "missing_lines": [], "excluded_lines": [], "start_line": 1}}}, "src\\acas_pro\\ads\\audience_targeting.py": {"executed_lines": [6, 7, 8, 9, 10, 11, 13, 14, 17, 19, 20, 21, 22, 23, 26, 28, 29, 30, 33, 34, 36, 37, 39, 40, 43, 44, 46, 47, 48, 49, 51, 52, 53, 54, 55, 56, 57, 60, 61, 63, 64, 65, 66, 67, 69, 70, 71, 72, 73, 74, 75, 76, 77, 78, 79, 82, 83, 90, 91, 92, 93, 96, 97, 98, 101, 102, 105, 106, 109, 111, 112, 114, 115, 116, 117, 118, 119, 120, 121, 122, 123, 124, 125, 126, 128, 134, 135, 144, 148, 162, 169, 170, 171, 172, 174, 176, 177, 198, 200, 202, 203, 204, 205, 225, 227, 228, 229, 230, 231, 233, 235, 236, 237, 241, 243, 244, 263, 264, 266, 268, 271, 273, 274, 275, 276, 278, 281, 285, 287, 288, 307, 308, 310, 312, 314, 315, 318, 319, 321, 322, 323, 324, 326, 329, 330, 331, 333, 334, 338, 340, 341, 342, 343, 345, 347, 348, 349, 350, 351, 352, 353, 354, 356, 363, 366, 369, 370, 377, 380, 381, 386, 387, 392, 398, 400, 412, 422, 423, 424, 425, 428, 442, 443, 444, 448, 450, 452, 454, 456, 465, 498], "summary": {"covered_lines": 191, "num_statements": 212, "percent_covered": 90.09433962264151, "percent_covered_display": "90", "missing_lines": 21, "excluded_lines": 0, "percent_statements_covered": 90.09433962264151, "percent_statements_covered_display": "90"}, "missing_lines": [129, 130, 131, 132, 136, 137, 138, 139, 140, 141, 279, 280, 282, 283, 327, 371, 372, 374, 383, 389, 446], "excluded_lines": [], "functions": {"AgeRange.to_dict": {"executed_lines": [40], "summary": {"covered_lines": 1, "num_statements": 1, "percent_covered": 100.0, "percent_covered_display": "100", "missing_lines": 0, "excluded_lines": 0, "percent_statements_covered": 100.0, "percent_statements_covered_display": "100"}, "missing_lines": [], "excluded_lines": [], "start_line": 39}, "GeoTargeting.__post_init__": {"executed_lines": [52, 53, 54, 55, 56, 57], "summary": {"covered_lines": 6, "num_statements": 6, "percent_covered": 100.0, "percent_covered_display": "100", "missing_lines": 0, "excluded_lines": 0, "percent_statements_covered": 100.0, "percent_statements_covered_display": "100"}, "missing_lines": [], "excluded_lines": [], "start_line": 51}, "DeviceTargeting.__post_init__": {"executed_lines": [70, 71, 72, 73, 74, 75, 76, 77, 78, 79], "summary": {"covered_lines": 10, "num_statements": 10, "percent_covered": 100.0, "percent_covered_display": "100", "missing_lines": 0, "excluded_lines": 0, "percent_statements_covered": 100.0, "percent_statements_covered_display": "100"}, "missing_lines": [], "excluded_lines": [], "start_line": 69}, "AudienceSegment.__post_init__": {"executed_lines": [115, 116, 117, 118, 119, 120, 121, 122, 123, 124, 125, 126], "summary": {"covered_lines": 12, "num_statements": 12, "percent_covered": 100.0, "percent_covered_display": "100", "missing_lines": 0, "excluded_lines": 0, "percent_statements_covered": 100.0, "percent_statements_covered_display": "100"}, "missing_lines": [], "excluded_lines": [], "start_line": 114}, "AudienceSegment.to_dict": {"executed_lines": [], "summary": {"covered_lines": 0, "num_statements": 4, "percent_covered": 0.0, "percent_covered_display": "0", "missing_lines": 4, "excluded_lines": 0, "percent_statements_covered": 0.0, "percent_statements_covered_display": "0"}, "missing_lines": [129, 130, 131, 132], "excluded_lines": [], "start_line": 128}, "AudienceSegment.from_dict": {"executed_lines": [], "summary": {"covered_lines": 0, "num_statements": 6, "percent_covered": 0.0, "percent_covered_display": "0", "missing_lines": 6, "excluded_lines": 0, "percent_statements_covered": 0.0, "percent_statements_covered_display": "0"}, "missing_lines": [136, 137, 138, 139, 140, 141], "excluded_lines": [], "start_line": 135}, "AudienceTargeting.__init__": {"executed_lines": [170, 171, 172], "summary": {"covered_lines": 3, "num_statements": 3, "percent_covered": 100.0, "percent_covered_display": "100", "missing_lines": 0, "excluded_lines": 0, "percent_statements_covered": 100.0, "percent_statements_covered_display": "100"}, "missing_lines": [], "excluded_lines": [], "start_line": 169}, "AudienceTargeting._init_database": {"executed_lines": [176, 177, 198], "summary": {"covered_lines": 3, "num_statements": 3, "percent_covered": 100.0, "percent_covered_display": "100", "missing_lines": 0, "excluded_lines": 0, "percent_statements_covered": 100.0, "percent_statements_covered_display": "100"}, "missing_lines": [], "excluded_lines": [], "start_line": 174}, "AudienceTargeting.create_segment": {"executed_lines": [202, 203, 204, 205, 225, 227, 228, 229, 230, 231], "summary": {"covered_lines": 10, "num_statements": 10, "percent_covered": 100.0, "percent_covered_display": "100", "missing_lines": 0, "excluded_lines": 0, "percent_statements_covered": 100.0, "percent_statements_covered_display": "100"}, "missing_lines": [], "excluded_lines": [], "start_line": 200}, "AudienceTargeting.get_segment": {"executed_lines": [235, 236, 237, 241, 243, 244, 263, 264, 266], "summary": {"covered_lines": 9, "num_statements": 9, "percent_covered": 100.0, "percent_covered_display": "100", "missing_lines": 0, "excluded_lines": 0, "percent_statements_covered": 100.0, "percent_statements_covered_display": "100"}, "missing_lines": [], "excluded_lines": [], "start_line": 233}, "AudienceTargeting.get_segments": {"executed_lines": [271, 273, 274, 275, 276, 278, 281, 285, 287, 288, 307, 308, 310], "summary": {"covered_lines": 13, "num_statements": 17, "percent_covered": 76.47058823529412, "percent_covered_display": "76", "missing_lines": 4, "excluded_lines": 0, "percent_statements_covered": 76.47058823529412, "percent_statements_covered_display": "76"}, "missing_lines": [279, 280, 282, 283], "excluded_lines": [], "start_line": 268}, "AudienceTargeting.update_segment": {"executed_lines": [314, 315, 318, 319, 321, 322, 323, 324, 326, 329, 330, 331, 333, 334, 338, 340, 341, 342, 343], "summary": {"covered_lines": 19, "num_statements": 20, "percent_covered": 95.0, "percent_covered_display": "95", "missing_lines": 1, "excluded_lines": 0, "percent_statements_covered": 95.0, "percent_statements_covered_display": "95"}, "missing_lines": [327], "excluded_lines": [], "start_line": 312}, "AudienceTargeting.delete_segment": {"executed_lines": [347, 348, 349, 350, 351, 352, 353, 354], "summary": {"covered_lines": 8, "num_statements": 8, "percent_covered": 100.0, "percent_covered_display": "100", "missing_lines": 0, "excluded_lines": 0, "percent_statements_covered": 100.0, "percent_statements_covered_display": "100"}, "missing_lines": [], "excluded_lines": [], "start_line": 345}, "AudienceTargeting.estimate_audience_size": {"executed_lines": [363, 366, 369, 370, 377, 380, 381, 386, 387, 392, 398, 400], "summary": {"covered_lines": 12, "num_statements": 17, "percent_covered": 70.58823529411765, "percent_covered_display": "71", "missing_lines": 5, "excluded_lines": 0, "percent_statements_covered": 70.58823529411765, "percent_statements_covered_display": "71"}, "missing_lines": [371, 372, 374, 383, 389], "excluded_lines": [], "start_line": 356}, "AudienceTargeting.create_lookalike": {"executed_lines": [422, 423, 424, 425, 428, 442, 443, 444], "summary": {"covered_lines": 8, "num_statements": 9, "percent_covered": 88.88888888888889, "percent_covered_display": "89", "missing_lines": 1, "excluded_lines": 0, "percent_statements_covered": 88.88888888888889, "percent_statements_covered_display": "89"}, "missing_lines": [446], "excluded_lines": [], "start_line": 412}, "AudienceTargeting.get_interest_categories": {"executed_lines": [450], "summary": {"covered_lines": 1, "num_statements": 1, "percent_covered": 100.0, "percent_covered_display": "100", "missing_lines": 0, "excluded_lines": 0, "percent_statements_covered": 100.0, "percent_statements_covered_display": "100"}, "missing_lines": [], "excluded_lines": [], "start_line": 448}, "AudienceTargeting.get_behavior_categories": {"executed_lines": [454], "summary": {"covered_lines": 1, "num_statements": 1, "percent_covered": 100.0, "percent_covered_display": "100", "missing_lines": 0, "excluded_lines": 0, "percent_statements_covered": 100.0, "percent_statements_covered_display": "100"}, "missing_lines": [], "excluded_lines": [], "start_line": 452}, "AudienceTargeting.get_recommended_targeting": {"executed_lines": [465, 498], "summary": {"covered_lines": 2, "num_statements": 2, "percent_covered": 100.0, "percent_covered_display": "100", "missing_lines": 0, "excluded_lines": 0, "percent_statements_covered": 100.0, "percent_statements_covered_display": "100"}, "missing_lines": [], "excluded_lines": [], "start_line": 456}, "": {"executed_lines": [6, 7, 8, 9, 10, 11, 13, 14, 17, 19, 20, 21, 22, 23, 26, 28, 29, 30, 33, 34, 36, 37, 39, 43, 44, 46, 47, 48, 49, 51, 60, 61, 63, 64, 65, 66, 67, 69, 82, 83, 90, 91, 92, 93, 96, 97, 98, 101, 102, 105, 106, 109, 111, 112, 114, 128, 134, 135, 144, 148, 162, 169, 174, 200, 233, 268, 312, 345, 356, 412, 448, 452, 456], "summary": {"covered_lines": 73, "num_statements": 73, "percent_covered": 100.0, "percent_covered_display": "100", "missing_lines": 0, "excluded_lines": 0, "percent_statements_covered": 100.0, "percent_statements_covered_display": "100"}, "missing_lines": [], "excluded_lines": [], "start_line": 1}}, "classes": {"AudienceType": {"executed_lines": [], "summary": {"covered_lines": 0, "num_statements": 0, "percent_covered": 100.0, "percent_covered_display": "100", "missing_lines": 0, "excluded_lines": 0, "percent_statements_covered": 100.0, "percent_statements_covered_display": "100"}, "missing_lines": [], "excluded_lines": [], "start_line": 17}, "Gender": {"executed_lines": [], "summary": {"covered_lines": 0, "num_statements": 0, "percent_covered": 100.0, "percent_covered_display": "100", "missing_lines": 0, "excluded_lines": 0, "percent_statements_covered": 100.0, "percent_statements_covered_display": "100"}, "missing_lines": [], "excluded_lines": [], "start_line": 26}, "AgeRange": {"executed_lines": [40], "summary": {"covered_lines": 1, "num_statements": 1, "percent_covered": 100.0, "percent_covered_display": "100", "missing_lines": 0, "excluded_lines": 0, "percent_statements_covered": 100.0, "percent_statements_covered_display": "100"}, "missing_lines": [], "excluded_lines": [], "start_line": 34}, "GeoTargeting": {"executed_lines": [52, 53, 54, 55, 56, 57], "summary": {"covered_lines": 6, "num_statements": 6, "percent_covered": 100.0, "percent_covered_display": "100", "missing_lines": 0, "excluded_lines": 0, "percent_statements_covered": 100.0, "percent_statements_covered_display": "100"}, "missing_lines": [], "excluded_lines": [], "start_line": 44}, "DeviceTargeting": {"executed_lines": [70, 71, 72, 73, 74, 75, 76, 77, 78, 79], "summary": {"covered_lines": 10, "num_statements": 10, "percent_covered": 100.0, "percent_covered_display": "100", "missing_lines": 0, "excluded_lines": 0, "percent_statements_covered": 100.0, "percent_statements_covered_display": "100"}, "missing_lines": [], "excluded_lines": [], "start_line": 61}, "AudienceSegment": {"executed_lines": [115, 116, 117, 118, 119, 120, 121, 122, 123, 124, 125, 126], "summary": {"covered_lines": 12, "num_statements": 22, "percent_covered": 54.54545454545455, "percent_covered_display": "55", "missing_lines": 10, "excluded_lines": 0, "percent_statements_covered": 54.54545454545455, "percent_statements_covered_display": "55"}, "missing_lines": [129, 130, 131, 132, 136, 137, 138, 139, 140, 141], "excluded_lines": [], "start_line": 83}, "AudienceTargeting": {"executed_lines": [170, 171, 172, 176, 177, 198, 202, 203, 204, 205, 225, 227, 228, 229, 230, 231, 235, 236, 237, 241, 243, 244, 263, 264, 266, 271, 273, 274, 275, 276, 278, 281, 285, 287, 288, 307, 308, 310, 314, 315, 318, 319, 321, 322, 323, 324, 326, 329, 330, 331, 333, 334, 338, 340, 341, 342, 343, 347, 348, 349, 350, 351, 352, 353, 354, 363, 366, 369, 370, 377, 380, 381, 386, 387, 392, 398, 400, 422, 423, 424, 425, 428, 442, 443, 444, 450, 454, 465, 498], "summary": {"covered_lines": 89, "num_statements": 100, "percent_covered": 89.0, "percent_covered_display": "89", "missing_lines": 11, "excluded_lines": 0, "percent_statements_covered": 89.0, "percent_statements_covered_display": "89"}, "missing_lines": [279, 280, 282, 283, 327, 371, 372, 374, 383, 389, 446], "excluded_lines": [], "start_line": 144}, "": {"executed_lines": [6, 7, 8, 9, 10, 11, 13, 14, 17, 19, 20, 21, 22, 23, 26, 28, 29, 30, 33, 34, 36, 37, 39, 43, 44, 46, 47, 48, 49, 51, 60, 61, 63, 64, 65, 66, 67, 69, 82, 83, 90, 91, 92, 93, 96, 97, 98, 101, 102, 105, 106, 109, 111, 112, 114, 128, 134, 135, 144, 148, 162, 169, 174, 200, 233, 268, 312, 345, 356, 412, 448, 452, 456], "summary": {"covered_lines": 73, "num_statements": 73, "percent_covered": 100.0, "percent_covered_display": "100", "missing_lines": 0, "excluded_lines": 0, "percent_statements_covered": 100.0, "percent_statements_covered_display": "100"}, "missing_lines": [], "excluded_lines": [], "start_line": 1}}}, "src\\acas_pro\\ads\\bidding_engine.py": {"executed_lines": [6, 7, 8, 9, 10, 12, 15, 17, 18, 19, 20, 21, 22, 25, 27, 28, 29, 30, 31, 34, 35, 40, 43, 44, 48, 49, 50, 51, 52, 54, 55, 56, 59, 63, 71, 78, 86, 87, 89, 105, 108, 109, 112, 113, 116, 117, 120, 121, 124, 125, 126, 129, 133, 134, 135, 138, 143, 144, 145, 146, 148, 150, 154, 156, 157, 158, 159, 161, 162, 164, 166, 168, 169, 170, 171, 172, 173, 174, 176, 178, 179, 181, 182, 184, 186, 188, 198, 199, 202, 203, 204, 208, 219, 220, 223, 225, 226, 227, 229, 230, 233, 235, 241, 243, 254, 272, 277, 281, 286, 300, 302, 311, 316, 325, 327, 328, 331, 332, 333, 334, 335, 337, 347], "summary": {"covered_lines": 123, "num_statements": 127, "percent_covered": 96.85039370078741, "percent_covered_display": "97", "missing_lines": 4, "excluded_lines": 0, "percent_statements_covered": 96.85039370078741, "percent_statements_covered_display": "97"}, "missing_lines": [279, 280, 283, 284], "excluded_lines": [], "functions": {"BiddingConfig.__post_init__": {"executed_lines": [55, 56], "summary": {"covered_lines": 2, "num_statements": 2, "percent_covered": 100.0, "percent_covered_display": "100", "missing_lines": 0, "excluded_lines": 0, "percent_statements_covered": 100.0, "percent_statements_covered_display": "100"}, "missing_lines": [], "excluded_lines": [], "start_line": 54}, "BiddingEngine.__init__": {"executed_lines": [87], "summary": {"covered_lines": 1, "num_statements": 1, "percent_covered": 100.0, "percent_covered_display": "100", "missing_lines": 0, "excluded_lines": 0, "percent_statements_covered": 100.0, "percent_statements_covered_display": "100"}, "missing_lines": [], "excluded_lines": [], "start_line": 86}, "BiddingEngine.calculate_bid": {"executed_lines": [105, 108, 109, 112, 113, 116, 117, 120, 121, 124, 125, 126, 129, 133, 134, 135, 138, 143, 144, 145, 146, 148], "summary": {"covered_lines": 22, "num_statements": 22, "percent_covered": 100.0, "percent_covered_display": "100", "missing_lines": 0, "excluded_lines": 0, "percent_statements_covered": 100.0, "percent_statements_covered_display": "100"}, "missing_lines": [], "excluded_lines": [], "start_line": 89}, "BiddingEngine._apply_strategy_adjustment": {"executed_lines": [154, 156, 157, 158, 159, 161, 162, 164, 166, 168, 169, 170, 171, 172, 173, 174, 176, 178, 179, 181, 182, 184, 186], "summary": {"covered_lines": 23, "num_statements": 23, "percent_covered": 100.0, "percent_covered_display": "100", "missing_lines": 0, "excluded_lines": 0, "percent_statements_covered": 100.0, "percent_statements_covered_display": "100"}, "missing_lines": [], "excluded_lines": [], "start_line": 150}, "BiddingEngine.optimize_bidding": {"executed_lines": [198, 199, 202, 203, 204, 208, 219, 220, 223, 225, 226, 227, 229, 230, 233, 235, 241], "summary": {"covered_lines": 17, "num_statements": 17, "percent_covered": 100.0, "percent_covered_display": "100", "missing_lines": 0, "excluded_lines": 0, "percent_statements_covered": 100.0, "percent_statements_covered_display": "100"}, "missing_lines": [], "excluded_lines": [], "start_line": 188}, "BiddingEngine.get_bid_suggestion": {"executed_lines": [254, 272, 277, 281, 286], "summary": {"covered_lines": 5, "num_statements": 9, "percent_covered": 55.55555555555556, "percent_covered_display": "56", "missing_lines": 4, "excluded_lines": 0, "percent_statements_covered": 55.55555555555556, "percent_statements_covered_display": "56"}, "missing_lines": [279, 280, 283, 284], "excluded_lines": [], "start_line": 243}, "BiddingEngine._get_strategy_recommendation": {"executed_lines": [302, 311], "summary": {"covered_lines": 2, "num_statements": 2, "percent_covered": 100.0, "percent_covered_display": "100", "missing_lines": 0, "excluded_lines": 0, "percent_statements_covered": 100.0, "percent_statements_covered_display": "100"}, "missing_lines": [], "excluded_lines": [], "start_line": 300}, "BiddingEngine.simulate_bidding": {"executed_lines": [325, 327, 328, 331, 332, 333, 334, 335, 337, 347], "summary": {"covered_lines": 10, "num_statements": 10, "percent_covered": 100.0, "percent_covered_display": "100", "missing_lines": 0, "excluded_lines": 0, "percent_statements_covered": 100.0, "percent_statements_covered_display": "100"}, "missing_lines": [], "excluded_lines": [], "start_line": 316}, "": {"executed_lines": [6, 7, 8, 9, 10, 12, 15, 17, 18, 19, 20, 21, 22, 25, 27, 28, 29, 30, 31, 34, 35, 40, 43, 44, 48, 49, 50, 51, 52, 54, 59, 63, 71, 78, 86, 89, 150, 188, 243, 300, 316], "summary": {"covered_lines": 41, "num_statements": 41, "percent_covered": 100.0, "percent_covered_display": "100", "missing_lines": 0, "excluded_lines": 0, "percent_statements_covered": 100.0, "percent_statements_covered_display": "100"}, "missing_lines": [], "excluded_lines": [], "start_line": 1}}, "classes": {"BiddingStrategy": {"executed_lines": [], "summary": {"covered_lines": 0, "num_statements": 0, "percent_covered": 100.0, "percent_covered_display": "100", "missing_lines": 0, "excluded_lines": 0, "percent_statements_covered": 100.0, "percent_statements_covered_display": "100"}, "missing_lines": [], "excluded_lines": [], "start_line": 15}, "BidAdjustmentRule": {"executed_lines": [], "summary": {"covered_lines": 0, "num_statements": 0, "percent_covered": 100.0, "percent_covered_display": "100", "missing_lines": 0, "excluded_lines": 0, "percent_statements_covered": 100.0, "percent_statements_covered_display": "100"}, "missing_lines": [], "excluded_lines": [], "start_line": 25}, "BidAdjustment": {"executed_lines": [], "summary": {"covered_lines": 0, "num_statements": 0, "percent_covered": 100.0, "percent_covered_display": "100", "missing_lines": 0, "excluded_lines": 0, "percent_statements_covered": 100.0, "percent_statements_covered_display": "100"}, "missing_lines": [], "excluded_lines": [], "start_line": 35}, "BiddingConfig": {"executed_lines": [55, 56], "summary": {"covered_lines": 2, "num_statements": 2, "percent_covered": 100.0, "percent_covered_display": "100", "missing_lines": 0, "excluded_lines": 0, "percent_statements_covered": 100.0, "percent_statements_covered_display": "100"}, "missing_lines": [], "excluded_lines": [], "start_line": 44}, "BiddingEngine": {"executed_lines": [87, 105, 108, 109, 112, 113, 116, 117, 120, 121, 124, 125, 126, 129, 133, 134, 135, 138, 143, 144, 145, 146, 148, 154, 156, 157, 158, 159, 161, 162, 164, 166, 168, 169, 170, 171, 172, 173, 174, 176, 178, 179, 181, 182, 184, 186, 198, 199, 202, 203, 204, 208, 219, 220, 223, 225, 226, 227, 229, 230, 233, 235, 241, 254, 272, 277, 281, 286, 302, 311, 325, 327, 328, 331, 332, 333, 334, 335, 337, 347], "summary": {"covered_lines": 80, "num_statements": 84, "percent_covered": 95.23809523809524, "percent_covered_display": "95", "missing_lines": 4, "excluded_lines": 0, "percent_statements_covered": 95.23809523809524, "percent_statements_covered_display": "95"}, "missing_lines": [279, 280, 283, 284], "excluded_lines": [], "start_line": 59}, "": {"executed_lines": [6, 7, 8, 9, 10, 12, 15, 17, 18, 19, 20, 21, 22, 25, 27, 28, 29, 30, 31, 34, 35, 40, 43, 44, 48, 49, 50, 51, 52, 54, 59, 63, 71, 78, 86, 89, 150, 188, 243, 300, 316], "summary": {"covered_lines": 41, "num_statements": 41, "percent_covered": 100.0, "percent_covered_display": "100", "missing_lines": 0, "excluded_lines": 0, "percent_statements_covered": 100.0, "percent_statements_covered_display": "100"}, "missing_lines": [], "excluded_lines": [], "start_line": 1}}}, "src\\acas_pro\\advanced_analytics\\__init__.py": {"executed_lines": [5, 6, 8], "summary": {"covered_lines": 3, "num_statements": 3, "percent_covered": 100.0, "percent_covered_display": "100", "missing_lines": 0, "excluded_lines": 0, "percent_statements_covered": 100.0, "percent_statements_covered_display": "100"}, "missing_lines": [], "excluded_lines": [], "functions": {"": {"executed_lines": [5, 6, 8], "summary": {"covered_lines": 3, "num_statements": 3, "percent_covered": 100.0, "percent_covered_display": "100", "missing_lines": 0, "excluded_lines": 0, "percent_statements_covered": 100.0, "percent_statements_covered_display": "100"}, "missing_lines": [], "excluded_lines": [], "start_line": 1}}, "classes": {"": {"executed_lines": [5, 6, 8], "summary": {"covered_lines": 3, "num_statements": 3, "percent_covered": 100.0, "percent_covered_display": "100", "missing_lines": 0, "excluded_lines": 0, "percent_statements_covered": 100.0, "percent_statements_covered_display": "100"}, "missing_lines": [], "excluded_lines": [], "start_line": 1}}}, "src\\acas_pro\\advanced_analytics\\attribution_engine.py": {"executed_lines": [6, 7, 8, 9, 10, 11, 14, 16, 17, 18, 19, 20, 21, 24, 26, 27, 28, 29, 30, 31, 32, 33, 34, 35, 38, 39, 47, 48, 49, 50, 51, 54, 55, 82, 85, 86, 112, 119, 120, 121, 122, 125, 132, 135, 137, 139, 162, 180, 183, 188, 193, 196, 199, 214, 216, 219, 220, 222, 223, 224, 225, 228, 229, 231, 233, 239, 240, 241, 242, 243, 244, 245, 246, 247, 248, 250, 252, 256, 258, 259, 263, 264, 266, 267, 269, 270, 271, 272, 274, 276, 280, 282, 283, 287, 288, 290, 291, 293, 294, 295, 296, 298, 300, 304, 306, 307, 311, 313, 314, 316, 317, 319, 320, 321, 322, 324, 326, 330, 332, 333, 336, 338, 339, 340, 341, 342, 343, 344, 345, 370, 372, 376, 378, 379, 382, 384, 385, 386, 387, 390, 391, 402, 403, 404, 405, 407, 409, 411, 423, 429, 431, 436, 437, 438, 439, 442, 445, 446, 447, 450, 451, 452, 454, 455, 456, 459, 461, 481, 484, 486, 488, 492, 494, 495, 499, 501, 502, 510, 511, 514, 515, 518, 520, 526, 529, 531, 540, 545, 552, 553, 554, 561, 567, 568, 575, 577, 579, 580, 581, 583, 595, 597, 598, 600, 607, 609, 610, 614, 616, 618, 619], "summary": {"covered_lines": 211, "num_statements": 249, "percent_covered": 84.73895582329317, "percent_covered_display": "85", "missing_lines": 38, "excluded_lines": 0, "percent_statements_covered": 84.73895582329317, "percent_statements_covered_display": "85"}, "missing_lines": [260, 284, 308, 334, 348, 349, 351, 352, 354, 355, 357, 358, 360, 361, 362, 363, 365, 366, 367, 368, 380, 392, 393, 395, 396, 397, 398, 400, 496, 532, 533, 546, 547, 555, 562, 569, 570, 645], "excluded_lines": [], "functions": {"AttributionEngine.__init__": {"executed_lines": [120, 121, 122, 125, 132, 135], "summary": {"covered_lines": 6, "num_statements": 6, "percent_covered": 100.0, "percent_covered_display": "100", "missing_lines": 0, "excluded_lines": 0, "percent_statements_covered": 100.0, "percent_statements_covered_display": "100"}, "missing_lines": [], "excluded_lines": [], "start_line": 119}, "AttributionEngine._init_channel_mapping": {"executed_lines": [139], "summary": {"covered_lines": 1, "num_statements": 1, "percent_covered": 100.0, "percent_covered_display": "100", "missing_lines": 0, "excluded_lines": 0, "percent_statements_covered": 100.0, "percent_statements_covered_display": "100"}, "missing_lines": [], "excluded_lines": [], "start_line": 137}, "AttributionEngine.analyze": {"executed_lines": [180, 183, 188, 193, 196, 199, 214], "summary": {"covered_lines": 7, "num_statements": 7, "percent_covered": 100.0, "percent_covered_display": "100", "missing_lines": 0, "excluded_lines": 0, "percent_statements_covered": 100.0, "percent_statements_covered_display": "100"}, "missing_lines": [], "excluded_lines": [], "start_line": 162}, "AttributionEngine._group_by_journey": {"executed_lines": [219, 220, 222, 223, 224, 225, 228, 229, 231], "summary": {"covered_lines": 9, "num_statements": 9, "percent_covered": 100.0, "percent_covered_display": "100", "missing_lines": 0, "excluded_lines": 0, "percent_statements_covered": 100.0, "percent_statements_covered_display": "100"}, "missing_lines": [], "excluded_lines": [], "start_line": 216}, "AttributionEngine._calculate_attribution": {"executed_lines": [239, 240, 241, 242, 243, 244, 245, 246, 247, 248, 250], "summary": {"covered_lines": 11, "num_statements": 11, "percent_covered": 100.0, "percent_covered_display": "100", "missing_lines": 0, "excluded_lines": 0, "percent_statements_covered": 100.0, "percent_statements_covered_display": "100"}, "missing_lines": [], "excluded_lines": [], "start_line": 233}, "AttributionEngine._first_touch_attribution": {"executed_lines": [256, 258, 259, 263, 264, 266, 267, 269, 270, 271, 272, 274], "summary": {"covered_lines": 12, "num_statements": 13, "percent_covered": 92.3076923076923, "percent_covered_display": "92", "missing_lines": 1, "excluded_lines": 0, "percent_statements_covered": 92.3076923076923, "percent_statements_covered_display": "92"}, "missing_lines": [260], "excluded_lines": [], "start_line": 252}, "AttributionEngine._last_touch_attribution": {"executed_lines": [280, 282, 283, 287, 288, 290, 291, 293, 294, 295, 296, 298], "summary": {"covered_lines": 12, "num_statements": 13, "percent_covered": 92.3076923076923, "percent_covered_display": "92", "missing_lines": 1, "excluded_lines": 0, "percent_statements_covered": 92.3076923076923, "percent_statements_covered_display": "92"}, "missing_lines": [284], "excluded_lines": [], "start_line": 276}, "AttributionEngine._linear_attribution": {"executed_lines": [304, 306, 307, 311, 313, 314, 316, 317, 319, 320, 321, 322, 324], "summary": {"covered_lines": 13, "num_statements": 14, "percent_covered": 92.85714285714286, "percent_covered_display": "93", "missing_lines": 1, "excluded_lines": 0, "percent_statements_covered": 92.85714285714286, "percent_statements_covered_display": "93"}, "missing_lines": [308], "excluded_lines": [], "start_line": 300}, "AttributionEngine._time_decay_attribution": {"executed_lines": [330, 332, 333, 336, 338, 339, 340, 341, 342, 343, 344, 345, 370], "summary": {"covered_lines": 13, "num_statements": 30, "percent_covered": 43.333333333333336, "percent_covered_display": "43", "missing_lines": 17, "excluded_lines": 0, "percent_statements_covered": 43.333333333333336, "percent_statements_covered_display": "43"}, "missing_lines": [334, 348, 349, 351, 352, 354, 355, 357, 358, 360, 361, 362, 363, 365, 366, 367, 368], "excluded_lines": [], "start_line": 326}, "AttributionEngine._position_based_attribution": {"executed_lines": [376, 378, 379, 382, 384, 385, 386, 387, 390, 391, 402, 403, 404, 405, 407], "summary": {"covered_lines": 15, "num_statements": 23, "percent_covered": 65.21739130434783, "percent_covered_display": "65", "missing_lines": 8, "excluded_lines": 0, "percent_statements_covered": 65.21739130434783, "percent_statements_covered_display": "65"}, "missing_lines": [380, 392, 393, 395, 396, 397, 398, 400], "excluded_lines": [], "start_line": 372}, "AttributionEngine._init_channel_attribution": {"executed_lines": [411], "summary": {"covered_lines": 1, "num_statements": 1, "percent_covered": 100.0, "percent_covered_display": "100", "missing_lines": 0, "excluded_lines": 0, "percent_statements_covered": 100.0, "percent_statements_covered_display": "100"}, "missing_lines": [], "excluded_lines": [], "start_line": 409}, "AttributionEngine._generate_results": {"executed_lines": [429, 431, 436, 437, 438, 439, 442, 445, 446, 447, 450, 451, 452, 454, 455, 456, 459, 461, 481, 484, 486], "summary": {"covered_lines": 21, "num_statements": 21, "percent_covered": 100.0, "percent_covered_display": "100", "missing_lines": 0, "excluded_lines": 0, "percent_statements_covered": 100.0, "percent_statements_covered_display": "100"}, "missing_lines": [], "excluded_lines": [], "start_line": 423}, "AttributionEngine._analyze_paths": {"executed_lines": [492, 494, 495, 499, 501, 502, 510, 511, 514, 515, 518], "summary": {"covered_lines": 11, "num_statements": 12, "percent_covered": 91.66666666666667, "percent_covered_display": "92", "missing_lines": 1, "excluded_lines": 0, "percent_statements_covered": 91.66666666666667, "percent_statements_covered_display": "92"}, "missing_lines": [496], "excluded_lines": [], "start_line": 488}, "AttributionEngine._generate_suggestions": {"executed_lines": [526, 529, 531, 540, 545, 552, 553, 554, 561, 567, 568, 575], "summary": {"covered_lines": 12, "num_statements": 20, "percent_covered": 60.0, "percent_covered_display": "60", "missing_lines": 8, "excluded_lines": 0, "percent_statements_covered": 60.0, "percent_statements_covered_display": "60"}, "missing_lines": [532, 533, 546, 547, 555, 562, 569, 570], "excluded_lines": [], "start_line": 520}, "AttributionEngine._generate_summary": {"executed_lines": [579, 580, 581, 583], "summary": {"covered_lines": 4, "num_statements": 4, "percent_covered": 100.0, "percent_covered_display": "100", "missing_lines": 0, "excluded_lines": 0, "percent_statements_covered": 100.0, "percent_statements_covered_display": "100"}, "missing_lines": [], "excluded_lines": [], "start_line": 577}, "AttributionEngine._generate_report_id": {"executed_lines": [597, 598], "summary": {"covered_lines": 2, "num_statements": 2, "percent_covered": 100.0, "percent_covered_display": "100", "missing_lines": 0, "excluded_lines": 0, "percent_statements_covered": 100.0, "percent_statements_covered_display": "100"}, "missing_lines": [], "excluded_lines": [], "start_line": 595}, "AttributionEngine.compare_models": {"executed_lines": [607, 609, 610, 614], "summary": {"covered_lines": 4, "num_statements": 4, "percent_covered": 100.0, "percent_covered_display": "100", "missing_lines": 0, "excluded_lines": 0, "percent_statements_covered": 100.0, "percent_statements_covered_display": "100"}, "missing_lines": [], "excluded_lines": [], "start_line": 600}, "AttributionEngine.export_report": {"executed_lines": [618, 619], "summary": {"covered_lines": 2, "num_statements": 3, "percent_covered": 66.66666666666667, "percent_covered_display": "67", "missing_lines": 1, "excluded_lines": 0, "percent_statements_covered": 66.66666666666667, "percent_statements_covered_display": "67"}, "missing_lines": [645], "excluded_lines": [], "start_line": 616}, "": {"executed_lines": [6, 7, 8, 9, 10, 11, 14, 16, 17, 18, 19, 20, 21, 24, 26, 27, 28, 29, 30, 31, 32, 33, 34, 35, 38, 39, 47, 48, 49, 50, 51, 54, 55, 82, 85, 86, 112, 119, 137, 162, 216, 233, 252, 276, 300, 326, 372, 409, 423, 488, 520, 577, 595, 600, 616], "summary": {"covered_lines": 55, "num_statements": 55, "percent_covered": 100.0, "percent_covered_display": "100", "missing_lines": 0, "excluded_lines": 0, "percent_statements_covered": 100.0, "percent_statements_covered_display": "100"}, "missing_lines": [], "excluded_lines": [], "start_line": 1}}, "classes": {"AttributionModel": {"executed_lines": [], "summary": {"covered_lines": 0, "num_statements": 0, "percent_covered": 100.0, "percent_covered_display": "100", "missing_lines": 0, "excluded_lines": 0, "percent_statements_covered": 100.0, "percent_statements_covered_display": "100"}, "missing_lines": [], "excluded_lines": [], "start_line": 14}, "ChannelType": {"executed_lines": [], "summary": {"covered_lines": 0, "num_statements": 0, "percent_covered": 100.0, "percent_covered_display": "100", "missing_lines": 0, "excluded_lines": 0, "percent_statements_covered": 100.0, "percent_statements_covered_display": "100"}, "missing_lines": [], "excluded_lines": [], "start_line": 24}, "TouchPoint": {"executed_lines": [], "summary": {"covered_lines": 0, "num_statements": 0, "percent_covered": 100.0, "percent_covered_display": "100", "missing_lines": 0, "excluded_lines": 0, "percent_statements_covered": 100.0, "percent_statements_covered_display": "100"}, "missing_lines": [], "excluded_lines": [], "start_line": 39}, "AttributionResult": {"executed_lines": [], "summary": {"covered_lines": 0, "num_statements": 0, "percent_covered": 100.0, "percent_covered_display": "100", "missing_lines": 0, "excluded_lines": 0, "percent_statements_covered": 100.0, "percent_statements_covered_display": "100"}, "missing_lines": [], "excluded_lines": [], "start_line": 55}, "AttributionReport": {"executed_lines": [], "summary": {"covered_lines": 0, "num_statements": 0, "percent_covered": 100.0, "percent_covered_display": "100", "missing_lines": 0, "excluded_lines": 0, "percent_statements_covered": 100.0, "percent_statements_covered_display": "100"}, "missing_lines": [], "excluded_lines": [], "start_line": 86}, "AttributionEngine": {"executed_lines": [120, 121, 122, 125, 132, 135, 139, 180, 183, 188, 193, 196, 199, 214, 219, 220, 222, 223, 224, 225, 228, 229, 231, 239, 240, 241, 242, 243, 244, 245, 246, 247, 248, 250, 256, 258, 259, 263, 264, 266, 267, 269, 270, 271, 272, 274, 280, 282, 283, 287, 288, 290, 291, 293, 294, 295, 296, 298, 304, 306, 307, 311, 313, 314, 316, 317, 319, 320, 321, 322, 324, 330, 332, 333, 336, 338, 339, 340, 341, 342, 343, 344, 345, 370, 376, 378, 379, 382, 384, 385, 386, 387, 390, 391, 402, 403, 404, 405, 407, 411, 429, 431, 436, 437, 438, 439, 442, 445, 446, 447, 450, 451, 452, 454, 455, 456, 459, 461, 481, 484, 486, 492, 494, 495, 499, 501, 502, 510, 511, 514, 515, 518, 526, 529, 531, 540, 545, 552, 553, 554, 561, 567, 568, 575, 579, 580, 581, 583, 597, 598, 607, 609, 610, 614, 618, 619], "summary": {"covered_lines": 156, "num_statements": 194, "percent_covered": 80.41237113402062, "percent_covered_display": "80", "missing_lines": 38, "excluded_lines": 0, "percent_statements_covered": 80.41237113402062, "percent_statements_covered_display": "80"}, "missing_lines": [260, 284, 308, 334, 348, 349, 351, 352, 354, 355, 357, 358, 360, 361, 362, 363, 365, 366, 367, 368, 380, 392, 393, 395, 396, 397, 398, 400, 496, 532, 533, 546, 547, 555, 562, 569, 570, 645], "excluded_lines": [], "start_line": 112}, "": {"executed_lines": [6, 7, 8, 9, 10, 11, 14, 16, 17, 18, 19, 20, 21, 24, 26, 27, 28, 29, 30, 31, 32, 33, 34, 35, 38, 39, 47, 48, 49, 50, 51, 54, 55, 82, 85, 86, 112, 119, 137, 162, 216, 233, 252, 276, 300, 326, 372, 409, 423, 488, 520, 577, 595, 600, 616], "summary": {"covered_lines": 55, "num_statements": 55, "percent_covered": 100.0, "percent_covered_display": "100", "missing_lines": 0, "excluded_lines": 0, "percent_statements_covered": 100.0, "percent_statements_covered_display": "100"}, "missing_lines": [], "excluded_lines": [], "start_line": 1}}}, "src\\acas_pro\\advanced_analytics\\smart_decider.py": {"executed_lines": [5, 6, 7, 8, 9, 10, 13, 15, 16, 17, 18, 19, 20, 21, 22, 23, 24, 27, 29, 30, 31, 32, 35, 37, 38, 39, 40, 41, 42, 45, 46, 73, 74, 75, 76, 79, 80, 83, 84, 116, 123, 124, 125, 126, 129, 132, 134, 136, 223, 238, 241, 242, 245, 246, 249, 250, 253, 254, 257, 258, 261, 262, 265, 266, 269, 272, 278, 280, 282, 284, 286, 287, 288, 291, 292, 293, 296, 297, 325, 328, 359, 361, 363, 365, 366, 367, 370, 371, 373, 374, 402, 405, 406, 408, 409, 437, 439, 441, 443, 445, 446, 447, 450, 452, 457, 463, 464, 492, 494, 496, 498, 500, 501, 502, 505, 506, 507, 510, 511, 539, 542, 543, 571, 573, 575, 577, 579, 580, 581, 584, 586, 587, 615, 617, 619, 621, 623, 624, 625, 628, 630, 631, 659, 661, 663, 665, 667, 668, 669, 672, 674, 675, 677, 678, 684, 712, 714, 716, 718, 719, 721, 723, 724, 725, 726, 727, 728, 730, 732, 733, 734, 735, 736, 737, 739, 746, 747, 748, 749, 750, 751, 752, 753, 754, 756, 758, 759, 760, 761, 762, 763, 764, 766, 772, 777, 778, 784, 786, 788, 795, 801, 802, 804, 805, 806, 808, 809, 811, 812, 815, 816, 818, 825, 827, 846, 848, 849, 851, 853, 854], "summary": {"covered_lines": 220, "num_statements": 230, "percent_covered": 95.65217391304348, "percent_covered_display": "96", "missing_lines": 10, "excluded_lines": 0, "percent_statements_covered": 95.65217391304348, "percent_statements_covered_display": "96"}, "missing_lines": [329, 357, 679, 680, 682, 819, 820, 821, 822, 875], "excluded_lines": [], "functions": {"SmartDecider.__init__": {"executed_lines": [124, 125, 126, 129, 132], "summary": {"covered_lines": 5, "num_statements": 5, "percent_covered": 100.0, "percent_covered_display": "100", "missing_lines": 0, "excluded_lines": 0, "percent_statements_covered": 100.0, "percent_statements_covered_display": "100"}, "missing_lines": [], "excluded_lines": [], "start_line": 123}, "SmartDecider._init_decision_templates": {"executed_lines": [136], "summary": {"covered_lines": 1, "num_statements": 1, "percent_covered": 100.0, "percent_covered_display": "100", "missing_lines": 0, "excluded_lines": 0, "percent_statements_covered": 100.0, "percent_statements_covered_display": "100"}, "missing_lines": [], "excluded_lines": [], "start_line": 134}, "SmartDecider.analyze_and_decide": {"executed_lines": [238, 241, 242, 245, 246, 249, 250, 253, 254, 257, 258, 261, 262, 265, 266, 269, 272, 278, 280], "summary": {"covered_lines": 19, "num_statements": 19, "percent_covered": 100.0, "percent_covered_display": "100", "missing_lines": 0, "excluded_lines": 0, "percent_statements_covered": 100.0, "percent_statements_covered_display": "100"}, "missing_lines": [], "excluded_lines": [], "start_line": 223}, "SmartDecider._analyze_content_metrics": {"executed_lines": [284, 286, 287, 288, 291, 292, 293, 296, 297, 325, 328, 359], "summary": {"covered_lines": 12, "num_statements": 14, "percent_covered": 85.71428571428571, "percent_covered_display": "86", "missing_lines": 2, "excluded_lines": 0, "percent_statements_covered": 85.71428571428571, "percent_statements_covered_display": "86"}, "missing_lines": [329, 357], "excluded_lines": [], "start_line": 282}, "SmartDecider._analyze_bid_metrics": {"executed_lines": [363, 365, 366, 367, 370, 371, 373, 374, 402, 405, 406, 408, 409, 437, 439], "summary": {"covered_lines": 15, "num_statements": 15, "percent_covered": 100.0, "percent_covered_display": "100", "missing_lines": 0, "excluded_lines": 0, "percent_statements_covered": 100.0, "percent_statements_covered_display": "100"}, "missing_lines": [], "excluded_lines": [], "start_line": 361}, "SmartDecider._analyze_budget_metrics": {"executed_lines": [443, 445, 446, 447, 450, 452, 457, 463, 464, 492, 494], "summary": {"covered_lines": 11, "num_statements": 11, "percent_covered": 100.0, "percent_covered_display": "100", "missing_lines": 0, "excluded_lines": 0, "percent_statements_covered": 100.0, "percent_statements_covered_display": "100"}, "missing_lines": [], "excluded_lines": [], "start_line": 441}, "SmartDecider._analyze_inventory_metrics": {"executed_lines": [498, 500, 501, 502, 505, 506, 507, 510, 511, 539, 542, 543, 571, 573], "summary": {"covered_lines": 14, "num_statements": 14, "percent_covered": 100.0, "percent_covered_display": "100", "missing_lines": 0, "excluded_lines": 0, "percent_statements_covered": 100.0, "percent_statements_covered_display": "100"}, "missing_lines": [], "excluded_lines": [], "start_line": 496}, "SmartDecider._analyze_channel_metrics": {"executed_lines": [577, 579, 580, 581, 584, 586, 587, 615, 617], "summary": {"covered_lines": 9, "num_statements": 9, "percent_covered": 100.0, "percent_covered_display": "100", "missing_lines": 0, "excluded_lines": 0, "percent_statements_covered": 100.0, "percent_statements_covered_display": "100"}, "missing_lines": [], "excluded_lines": [], "start_line": 575}, "SmartDecider._analyze_creative_metrics": {"executed_lines": [621, 623, 624, 625, 628, 630, 631, 659, 661], "summary": {"covered_lines": 9, "num_statements": 9, "percent_covered": 100.0, "percent_covered_display": "100", "missing_lines": 0, "excluded_lines": 0, "percent_statements_covered": 100.0, "percent_statements_covered_display": "100"}, "missing_lines": [], "excluded_lines": [], "start_line": 619}, "SmartDecider._analyze_seasonal_metrics": {"executed_lines": [665, 667, 668, 669, 672, 674, 675, 677, 678, 684, 712, 714], "summary": {"covered_lines": 12, "num_statements": 15, "percent_covered": 80.0, "percent_covered_display": "80", "missing_lines": 3, "excluded_lines": 0, "percent_statements_covered": 80.0, "percent_statements_covered_display": "80"}, "missing_lines": [679, 680, 682], "excluded_lines": [], "start_line": 663}, "SmartDecider._generate_decision_id": {"executed_lines": [718, 719], "summary": {"covered_lines": 2, "num_statements": 2, "percent_covered": 100.0, "percent_covered_display": "100", "missing_lines": 0, "excluded_lines": 0, "percent_statements_covered": 100.0, "percent_statements_covered_display": "100"}, "missing_lines": [], "excluded_lines": [], "start_line": 716}, "SmartDecider.approve_decision": {"executed_lines": [723, 724, 725, 726, 727, 728], "summary": {"covered_lines": 6, "num_statements": 6, "percent_covered": 100.0, "percent_covered_display": "100", "missing_lines": 0, "excluded_lines": 0, "percent_statements_covered": 100.0, "percent_statements_covered_display": "100"}, "missing_lines": [], "excluded_lines": [], "start_line": 721}, "SmartDecider.execute_decision": {"executed_lines": [732, 733, 734, 735, 736, 737], "summary": {"covered_lines": 6, "num_statements": 6, "percent_covered": 100.0, "percent_covered_display": "100", "missing_lines": 0, "excluded_lines": 0, "percent_statements_covered": 100.0, "percent_statements_covered_display": "100"}, "missing_lines": [], "excluded_lines": [], "start_line": 730}, "SmartDecider.complete_decision": {"executed_lines": [746, 747, 748, 749, 750, 751, 752, 753, 754], "summary": {"covered_lines": 9, "num_statements": 9, "percent_covered": 100.0, "percent_covered_display": "100", "missing_lines": 0, "excluded_lines": 0, "percent_statements_covered": 100.0, "percent_statements_covered_display": "100"}, "missing_lines": [], "excluded_lines": [], "start_line": 739}, "SmartDecider.skip_decision": {"executed_lines": [758, 759, 760, 761, 762, 763, 764], "summary": {"covered_lines": 7, "num_statements": 7, "percent_covered": 100.0, "percent_covered_display": "100", "missing_lines": 0, "excluded_lines": 0, "percent_statements_covered": 100.0, "percent_statements_covered_display": "100"}, "missing_lines": [], "excluded_lines": [], "start_line": 756}, "SmartDecider.get_pending_decisions": {"executed_lines": [772, 777, 778, 784, 786], "summary": {"covered_lines": 5, "num_statements": 5, "percent_covered": 100.0, "percent_covered_display": "100", "missing_lines": 0, "excluded_lines": 0, "percent_statements_covered": 100.0, "percent_statements_covered_display": "100"}, "missing_lines": [], "excluded_lines": [], "start_line": 766}, "SmartDecider.generate_report": {"executed_lines": [795, 801, 802, 804, 805, 806, 808, 809, 811, 812, 815, 816, 818, 825, 827], "summary": {"covered_lines": 15, "num_statements": 19, "percent_covered": 78.94736842105263, "percent_covered_display": "79", "missing_lines": 4, "excluded_lines": 0, "percent_statements_covered": 78.94736842105263, "percent_statements_covered_display": "79"}, "missing_lines": [819, 820, 821, 822], "excluded_lines": [], "start_line": 788}, "SmartDecider._generate_report_id": {"executed_lines": [848, 849], "summary": {"covered_lines": 2, "num_statements": 2, "percent_covered": 100.0, "percent_covered_display": "100", "missing_lines": 0, "excluded_lines": 0, "percent_statements_covered": 100.0, "percent_statements_covered_display": "100"}, "missing_lines": [], "excluded_lines": [], "start_line": 846}, "SmartDecider.export_decisions": {"executed_lines": [853, 854], "summary": {"covered_lines": 2, "num_statements": 3, "percent_covered": 66.66666666666667, "percent_covered_display": "67", "missing_lines": 1, "excluded_lines": 0, "percent_statements_covered": 66.66666666666667, "percent_statements_covered_display": "67"}, "missing_lines": [875], "excluded_lines": [], "start_line": 851}, "": {"executed_lines": [5, 6, 7, 8, 9, 10, 13, 15, 16, 17, 18, 19, 20, 21, 22, 23, 24, 27, 29, 30, 31, 32, 35, 37, 38, 39, 40, 41, 42, 45, 46, 73, 74, 75, 76, 79, 80, 83, 84, 116, 123, 134, 223, 282, 361, 441, 496, 575, 619, 663, 716, 721, 730, 739, 756, 766, 788, 846, 851], "summary": {"covered_lines": 59, "num_statements": 59, "percent_covered": 100.0, "percent_covered_display": "100", "missing_lines": 0, "excluded_lines": 0, "percent_statements_covered": 100.0, "percent_statements_covered_display": "100"}, "missing_lines": [], "excluded_lines": [], "start_line": 1}}, "classes": {"DecisionType": {"executed_lines": [], "summary": {"covered_lines": 0, "num_statements": 0, "percent_covered": 100.0, "percent_covered_display": "100", "missing_lines": 0, "excluded_lines": 0, "percent_statements_covered": 100.0, "percent_statements_covered_display": "100"}, "missing_lines": [], "excluded_lines": [], "start_line": 13}, "DecisionPriority": {"executed_lines": [], "summary": {"covered_lines": 0, "num_statements": 0, "percent_covered": 100.0, "percent_covered_display": "100", "missing_lines": 0, "excluded_lines": 0, "percent_statements_covered": 100.0, "percent_statements_covered_display": "100"}, "missing_lines": [], "excluded_lines": [], "start_line": 27}, "DecisionStatus": {"executed_lines": [], "summary": {"covered_lines": 0, "num_statements": 0, "percent_covered": 100.0, "percent_covered_display": "100", "missing_lines": 0, "excluded_lines": 0, "percent_statements_covered": 100.0, "percent_statements_covered_display": "100"}, "missing_lines": [], "excluded_lines": [], "start_line": 35}, "Decision": {"executed_lines": [], "summary": {"covered_lines": 0, "num_statements": 0, "percent_covered": 100.0, "percent_covered_display": "100", "missing_lines": 0, "excluded_lines": 0, "percent_statements_covered": 100.0, "percent_statements_covered_display": "100"}, "missing_lines": [], "excluded_lines": [], "start_line": 46}, "DecisionReport": {"executed_lines": [], "summary": {"covered_lines": 0, "num_statements": 0, "percent_covered": 100.0, "percent_covered_display": "100", "missing_lines": 0, "excluded_lines": 0, "percent_statements_covered": 100.0, "percent_statements_covered_display": "100"}, "missing_lines": [], "excluded_lines": [], "start_line": 84}, "SmartDecider": {"executed_lines": [124, 125, 126, 129, 132, 136, 238, 241, 242, 245, 246, 249, 250, 253, 254, 257, 258, 261, 262, 265, 266, 269, 272, 278, 280, 284, 286, 287, 288, 291, 292, 293, 296, 297, 325, 328, 359, 363, 365, 366, 367, 370, 371, 373, 374, 402, 405, 406, 408, 409, 437, 439, 443, 445, 446, 447, 450, 452, 457, 463, 464, 492, 494, 498, 500, 501, 502, 505, 506, 507, 510, 511, 539, 542, 543, 571, 573, 577, 579, 580, 581, 584, 586, 587, 615, 617, 621, 623, 624, 625, 628, 630, 631, 659, 661, 665, 667, 668, 669, 672, 674, 675, 677, 678, 684, 712, 714, 718, 719, 723, 724, 725, 726, 727, 728, 732, 733, 734, 735, 736, 737, 746, 747, 748, 749, 750, 751, 752, 753, 754, 758, 759, 760, 761, 762, 763, 764, 772, 777, 778, 784, 786, 795, 801, 802, 804, 805, 806, 808, 809, 811, 812, 815, 816, 818, 825, 827, 848, 849, 853, 854], "summary": {"covered_lines": 161, "num_statements": 171, "percent_covered": 94.15204678362574, "percent_covered_display": "94", "missing_lines": 10, "excluded_lines": 0, "percent_statements_covered": 94.15204678362574, "percent_statements_covered_display": "94"}, "missing_lines": [329, 357, 679, 680, 682, 819, 820, 821, 822, 875], "excluded_lines": [], "start_line": 116}, "": {"executed_lines": [5, 6, 7, 8, 9, 10, 13, 15, 16, 17, 18, 19, 20, 21, 22, 23, 24, 27, 29, 30, 31, 32, 35, 37, 38, 39, 40, 41, 42, 45, 46, 73, 74, 75, 76, 79, 80, 83, 84, 116, 123, 134, 223, 282, 361, 441, 496, 575, 619, 663, 716, 721, 730, 739, 756, 766, 788, 846, 851], "summary": {"covered_lines": 59, "num_statements": 59, "percent_covered": 100.0, "percent_covered_display": "100", "missing_lines": 0, "excluded_lines": 0, "percent_statements_covered": 100.0, "percent_statements_covered_display": "100"}, "missing_lines": [], "excluded_lines": [], "start_line": 1}}}, "src\\acas_pro\\alert\\__init__.py": {"executed_lines": [2, 4], "summary": {"covered_lines": 2, "num_statements": 2, "percent_covered": 100.0, "percent_covered_display": "100", "missing_lines": 0, "excluded_lines": 0, "percent_statements_covered": 100.0, "percent_statements_covered_display": "100"}, "missing_lines": [], "excluded_lines": [], "functions": {"": {"executed_lines": [2, 4], "summary": {"covered_lines": 2, "num_statements": 2, "percent_covered": 100.0, "percent_covered_display": "100", "missing_lines": 0, "excluded_lines": 0, "percent_statements_covered": 100.0, "percent_statements_covered_display": "100"}, "missing_lines": [], "excluded_lines": [], "start_line": 1}}, "classes": {"": {"executed_lines": [2, 4], "summary": {"covered_lines": 2, "num_statements": 2, "percent_covered": 100.0, "percent_covered_display": "100", "missing_lines": 0, "excluded_lines": 0, "percent_statements_covered": 100.0, "percent_statements_covered_display": "100"}, "missing_lines": [], "excluded_lines": [], "start_line": 1}}}, "src\\acas_pro\\alert\\notifier.py": {"executed_lines": [8, 9, 10, 11, 12, 13, 14, 15, 17, 19, 20, 22, 25, 27, 28, 29, 30, 31, 32, 35, 37, 38, 39, 40, 43, 44, 48, 49, 50, 51, 52, 54, 55, 56, 58, 60, 66, 68, 77, 78, 89, 99, 101, 102, 103, 106, 107, 108, 109, 112, 120, 121, 123, 141, 142, 144, 146, 147, 148, 149, 150, 152, 153, 154, 155, 156, 157, 158, 159, 160, 161, 162, 166, 168, 169, 170, 173, 175, 177, 179, 181, 182, 184, 185, 187, 190, 192, 194, 197, 204, 210, 211, 212, 213, 214, 219, 221, 224, 232, 238, 239, 240, 241, 242, 246, 248, 251, 270, 276, 278, 280, 286, 288, 290, 291, 293, 294, 297, 298, 299, 300, 303, 304, 307, 317, 319, 320, 321, 322, 323, 325, 326, 328, 329, 330, 332, 334, 335, 336, 338, 340, 341, 343, 345, 351, 354, 357, 359, 361, 363, 364, 365, 366, 367, 368, 369, 370, 371, 372, 373, 374, 375, 376, 377, 379, 383, 387, 389, 395, 398, 400, 406], "summary": {"covered_lines": 172, "num_statements": 181, "percent_covered": 95.02762430939227, "percent_covered_display": "95", "missing_lines": 9, "excluded_lines": 4, "percent_statements_covered": 95.02762430939227, "percent_statements_covered_display": "95"}, "missing_lines": [164, 195, 216, 217, 222, 244, 249, 295, 355], "excluded_lines": [409, 411, 418, 419], "functions": {"AlertMessage.__post_init__": {"executed_lines": [55, 56], "summary": {"covered_lines": 2, "num_statements": 2, "percent_covered": 100.0, "percent_covered_display": "100", "missing_lines": 0, "excluded_lines": 0, "percent_statements_covered": 100.0, "percent_statements_covered_display": "100"}, "missing_lines": [], "excluded_lines": [], "start_line": 54}, "AlertMessage.to_markdown": {"executed_lines": [60, 66, 68], "summary": {"covered_lines": 3, "num_statements": 3, "percent_covered": 100.0, "percent_covered_display": "100", "missing_lines": 0, "excluded_lines": 0, "percent_statements_covered": 100.0, "percent_statements_covered_display": "100"}, "missing_lines": [], "excluded_lines": [], "start_line": 58}, "AlertMessage.to_dict": {"executed_lines": [78], "summary": {"covered_lines": 1, "num_statements": 1, "percent_covered": 100.0, "percent_covered_display": "100", "missing_lines": 0, "excluded_lines": 0, "percent_statements_covered": 100.0, "percent_statements_covered_display": "100"}, "missing_lines": [], "excluded_lines": [], "start_line": 77}, "AlertNotifier.__init__": {"executed_lines": [101, 102, 103, 106, 107, 108, 109, 112, 120, 121], "summary": {"covered_lines": 10, "num_statements": 10, "percent_covered": 100.0, "percent_covered_display": "100", "missing_lines": 0, "excluded_lines": 0, "percent_statements_covered": 100.0, "percent_statements_covered_display": "100"}, "missing_lines": [], "excluded_lines": [], "start_line": 99}, "AlertNotifier.send": {"executed_lines": [141, 142, 144, 146, 147, 148, 149, 150, 152, 153, 154, 155, 156, 157, 158, 159, 160, 161, 162, 166, 168, 169, 170, 173, 175], "summary": {"covered_lines": 25, "num_statements": 26, "percent_covered": 96.15384615384616, "percent_covered_display": "96", "missing_lines": 1, "excluded_lines": 0, "percent_statements_covered": 96.15384615384616, "percent_statements_covered_display": "96"}, "missing_lines": [164], "excluded_lines": [], "start_line": 123}, "AlertNotifier._select_channels": {"executed_lines": [179, 181, 182, 184, 185, 187, 190], "summary": {"covered_lines": 7, "num_statements": 7, "percent_covered": 100.0, "percent_covered_display": "100", "missing_lines": 0, "excluded_lines": 0, "percent_statements_covered": 100.0, "percent_statements_covered_display": "100"}, "missing_lines": [], "excluded_lines": [], "start_line": 177}, "AlertNotifier._send_wechat": {"executed_lines": [194, 197, 204, 210, 211, 212, 213, 214], "summary": {"covered_lines": 8, "num_statements": 11, "percent_covered": 72.72727272727273, "percent_covered_display": "73", "missing_lines": 3, "excluded_lines": 0, "percent_statements_covered": 72.72727272727273, "percent_statements_covered_display": "73"}, "missing_lines": [195, 216, 217], "excluded_lines": [], "start_line": 192}, "AlertNotifier._send_dingtalk": {"executed_lines": [221, 224, 232, 238, 239, 240, 241, 242], "summary": {"covered_lines": 8, "num_statements": 10, "percent_covered": 80.0, "percent_covered_display": "80", "missing_lines": 2, "excluded_lines": 0, "percent_statements_covered": 80.0, "percent_statements_covered_display": "80"}, "missing_lines": [222, 244], "excluded_lines": [], "start_line": 219}, "AlertNotifier._send_feishu": {"executed_lines": [248, 251, 270, 276], "summary": {"covered_lines": 4, "num_statements": 5, "percent_covered": 80.0, "percent_covered_display": "80", "missing_lines": 1, "excluded_lines": 0, "percent_statements_covered": 80.0, "percent_statements_covered_display": "80"}, "missing_lines": [249], "excluded_lines": [], "start_line": 246}, "AlertNotifier._get_feishu_color": {"executed_lines": [280, 286], "summary": {"covered_lines": 2, "num_statements": 2, "percent_covered": 100.0, "percent_covered_display": "100", "missing_lines": 0, "excluded_lines": 0, "percent_statements_covered": 100.0, "percent_statements_covered_display": "100"}, "missing_lines": [], "excluded_lines": [], "start_line": 278}, "AlertNotifier._send_email": {"executed_lines": [290, 291, 293, 294, 297, 298, 299, 300, 303, 304, 307, 317, 319, 320, 321, 322, 323, 325, 326, 328, 329, 330], "summary": {"covered_lines": 22, "num_statements": 23, "percent_covered": 95.65217391304348, "percent_covered_display": "96", "missing_lines": 1, "excluded_lines": 0, "percent_statements_covered": 95.65217391304348, "percent_statements_covered_display": "96"}, "missing_lines": [295], "excluded_lines": [], "start_line": 288}, "AlertNotifier._send_webhook": {"executed_lines": [334, 335, 336, 338, 340, 341], "summary": {"covered_lines": 6, "num_statements": 6, "percent_covered": 100.0, "percent_covered_display": "100", "missing_lines": 0, "excluded_lines": 0, "percent_statements_covered": 100.0, "percent_statements_covered_display": "100"}, "missing_lines": [], "excluded_lines": [], "start_line": 332}, "AlertNotifier._record_alert": {"executed_lines": [345, 351, 354], "summary": {"covered_lines": 3, "num_statements": 4, "percent_covered": 75.0, "percent_covered_display": "75", "missing_lines": 1, "excluded_lines": 0, "percent_statements_covered": 75.0, "percent_statements_covered_display": "75"}, "missing_lines": [355], "excluded_lines": [], "start_line": 343}, "AlertNotifier.get_history": {"executed_lines": [359], "summary": {"covered_lines": 1, "num_statements": 1, "percent_covered": 100.0, "percent_covered_display": "100", "missing_lines": 0, "excluded_lines": 0, "percent_statements_covered": 100.0, "percent_statements_covered_display": "100"}, "missing_lines": [], "excluded_lines": [], "start_line": 357}, "AlertNotifier.configure_channel": {"executed_lines": [363, 364, 365, 366, 367, 368, 369, 370, 371, 372, 373, 374, 375, 376, 377, 379], "summary": {"covered_lines": 16, "num_statements": 16, "percent_covered": 100.0, "percent_covered_display": "100", "missing_lines": 0, "excluded_lines": 0, "percent_statements_covered": 100.0, "percent_statements_covered_display": "100"}, "missing_lines": [], "excluded_lines": [], "start_line": 361}, "send_critical_alert": {"executed_lines": [389, 395], "summary": {"covered_lines": 2, "num_statements": 2, "percent_covered": 100.0, "percent_covered_display": "100", "missing_lines": 0, "excluded_lines": 0, "percent_statements_covered": 100.0, "percent_statements_covered_display": "100"}, "missing_lines": [], "excluded_lines": [], "start_line": 387}, "send_urgent_alert": {"executed_lines": [400, 406], "summary": {"covered_lines": 2, "num_statements": 2, "percent_covered": 100.0, "percent_covered_display": "100", "missing_lines": 0, "excluded_lines": 0, "percent_statements_covered": 100.0, "percent_statements_covered_display": "100"}, "missing_lin
[...]
covered": 100.0, "percent_statements_covered_display": "100"}, "missing_lines": [], "excluded_lines": [], "start_line": 1}}}, "src\\acas_pro\\web\\middleware.py": {"executed_lines": [5, 6, 7, 8, 9, 11, 14, 17, 18, 21, 22, 31, 32, 59, 62, 63, 66, 67, 74, 75, 82, 83, 90, 91, 98, 99, 106, 107, 116, 139], "summary": {"covered_lines": 30, "num_statements": 64, "percent_covered": 46.875, "percent_covered_display": "47", "missing_lines": 34, "excluded_lines": 0, "percent_statements_covered": 46.875, "percent_statements_covered_display": "47"}, "missing_lines": [24, 25, 28, 29, 34, 37, 38, 49, 50, 51, 52, 54, 56, 68, 76, 84, 92, 100, 108, 109, 118, 119, 120, 121, 122, 124, 125, 127, 128, 133, 134, 135, 136, 141], "excluded_lines": [], "functions": {"RequestContext.init_app": {"executed_lines": [21, 22, 31, 32], "summary": {"covered_lines": 4, "num_statements": 4, "percent_covered": 100.0, "percent_covered_display": "100", "missing_lines": 0, "excluded_lines": 0, "percent_statements_covered": 100.0, "percent_statements_covered_display": "100"}, "missing_lines": [], "excluded_lines": [], "start_line": 18}, "RequestContext.init_app.before_request": {"executed_lines": [], "summary": {"covered_lines": 0, "num_statements": 4, "percent_covered": 0.0, "percent_covered_display": "0", "missing_lines": 4, "excluded_lines": 0, "percent_statements_covered": 0.0, "percent_statements_covered_display": "0"}, "missing_lines": [24, 25, 28, 29], "excluded_lines": [], "start_line": 22}, "RequestContext.init_app.after_request": {"executed_lines": [], "summary": {"covered_lines": 0, "num_statements": 9, "percent_covered": 0.0, "percent_covered_display": "0", "missing_lines": 9, "excluded_lines": 0, "percent_statements_covered": 0.0, "percent_statements_covered_display": "0"}, "missing_lines": [34, 37, 38, 49, 50, 51, 52, 54, 56], "excluded_lines": [], "start_line": 32}, "ErrorHandler.init_app": {"executed_lines": [66, 67, 74, 75, 82, 83, 90, 91, 98, 99, 106, 107], "summary": {"covered_lines": 12, "num_statements": 12, "percent_covered": 100.0, "percent_covered_display": "100", "missing_lines": 0, "excluded_lines": 0, "percent_statements_covered": 100.0, "percent_statements_covered_display": "100"}, "missing_lines": [], "excluded_lines": [], "start_line": 63}, "ErrorHandler.init_app.bad_request": {"executed_lines": [], "summary": {"covered_lines": 0, "num_statements": 1, "percent_covered": 0.0, "percent_covered_display": "0", "missing_lines": 1, "excluded_lines": 0, "percent_statements_covered": 0.0, "percent_statements_covered_display": "0"}, "missing_lines": [68], "excluded_lines": [], "start_line": 67}, "ErrorHandler.init_app.unauthorized": {"executed_lines": [], "summary": {"covered_lines": 0, "num_statements": 1, "percent_covered": 0.0, "percent_covered_display": "0", "missing_lines": 1, "excluded_lines": 0, "percent_statements_covered": 0.0, "percent_statements_covered_display": "0"}, "missing_lines": [76], "excluded_lines": [], "start_line": 75}, "ErrorHandler.init_app.forbidden": {"executed_lines": [], "summary": {"covered_lines": 0, "num_statements": 1, "percent_covered": 0.0, "percent_covered_display": "0", "missing_lines": 1, "excluded_lines": 0, "percent_statements_covered": 0.0, "percent_statements_covered_display": "0"}, "missing_lines": [84], "excluded_lines": [], "start_line": 83}, "ErrorHandler.init_app.not_found": {"executed_lines": [], "summary": {"covered_lines": 0, "num_statements": 1, "percent_covered": 0.0, "percent_covered_display": "0", "missing_lines": 1, "excluded_lines": 0, "percent_statements_covered": 0.0, "percent_statements_covered_display": "0"}, "missing_lines": [92], "excluded_lines": [], "start_line": 91}, "ErrorHandler.init_app.rate_limit_exceeded": {"executed_lines": [], "summary": {"covered_lines": 0, "num_statements": 1, "percent_covered": 0.0, "percent_covered_display": "0", "missing_lines": 1, "excluded_lines": 0, "percent_statements_covered": 0.0, "percent_statements_covered_display": "0"}, "missing_lines": [100], "excluded_lines": [], "start_line": 99}, "ErrorHandler.init_app.internal_error": {"executed_lines": [], "summary": {"covered_lines": 0, "num_statements": 2, "percent_covered": 0.0, "percent_covered_display": "0", "missing_lines": 2, "excluded_lines": 0, "percent_statements_covered": 0.0, "percent_statements_covered_display": "0"}, "missing_lines": [108, 109], "excluded_lines": [], "start_line": 107}, "validate_json": {"executed_lines": [], "summary": {"covered_lines": 0, "num_statements": 3, "percent_covered": 0.0, "percent_covered_display": "0", "missing_lines": 3, "excluded_lines": 0, "percent_statements_covered": 0.0, "percent_statements_covered_display": "0"}, "missing_lines": [118, 119, 136], "excluded_lines": [], "start_line": 116}, "validate_json.decorator": {"executed_lines": [], "summary": {"covered_lines": 0, "num_statements": 2, "percent_covered": 0.0, "percent_covered_display": "0", "missing_lines": 2, "excluded_lines": 0, "percent_statements_covered": 0.0, "percent_statements_covered_display": "0"}, "missing_lines": [120, 135], "excluded_lines": [], "start_line": 118}, "validate_json.decorator.decorated_function": {"executed_lines": [], "summary": {"covered_lines": 0, "num_statements": 8, "percent_covered": 0.0, "percent_covered_display": "0", "missing_lines": 8, "excluded_lines": 0, "percent_statements_covered": 0.0, "percent_statements_covered_display": "0"}, "missing_lines": [121, 122, 124, 125, 127, 128, 133, 134], "excluded_lines": [], "start_line": 120}, "require_fields": {"executed_lines": [], "summary": {"covered_lines": 0, "num_statements": 1, "percent_covered": 0.0, "percent_covered_display": "0", "missing_lines": 1, "excluded_lines": 0, "percent_statements_covered": 0.0, "percent_statements_covered_display": "0"}, "missing_lines": [141], "excluded_lines": [], "start_line": 139}, "": {"executed_lines": [5, 6, 7, 8, 9, 11, 14, 17, 18, 59, 62, 63, 116, 139], "summary": {"covered_lines": 14, "num_statements": 14, "percent_covered": 100.0, "percent_covered_display": "100", "missing_lines": 0, "excluded_lines": 0, "percent_statements_covered": 100.0, "percent_statements_covered_display": "100"}, "missing_lines": [], "excluded_lines": [], "start_line": 1}}, "classes": {"RequestContext": {"executed_lines": [21, 22, 31, 32], "summary": {"covered_lines": 4, "num_statements": 17, "percent_covered": 23.529411764705884, "percent_covered_display": "24", "missing_lines": 13, "excluded_lines": 0, "percent_statements_covered": 23.529411764705884, "percent_statements_covered_display": "24"}, "missing_lines": [24, 25, 28, 29, 34, 37, 38, 49, 50, 51, 52, 54, 56], "excluded_lines": [], "start_line": 14}, "ErrorHandler": {"executed_lines": [66, 67, 74, 75, 82, 83, 90, 91, 98, 99, 106, 107], "summary": {"covered_lines": 12, "num_statements": 19, "percent_covered": 63.1578947368421, "percent_covered_display": "63", "missing_lines": 7, "excluded_lines": 0, "percent_statements_covered": 63.1578947368421, "percent_statements_covered_display": "63"}, "missing_lines": [68, 76, 84, 92, 100, 108, 109], "excluded_lines": [], "start_line": 59}, "": {"executed_lines": [5, 6, 7, 8, 9, 11, 14, 17, 18, 59, 62, 63, 116, 139], "summary": {"covered_lines": 14, "num_statements": 28, "percent_covered": 50.0, "percent_covered_display": "50", "missing_lines": 14, "excluded_lines": 0, "percent_statements_covered": 50.0, "percent_statements_covered_display": "50"}, "missing_lines": [118, 119, 120, 121, 122, 124, 125, 127, 128, 133, 134, 135, 136, 141], "excluded_lines": [], "start_line": 1}}}, "src\\acas_pro\\web\\routes\\__init__.py": {"executed_lines": [], "summary": {"covered_lines": 0, "num_statements": 0, "percent_covered": 100.0, "percent_covered_display": "100", "missing_lines": 0, "excluded_lines": 0, "percent_statements_covered": 100.0, "percent_statements_covered_display": "100"}, "missing_lines": [], "excluded_lines": [], "functions": {"": {"executed_lines": [], "summary": {"covered_lines": 0, "num_statements": 0, "percent_covered": 100.0, "percent_covered_display": "100", "missing_lines": 0, "excluded_lines": 0, "percent_statements_covered": 100.0, "percent_statements_covered_display": "100"}, "missing_lines": [], "excluded_lines": [], "start_line": 1}}, "classes": {"": {"executed_lines": [], "summary": {"covered_lines": 0, "num_statements": 0, "percent_covered": 100.0, "percent_covered_display": "100", "missing_lines": 0, "excluded_lines": 0, "percent_statements_covered": 100.0, "percent_statements_covered_display": "100"}, "missing_lines": [], "excluded_lines": [], "start_line": 1}}}, "src\\acas_pro\\web\\routes\\auth.py": {"executed_lines": [2, 3, 5, 6, 7, 8, 10, 11, 14, 16, 19, 25, 27, 28, 29, 31, 32, 33, 36, 37, 38, 41, 42, 44, 45, 46, 47, 49, 50, 53, 54, 58, 59, 61, 63, 64, 65, 67, 68, 75, 76, 78, 79, 80, 82, 83, 86, 87, 89, 91, 92, 93, 95, 96, 103, 104], "summary": {"covered_lines": 56, "num_statements": 65, "percent_covered": 86.15384615384616, "percent_covered_display": "86", "missing_lines": 9, "excluded_lines": 0, "percent_statements_covered": 86.15384615384616, "percent_statements_covered_display": "86"}, "missing_lines": [34, 35, 55, 60, 88, 106, 107, 108, 109], "excluded_lines": [], "functions": {"generate_token": {"executed_lines": [16], "summary": {"covered_lines": 1, "num_statements": 1, "percent_covered": 100.0, "percent_covered_display": "100", "missing_lines": 0, "excluded_lines": 0, "percent_statements_covered": 100.0, "percent_statements_covered_display": "100"}, "missing_lines": [], "excluded_lines": [], "start_line": 14}, "verify_token": {"executed_lines": [25, 27, 28, 29, 31, 32, 33, 36, 37, 38], "summary": {"covered_lines": 10, "num_statements": 12, "percent_covered": 83.33333333333333, "percent_covered_display": "83", "missing_lines": 2, "excluded_lines": 0, "percent_statements_covered": 83.33333333333333, "percent_statements_covered_display": "83"}, "missing_lines": [34, 35], "excluded_lines": [], "start_line": 19}, "auth_register": {"executed_lines": [44, 45, 46, 47, 49, 50, 53, 54, 58, 59, 61, 63, 64, 65, 67, 68], "summary": {"covered_lines": 16, "num_statements": 18, "percent_covered": 88.88888888888889, "percent_covered_display": "89", "missing_lines": 2, "excluded_lines": 0, "percent_statements_covered": 88.88888888888889, "percent_statements_covered_display": "89"}, "missing_lines": [55, 60], "excluded_lines": [], "start_line": 42}, "auth_login": {"executed_lines": [78, 79, 80, 82, 83, 86, 87, 89, 91, 92, 93, 95, 96], "summary": {"covered_lines": 13, "num_statements": 14, "percent_covered": 92.85714285714286, "percent_covered_display": "93", "missing_lines": 1, "excluded_lines": 0, "percent_statements_covered": 92.85714285714286, "percent_statements_covered_display": "93"}, "missing_lines": [88], "excluded_lines": [], "start_line": 76}, "auth_me": {"executed_lines": [], "summary": {"covered_lines": 0, "num_statements": 4, "percent_covered": 0.0, "percent_covered_display": "0", "missing_lines": 4, "excluded_lines": 0, "percent_statements_covered": 0.0, "percent_statements_covered_display": "0"}, "missing_lines": [106, 107, 108, 109], "excluded_lines": [], "start_line": 104}, "": {"executed_lines": [2, 3, 5, 6, 7, 8, 10, 11, 14, 19, 41, 42, 75, 76, 103, 104], "summary": {"covered_lines": 16, "num_statements": 16, "percent_covered": 100.0, "percent_covered_display": "100", "missing_lines": 0, "excluded_lines": 0, "percent_statements_covered": 100.0, "percent_statements_covered_display": "100"}, "missing_lines": [], "excluded_lines": [], "start_line": 1}}, "classes": {"": {"executed_lines": [2, 3, 5, 6, 7, 8, 10, 11, 14, 16, 19, 25, 27, 28, 29, 31, 32, 33, 36, 37, 38, 41, 42, 44, 45, 46, 47, 49, 50, 53, 54, 58, 59, 61, 63, 64, 65, 67, 68, 75, 76, 78, 79, 80, 82, 83, 86, 87, 89, 91, 92, 93, 95, 96, 103, 104], "summary": {"covered_lines": 56, "num_statements": 65, "percent_covered": 86.15384615384616, "percent_covered_display": "86", "missing_lines": 9, "excluded_lines": 0, "percent_statements_covered": 86.15384615384616, "percent_statements_covered_display": "86"}, "missing_lines": [34, 35, 55, 60, 88, 106, 107, 108, 109], "excluded_lines": [], "start_line": 1}}}, "src\\acas_pro\\web\\routes\\auth_v2.py": {"executed_lines": [2, 3, 5, 6, 9, 10, 16, 17, 23, 24], "summary": {"covered_lines": 10, "num_statements": 18, "percent_covered": 55.55555555555556, "percent_covered_display": "56", "missing_lines": 8, "excluded_lines": 0, "percent_statements_covered": 55.55555555555556, "percent_statements_covered_display": "56"}, "missing_lines": [12, 13, 19, 20, 26, 27, 28, 29], "excluded_lines": [], "functions": {"register": {"executed_lines": [], "summary": {"covered_lines": 0, "num_statements": 2, "percent_covered": 0.0, "percent_covered_display": "0", "missing_lines": 2, "excluded_lines": 0, "percent_statements_covered": 0.0, "percent_statements_covered_display": "0"}, "missing_lines": [12, 13], "excluded_lines": [], "start_line": 10}, "login": {"executed_lines": [], "summary": {"covered_lines": 0, "num_statements": 2, "percent_covered": 0.0, "percent_covered_display": "0", "missing_lines": 2, "excluded_lines": 0, "percent_statements_covered": 0.0, "percent_statements_covered_display": "0"}, "missing_lines": [19, 20], "excluded_lines": [], "start_line": 17}, "get_current_user": {"executed_lines": [], "summary": {"covered_lines": 0, "num_statements": 4, "percent_covered": 0.0, "percent_covered_display": "0", "missing_lines": 4, "excluded_lines": 0, "percent_statements_covered": 0.0, "percent_statements_covered_display": "0"}, "missing_lines": [26, 27, 28, 29], "excluded_lines": [], "start_line": 24}, "": {"executed_lines": [2, 3, 5, 6, 9, 10, 16, 17, 23, 24], "summary": {"covered_lines": 10, "num_statements": 10, "percent_covered": 100.0, "percent_covered_display": "100", "missing_lines": 0, "excluded_lines": 0, "percent_statements_covered": 100.0, "percent_statements_covered_display": "100"}, "missing_lines": [], "excluded_lines": [], "start_line": 1}}, "classes": {"": {"executed_lines": [2, 3, 5, 6, 9, 10, 16, 17, 23, 24], "summary": {"covered_lines": 10, "num_statements": 18, "percent_covered": 55.55555555555556, "percent_covered_display": "56", "missing_lines": 8, "excluded_lines": 0, "percent_statements_covered": 55.55555555555556, "percent_statements_covered_display": "56"}, "missing_lines": [12, 13, 19, 20, 26, 27, 28, 29], "excluded_lines": [], "start_line": 1}}}, "src\\acas_pro\\web\\routes\\dashboard.py": {"executed_lines": [2, 3, 4, 5, 7, 8, 12, 174, 175, 177, 180, 181, 183, 185, 187, 195, 196, 197, 198, 202, 207, 208, 209, 212, 213, 215, 216, 217, 218, 219, 230, 231, 232, 234, 235, 236, 237, 238, 239], "summary": {"covered_lines": 39, "num_statements": 44, "percent_covered": 88.63636363636364, "percent_covered_display": "89", "missing_lines": 5, "excluded_lines": 0, "percent_statements_covered": 88.63636363636364, "percent_statements_covered_display": "89"}, "missing_lines": [199, 200, 223, 224, 225], "excluded_lines": [], "functions": {"index": {"executed_lines": [177], "summary": {"covered_lines": 1, "num_statements": 1, "percent_covered": 100.0, "percent_covered_display": "100", "missing_lines": 0, "excluded_lines": 0, "percent_statements_covered": 100.0, "percent_statements_covered_display": "100"}, "missing_lines": [], "excluded_lines": [], "start_line": 175}, "dashboard_stats": {"executed_lines": [183, 185, 187, 195, 196, 197, 198, 202, 207, 208, 209], "summary": {"covered_lines": 11, "num_statements": 13, "percent_covered": 84.61538461538461, "percent_covered_display": "85", "missing_lines": 2, "excluded_lines": 0, "percent_statements_covered": 84.61538461538461, "percent_statements_covered_display": "85"}, "missing_lines": [199, 200], "excluded_lines": [], "start_line": 181}, "recent_activity": {"executed_lines": [215, 216, 217, 218, 219, 230, 231, 232, 234, 235, 236, 237, 238, 239], "summary": {"covered_lines": 14, "num_statements": 17, "percent_covered": 82.3529411764706, "percent_covered_display": "82", "missing_lines": 3, "excluded_lines": 0, "percent_statements_covered": 82.3529411764706, "percent_statements_covered_display": "82"}, "missing_lines": [223, 224, 225], "excluded_lines": [], "start_line": 213}, "": {"executed_lines": [2, 3, 4, 5, 7, 8, 12, 174, 175, 180, 181, 212, 213], "summary": {"covered_lines": 13, "num_statements": 13, "percent_covered": 100.0, "percent_covered_display": "100", "missing_lines": 0, "excluded_lines": 0, "percent_statements_covered": 100.0, "percent_statements_covered_display": "100"}, "missing_lines": [], "excluded_lines": [], "start_line": 1}}, "classes": {"": {"executed_lines": [2, 3, 4, 5, 7, 8, 12, 174, 175, 177, 180, 181, 183, 185, 187, 195, 196, 197, 198, 202, 207, 208, 209, 212, 213, 215, 216, 217, 218, 219, 230, 231, 232, 234, 235, 236, 237, 238, 239], "summary": {"covered_lines": 39, "num_statements": 44, "percent_covered": 88.63636363636364, "percent_covered_display": "89", "missing_lines": 5, "excluded_lines": 0, "percent_statements_covered": 88.63636363636364, "percent_statements_covered_display": "89"}, "missing_lines": [199, 200, 223, 224, 225], "excluded_lines": [], "start_line": 1}}}, "src\\acas_pro\\web\\routes\\llm.py": {"executed_lines": [2, 3, 4, 5, 7, 8, 10, 21, 39, 40, 42, 43, 69, 70, 72], "summary": {"covered_lines": 15, "num_statements": 50, "percent_covered": 30.0, "percent_covered_display": "30", "missing_lines": 35, "excluded_lines": 0, "percent_statements_covered": 30.0, "percent_statements_covered_display": "30"}, "missing_lines": [23, 24, 25, 27, 28, 36, 44, 45, 46, 47, 48, 49, 52, 53, 54, 55, 56, 57, 58, 59, 62, 63, 64, 66, 73, 75, 76, 78, 79, 80, 81, 82, 88, 89, 90], "excluded_lines": [], "functions": {"create_llm_client": {"executed_lines": [], "summary": {"covered_lines": 0, "num_statements": 6, "percent_covered": 0.0, "percent_covered_display": "0", "missing_lines": 6, "excluded_lines": 0, "percent_statements_covered": 0.0, "percent_statements_covered_display": "0"}, "missing_lines": [23, 24, 25, 27, 28, 36], "excluded_lines": [], "start_line": 21}, "save_llm_config": {"executed_lines": [42, 43], "summary": {"covered_lines": 2, "num_statements": 20, "percent_covered": 10.0, "percent_covered_display": "10", "missing_lines": 18, "excluded_lines": 0, "percent_statements_covered": 10.0, "percent_statements_covered_display": "10"}, "missing_lines": [44, 45, 46, 47, 48, 49, 52, 53, 54, 55, 56, 57, 58, 59, 62, 63, 64, 66], "excluded_lines": [], "start_line": 40}, "llm_chat": {"executed_lines": [72], "summary": {"covered_lines": 1, "num_statements": 12, "percent_covered": 8.333333333333334, "percent_covered_display": "8", "missing_lines": 11, "excluded_lines": 0, "percent_statements_covered": 8.333333333333334, "percent_statements_covered_display": "8"}, "missing_lines": [73, 75, 76, 78, 79, 80, 81, 82, 88, 89, 90], "excluded_lines": [], "start_line": 70}, "": {"executed_lines": [2, 3, 4, 5, 7, 8, 10, 21, 39, 40, 69, 70], "summary": {"covered_lines": 12, "num_statements": 12, "percent_covered": 100.0, "percent_covered_display": "100", "missing_lines": 0, "excluded_lines": 0, "percent_statements_covered": 100.0, "percent_statements_covered_display": "100"}, "missing_lines": [], "excluded_lines": [], "start_line": 1}}, "classes": {"": {"executed_lines": [2, 3, 4, 5, 7, 8, 10, 21, 39, 40, 42, 43, 69, 70, 72], "summary": {"covered_lines": 15, "num_statements": 50, "percent_covered": 30.0, "percent_covered_display": "30", "missing_lines": 35, "excluded_lines": 0, "percent_statements_covered": 30.0, "percent_statements_covered_display": "30"}, "missing_lines": [23, 24, 25, 27, 28, 36, 44, 45, 46, 47, 48, 49, 52, 53, 54, 55, 56, 57, 58, 59, 62, 63, 64, 66, 73, 75, 76, 78, 79, 80, 81, 82, 88, 89, 90], "excluded_lines": [], "start_line": 1}}}}, "totals": {"covered_lines": 8819, "num_statements": 14462, "percent_covered": 60.98050062232056, "percent_covered_display": "61", "missing_lines": 5643, "excluded_lines": 59, "percent_statements_covered": 60.98050062232056, "percent_statements_covered_display": "61"}}